[2025-04-10 09:54:33,124 INFO HX52xDioHandler.py :82 -> __init_port()] Port: COM16 - USB Serial Device (COM16)
Port Location: 1-8:x.0
Hardware ID: USB VID:PID=353F:A105 SER=5&2E8856C4&0&8 LOCATION=1-8:x.0
Device: COM16

[2025-04-10 09:54:33,148 INFO HX52xDioHandler.py :48 -> __init__()] [32mDIO Interface Found[0m
[2025-04-10 09:54:33,169 INFO HX52xDioHandler.py :371 -> get_di()] Constructed Command b'\x01\xc5\x01 \x00'
[2025-04-10 09:54:33,185 INFO HX52xDioHandler.py :378 -> get_di()] Recieved Command List [b'\x01', b'h', b'\x02', b' ', b'\x00', b'\x01', b'\x07']
[2025-04-10 09:54:33,198 DEBUG HX52xDioHandler.py :48 -> main()] recieved command bytestr b'\x01h\x02 \x00\x01\x07'
[2025-04-10 09:54:33,198 DEBUG HX52xDioHandler.py :275 -> __validate_recieved_frame()] CALCULATED 104 : EXISTING 104
[2025-04-10 09:54:33,299 INFO HX52xDioHandler.py :371 -> get_di()] Constructed Command b'\x01\xc2\x01 \x01'
[2025-04-10 09:54:33,308 INFO HX52xDioHandler.py :378 -> get_di()] Recieved Command List [b'\x01', b'}', b'\x02', b' ', b'\x01', b'\x01', b'\x07']
[2025-04-10 09:54:33,318 DEBUG HX52xDioHandler.py :48 -> main()] recieved command bytestr b'\x01}\x02 \x01\x01\x07'
[2025-04-10 09:54:33,318 DEBUG HX52xDioHandler.py :275 -> __validate_recieved_frame()] CALCULATED 125 : EXISTING 125
[2025-04-10 09:54:33,419 INFO HX52xDioHandler.py :371 -> get_di()] Constructed Command b'\x01\xcb\x01 \x02'
[2025-04-10 09:54:33,428 INFO HX52xDioHandler.py :378 -> get_di()] Recieved Command List [b'\x01', b'B', b'\x02', b' ', b'\x02', b'\x01', b'\x07']
[2025-04-10 09:54:33,437 DEBUG HX52xDioHandler.py :48 -> main()] recieved command bytestr b'\x01B\x02 \x02\x01\x07'
[2025-04-10 09:54:33,437 DEBUG HX52xDioHandler.py :275 -> __validate_recieved_frame()] CALCULATED 66 : EXISTING 66
[2025-04-10 09:54:33,539 INFO HX52xDioHandler.py :371 -> get_di()] Constructed Command b'\x01\xcc\x01 \x03'
[2025-04-10 09:54:33,549 INFO HX52xDioHandler.py :378 -> get_di()] Recieved Command List [b'\x01', b'W', b'\x02', b' ', b'\x03', b'\x01', b'\x07']
[2025-04-10 09:54:33,558 DEBUG HX52xDioHandler.py :48 -> main()] recieved command bytestr b'\x01W\x02 \x03\x01\x07'
[2025-04-10 09:54:33,558 DEBUG HX52xDioHandler.py :275 -> __validate_recieved_frame()] CALCULATED 87 : EXISTING 87
[2025-04-10 09:54:33,659 INFO HX52xDioHandler.py :371 -> get_di()] Constructed Command b'\x01\xd9\x01 \x04'
[2025-04-10 09:54:33,669 INFO HX52xDioHandler.py :378 -> get_di()] Recieved Command List [b'\x01', b'<', b'\x02', b' ', b'\x04', b'\x01', b'\x07']
[2025-04-10 09:54:33,679 DEBUG HX52xDioHandler.py :48 -> main()] recieved command bytestr b'\x01<\x02 \x04\x01\x07'
[2025-04-10 09:54:33,679 DEBUG HX52xDioHandler.py :275 -> __validate_recieved_frame()] CALCULATED 60 : EXISTING 60
[2025-04-10 09:54:33,781 INFO HX52xDioHandler.py :371 -> get_di()] Constructed Command b'\x01\xde\x01 \x05'
[2025-04-10 09:54:33,781 INFO HX52xDioHandler.py :378 -> get_di()] Recieved Command List [b'\x01', b')', b'\x02', b' ', b'\x05', b'\x01', b'\x07']
[2025-04-10 09:54:33,801 DEBUG HX52xDioHandler.py :48 -> main()] recieved command bytestr b'\x01)\x02 \x05\x01\x07'
[2025-04-10 09:54:33,802 DEBUG HX52xDioHandler.py :275 -> __validate_recieved_frame()] CALCULATED 41 : EXISTING 41
[2025-04-10 09:54:33,903 INFO HX52xDioHandler.py :371 -> get_di()] Constructed Command b'\x01\xd7\x01 \x06'
[2025-04-10 09:54:33,915 INFO HX52xDioHandler.py :378 -> get_di()] Recieved Command List [b'\x01', b'\x16', b'\x02', b' ', b'\x06', b'\x01', b'\x07']
[2025-04-10 09:54:33,924 DEBUG HX52xDioHandler.py :48 -> main()] recieved command bytestr b'\x01\x16\x02 \x06\x01\x07'
[2025-04-10 09:54:33,925 DEBUG HX52xDioHandler.py :275 -> __validate_recieved_frame()] CALCULATED 22 : EXISTING 22
[2025-04-10 09:54:34,027 INFO HX52xDioHandler.py :371 -> get_di()] Constructed Command b'\x01\xd0\x01 \x07'
[2025-04-10 09:54:34,028 INFO HX52xDioHandler.py :378 -> get_di()] Recieved Command List [b'\x01', b'\x03', b'\x02', b' ', b'\x07', b'\x01', b'\x07']
[2025-04-10 09:54:34,048 DEBUG HX52xDioHandler.py :48 -> main()] recieved command bytestr b'\x01\x03\x02 \x07\x01\x07'
[2025-04-10 09:54:34,048 DEBUG HX52xDioHandler.py :275 -> __validate_recieved_frame()] CALCULATED 3 : EXISTING 3
[2025-04-10 09:54:34,149 INFO HX52xDioHandler.py :399 -> get_do()] Constructed Command b'\x01\xef\x01"\x00'
[2025-04-10 09:54:34,159 INFO HX52xDioHandler.py :406 -> get_do()] Recieved Command List [b'\x01', b'\xb9', b'\x02', b'"', b'\x00', b'\x00', b'\x07']
[2025-04-10 09:54:34,170 DEBUG HX52xDioHandler.py :56 -> main()] recieved command bytestr b'\x01\xb9\x02"\x00\x00\x07'
[2025-04-10 09:54:34,170 DEBUG HX52xDioHandler.py :275 -> __validate_recieved_frame()] CALCULATED 185 : EXISTING 185
[2025-04-10 09:54:34,181 INFO HX52xDioHandler.py :399 -> get_do()] Constructed Command b'\x01\xe8\x01"\x01'
[2025-04-10 09:54:34,187 INFO HX52xDioHandler.py :406 -> get_do()] Recieved Command List [b'\x01', b'\xac', b'\x02', b'"', b'\x01', b'\x00', b'\x07']
[2025-04-10 09:54:34,199 DEBUG HX52xDioHandler.py :56 -> main()] recieved command bytestr b'\x01\xac\x02"\x01\x00\x07'
[2025-04-10 09:54:34,199 DEBUG HX52xDioHandler.py :275 -> __validate_recieved_frame()] CALCULATED 172 : EXISTING 172
[2025-04-10 09:54:34,210 INFO HX52xDioHandler.py :399 -> get_do()] Constructed Command b'\x01\xe1\x01"\x02'
[2025-04-10 09:54:34,217 INFO HX52xDioHandler.py :406 -> get_do()] Recieved Command List [b'\x01', b'\x93', b'\x02', b'"', b'\x02', b'\x00', b'\x07']
[2025-04-10 09:54:34,229 DEBUG HX52xDioHandler.py :56 -> main()] recieved command bytestr b'\x01\x93\x02"\x02\x00\x07'
[2025-04-10 09:54:34,229 DEBUG HX52xDioHandler.py :275 -> __validate_recieved_frame()] CALCULATED 147 : EXISTING 147
[2025-04-10 09:54:34,240 INFO HX52xDioHandler.py :399 -> get_do()] Constructed Command b'\x01\xe6\x01"\x03'
[2025-04-10 09:54:34,248 INFO HX52xDioHandler.py :406 -> get_do()] Recieved Command List [b'\x01', b'\x86', b'\x02', b'"', b'\x03', b'\x00', b'\x07']
[2025-04-10 09:54:34,259 DEBUG HX52xDioHandler.py :56 -> main()] recieved command bytestr b'\x01\x86\x02"\x03\x00\x07'
[2025-04-10 09:54:34,259 DEBUG HX52xDioHandler.py :275 -> __validate_recieved_frame()] CALCULATED 134 : EXISTING 134
[2025-04-10 09:54:34,270 INFO HX52xDioHandler.py :399 -> get_do()] Constructed Command b'\x01\xf3\x01"\x04'
[2025-04-10 09:54:34,276 INFO HX52xDioHandler.py :406 -> get_do()] Recieved Command List [b'\x01', b'\xed', b'\x02', b'"', b'\x04', b'\x00', b'\x07']
[2025-04-10 09:54:34,288 DEBUG HX52xDioHandler.py :56 -> main()] recieved command bytestr b'\x01\xed\x02"\x04\x00\x07'
[2025-04-10 09:54:34,288 DEBUG HX52xDioHandler.py :275 -> __validate_recieved_frame()] CALCULATED 237 : EXISTING 237
[2025-04-10 09:54:34,299 INFO HX52xDioHandler.py :399 -> get_do()] Constructed Command b'\x01\xf4\x01"\x05'
[2025-04-10 09:54:34,304 INFO HX52xDioHandler.py :406 -> get_do()] Recieved Command List [b'\x01', b'\xf8', b'\x02', b'"', b'\x05', b'\x00', b'\x07']
[2025-04-10 09:54:34,316 DEBUG HX52xDioHandler.py :56 -> main()] recieved command bytestr b'\x01\xf8\x02"\x05\x00\x07'
[2025-04-10 09:54:34,316 DEBUG HX52xDioHandler.py :275 -> __validate_recieved_frame()] CALCULATED 248 : EXISTING 248
[2025-04-10 09:54:34,326 INFO HX52xDioHandler.py :399 -> get_do()] Constructed Command b'\x01\xfd\x01"\x06'
[2025-04-10 09:54:34,332 INFO HX52xDioHandler.py :406 -> get_do()] Recieved Command List [b'\x01', b'\xc7', b'\x02', b'"', b'\x06', b'\x00', b'\x07']
[2025-04-10 09:54:34,343 DEBUG HX52xDioHandler.py :56 -> main()] recieved command bytestr b'\x01\xc7\x02"\x06\x00\x07'
[2025-04-10 09:54:34,343 DEBUG HX52xDioHandler.py :275 -> __validate_recieved_frame()] CALCULATED 199 : EXISTING 199
[2025-04-10 09:54:34,354 INFO HX52xDioHandler.py :399 -> get_do()] Constructed Command b'\x01\xfa\x01"\x07'
[2025-04-10 09:54:34,363 INFO HX52xDioHandler.py :406 -> get_do()] Recieved Command List [b'\x01', b'\xd2', b'\x02', b'"', b'\x07', b'\x00', b'\x07']
[2025-04-10 09:54:34,373 DEBUG HX52xDioHandler.py :56 -> main()] recieved command bytestr b'\x01\xd2\x02"\x07\x00\x07'
[2025-04-10 09:54:34,373 DEBUG HX52xDioHandler.py :275 -> __validate_recieved_frame()] CALCULATED 210 : EXISTING 210
[2025-04-10 09:54:34,384 INFO HX52xDioHandler.py :428 -> set_do()] Constructed Command b'\x01\x03\x02!\x00\x01'
[2025-04-10 09:54:34,387 INFO HX52xDioHandler.py :436 -> set_do()] Recieved Command List [b'\x01', b'\x04', b'\x02', b'!', b'\x00', b'\x00', b'\x07']
[2025-04-10 09:54:34,398 DEBUG HX52xDioHandler.py :65 -> main()] recieved command bytestr b'\x01\x04\x02!\x00\x00\x07'
[2025-04-10 09:54:34,398 DEBUG HX52xDioHandler.py :275 -> __validate_recieved_frame()] CALCULATED 4 : EXISTING 4
[2025-04-10 09:54:34,500 INFO HX52xDioHandler.py :428 -> set_do()] Constructed Command b'\x01\x16\x02!\x01\x01'
[2025-04-10 09:54:34,508 INFO HX52xDioHandler.py :436 -> set_do()] Recieved Command List [b'\x01', b'\x11', b'\x02', b'!', b'\x01', b'\x00', b'\x07']
[2025-04-10 09:54:34,512 DEBUG HX52xDioHandler.py :65 -> main()] recieved command bytestr b'\x01\x11\x02!\x01\x00\x07'
[2025-04-10 09:54:34,512 DEBUG HX52xDioHandler.py :275 -> __validate_recieved_frame()] CALCULATED 17 : EXISTING 17
[2025-04-10 09:54:34,614 INFO HX52xDioHandler.py :428 -> set_do()] Constructed Command b'\x01)\x02!\x02\x01'
[2025-04-10 09:54:34,614 INFO HX52xDioHandler.py :436 -> set_do()] Recieved Command List [b'\x01', b'.', b'\x02', b'!', b'\x02', b'\x00', b'\x07']
[2025-04-10 09:54:34,630 DEBUG HX52xDioHandler.py :65 -> main()] recieved command bytestr b'\x01.\x02!\x02\x00\x07'
[2025-04-10 09:54:34,630 DEBUG HX52xDioHandler.py :275 -> __validate_recieved_frame()] CALCULATED 46 : EXISTING 46
[2025-04-10 09:54:34,732 INFO HX52xDioHandler.py :428 -> set_do()] Constructed Command b'\x01<\x02!\x03\x01'
[2025-04-10 09:54:34,741 INFO HX52xDioHandler.py :436 -> set_do()] Recieved Command List [b'\x01', b';', b'\x02', b'!', b'\x03', b'\x00', b'\x07']
[2025-04-10 09:54:34,748 DEBUG HX52xDioHandler.py :65 -> main()] recieved command bytestr b'\x01;\x02!\x03\x00\x07'
[2025-04-10 09:54:34,748 DEBUG HX52xDioHandler.py :275 -> __validate_recieved_frame()] CALCULATED 59 : EXISTING 59
[2025-04-10 09:54:34,853 INFO HX52xDioHandler.py :428 -> set_do()] Constructed Command b'\x01W\x02!\x04\x01'
[2025-04-10 09:54:34,853 INFO HX52xDioHandler.py :436 -> set_do()] Recieved Command List [b'\x01', b'P', b'\x02', b'!', b'\x04', b'\x00', b'\x07']
[2025-04-10 09:54:34,867 DEBUG HX52xDioHandler.py :65 -> main()] recieved command bytestr b'\x01P\x02!\x04\x00\x07'
[2025-04-10 09:54:34,867 DEBUG HX52xDioHandler.py :275 -> __validate_recieved_frame()] CALCULATED 80 : EXISTING 80
[2025-04-10 09:54:34,969 INFO HX52xDioHandler.py :428 -> set_do()] Constructed Command b'\x01B\x02!\x05\x01'
[2025-04-10 09:54:34,977 INFO HX52xDioHandler.py :436 -> set_do()] Recieved Command List [b'\x01', b'E', b'\x02', b'!', b'\x05', b'\x00', b'\x07']
[2025-04-10 09:54:34,983 DEBUG HX52xDioHandler.py :65 -> main()] recieved command bytestr b'\x01E\x02!\x05\x00\x07'
[2025-04-10 09:54:34,983 DEBUG HX52xDioHandler.py :275 -> __validate_recieved_frame()] CALCULATED 69 : EXISTING 69
[2025-04-10 09:54:35,084 INFO HX52xDioHandler.py :428 -> set_do()] Constructed Command b'\x01}\x02!\x06\x01'
[2025-04-10 09:54:35,093 INFO HX52xDioHandler.py :436 -> set_do()] Recieved Command List [b'\x01', b'z', b'\x02', b'!', b'\x06', b'\x00', b'\x07']
[2025-04-10 09:54:35,100 DEBUG HX52xDioHandler.py :65 -> main()] recieved command bytestr b'\x01z\x02!\x06\x00\x07'
[2025-04-10 09:54:35,100 DEBUG HX52xDioHandler.py :275 -> __validate_recieved_frame()] CALCULATED 122 : EXISTING 122
[2025-04-10 09:54:35,201 INFO HX52xDioHandler.py :428 -> set_do()] Constructed Command b'\x01h\x02!\x07\x01'
[2025-04-10 09:54:35,210 INFO HX52xDioHandler.py :436 -> set_do()] Recieved Command List [b'\x01', b'o', b'\x02', b'!', b'\x07', b'\x00', b'\x07']
[2025-04-10 09:54:35,215 DEBUG HX52xDioHandler.py :65 -> main()] recieved command bytestr b'\x01o\x02!\x07\x00\x07'
[2025-04-10 09:54:35,215 DEBUG HX52xDioHandler.py :275 -> __validate_recieved_frame()] CALCULATED 111 : EXISTING 111
[2025-04-10 09:54:35,317 INFO HX52xDioHandler.py :428 -> set_do()] Constructed Command b'\x01\x04\x02!\x00\x00'
[2025-04-10 09:54:35,317 INFO HX52xDioHandler.py :436 -> set_do()] Recieved Command List [b'\x01', b'\x04', b'\x02', b'!', b'\x00', b'\x00', b'\x07']
[2025-04-10 09:54:35,332 DEBUG HX52xDioHandler.py :70 -> main()] recieved command bytestr b'\x01\x04\x02!\x00\x00\x07'
[2025-04-10 09:54:35,333 DEBUG HX52xDioHandler.py :275 -> __validate_recieved_frame()] CALCULATED 4 : EXISTING 4
[2025-04-10 09:54:35,433 INFO HX52xDioHandler.py :428 -> set_do()] Constructed Command b'\x01\x11\x02!\x01\x00'
[2025-04-10 09:54:35,434 INFO HX52xDioHandler.py :436 -> set_do()] Recieved Command List [b'\x01', b'\x11', b'\x02', b'!', b'\x01', b'\x00', b'\x07']
[2025-04-10 09:54:35,451 DEBUG HX52xDioHandler.py :70 -> main()] recieved command bytestr b'\x01\x11\x02!\x01\x00\x07'
[2025-04-10 09:54:35,451 DEBUG HX52xDioHandler.py :275 -> __validate_recieved_frame()] CALCULATED 17 : EXISTING 17
[2025-04-10 09:54:35,553 INFO HX52xDioHandler.py :428 -> set_do()] Constructed Command b'\x01.\x02!\x02\x00'
[2025-04-10 09:54:35,563 INFO HX52xDioHandler.py :436 -> set_do()] Recieved Command List [b'\x01', b'.', b'\x02', b'!', b'\x02', b'\x00', b'\x07']
[2025-04-10 09:54:35,568 DEBUG HX52xDioHandler.py :70 -> main()] recieved command bytestr b'\x01.\x02!\x02\x00\x07'
[2025-04-10 09:54:35,568 DEBUG HX52xDioHandler.py :275 -> __validate_recieved_frame()] CALCULATED 46 : EXISTING 46
[2025-04-10 09:54:35,669 INFO HX52xDioHandler.py :428 -> set_do()] Constructed Command b'\x01;\x02!\x03\x00'
[2025-04-10 09:54:35,678 INFO HX52xDioHandler.py :436 -> set_do()] Recieved Command List [b'\x01', b';', b'\x02', b'!', b'\x03', b'\x00', b'\x07']
[2025-04-10 09:54:35,684 DEBUG HX52xDioHandler.py :70 -> main()] recieved command bytestr b'\x01;\x02!\x03\x00\x07'
[2025-04-10 09:54:35,684 DEBUG HX52xDioHandler.py :275 -> __validate_recieved_frame()] CALCULATED 59 : EXISTING 59
[2025-04-10 09:54:35,785 INFO HX52xDioHandler.py :428 -> set_do()] Constructed Command b'\x01P\x02!\x04\x00'
[2025-04-10 09:54:35,794 INFO HX52xDioHandler.py :436 -> set_do()] Recieved Command List [b'\x01', b'P', b'\x02', b'!', b'\x04', b'\x00', b'\x07']
[2025-04-10 09:54:35,799 DEBUG HX52xDioHandler.py :70 -> main()] recieved command bytestr b'\x01P\x02!\x04\x00\x07'
[2025-04-10 09:54:35,799 DEBUG HX52xDioHandler.py :275 -> __validate_recieved_frame()] CALCULATED 80 : EXISTING 80
[2025-04-10 09:54:35,901 INFO HX52xDioHandler.py :428 -> set_do()] Constructed Command b'\x01E\x02!\x05\x00'
[2025-04-10 09:54:35,910 INFO HX52xDioHandler.py :436 -> set_do()] Recieved Command List [b'\x01', b'E', b'\x02', b'!', b'\x05', b'\x00', b'\x07']
[2025-04-10 09:54:35,920 DEBUG HX52xDioHandler.py :70 -> main()] recieved command bytestr b'\x01E\x02!\x05\x00\x07'
[2025-04-10 09:54:35,920 DEBUG HX52xDioHandler.py :275 -> __validate_recieved_frame()] CALCULATED 69 : EXISTING 69
[2025-04-10 09:54:36,021 INFO HX52xDioHandler.py :428 -> set_do()] Constructed Command b'\x01z\x02!\x06\x00'
[2025-04-10 09:54:36,033 INFO HX52xDioHandler.py :436 -> set_do()] Recieved Command List [b'\x01', b'z', b'\x02', b'!', b'\x06', b'\x00', b'\x07']
[2025-04-10 09:54:36,037 DEBUG HX52xDioHandler.py :70 -> main()] recieved command bytestr b'\x01z\x02!\x06\x00\x07'
[2025-04-10 09:54:36,037 DEBUG HX52xDioHandler.py :275 -> __validate_recieved_frame()] CALCULATED 122 : EXISTING 122
[2025-04-10 09:54:36,139 INFO HX52xDioHandler.py :428 -> set_do()] Constructed Command b'\x01o\x02!\x07\x00'
[2025-04-10 09:54:36,149 INFO HX52xDioHandler.py :436 -> set_do()] Recieved Command List [b'\x01', b'o', b'\x02', b'!', b'\x07', b'\x00', b'\x07']
[2025-04-10 09:54:36,151 DEBUG HX52xDioHandler.py :70 -> main()] recieved command bytestr b'\x01o\x02!\x07\x00\x07'
[2025-04-10 09:54:36,151 DEBUG HX52xDioHandler.py :275 -> __validate_recieved_frame()] CALCULATED 111 : EXISTING 111
[2025-04-10 09:54:36,255 INFO HX52xDioHandler.py :453 -> get_di_contact()] Constructed Command b'\x01\xb7\x00P'
[2025-04-10 09:54:36,265 INFO HX52xDioHandler.py :459 -> get_di_contact()] Recieved Command List [b'\x01', b'`', b'\x01', b'P', b'\x01', b'\x07']
[2025-04-10 09:54:36,274 DEBUG HX52xDioHandler.py :78 -> main()] recieved command bytestr b'\x01`\x01P\x01\x07'
[2025-04-10 09:54:36,274 DEBUG HX52xDioHandler.py :275 -> __validate_recieved_frame()] CALCULATED 96 : EXISTING 96
[2025-04-10 09:54:36,275 INFO HX52xDioHandler.py :477 -> get_do_contact()] Constructed Command b'\x01\xb0\x00Q'
[2025-04-10 09:54:36,285 INFO HX52xDioHandler.py :484 -> get_do_contact()] Recieved Command List [b'\x01', b'u', b'\x01', b'Q', b'\x01', b'\x07']
[2025-04-10 09:54:36,293 DEBUG HX52xDioHandler.py :84 -> main()] recieved command bytestr b'\x01u\x01Q\x01\x07'
[2025-04-10 09:54:36,293 DEBUG HX52xDioHandler.py :275 -> __validate_recieved_frame()] CALCULATED 117 : EXISTING 117
[2025-04-10 09:54:36,293 INFO HX52xDioHandler.py :504 -> set_di_contact()] Constructed Command b'\x01M\x01R\x00'
[2025-04-10 09:54:36,300 INFO HX52xDioHandler.py :512 -> set_di_contact()] Recieved Command List [b'\x01', b'M', b'\x01', b'R', b'\x00', b'\x07']
[2025-04-10 09:54:36,311 DEBUG HX52xDioHandler.py :91 -> main()] recieved command bytestr b'\x01M\x01R\x00\x07'
[2025-04-10 09:54:36,311 DEBUG HX52xDioHandler.py :275 -> __validate_recieved_frame()] CALCULATED 77 : EXISTING 77
[2025-04-10 09:54:36,311 INFO HX52xDioHandler.py :504 -> set_di_contact()] Constructed Command b'\x01J\x01R\x01'
[2025-04-10 09:54:36,318 INFO HX52xDioHandler.py :512 -> set_di_contact()] Recieved Command List [b'\x01', b'M', b'\x01', b'R', b'\x00', b'\x07']
[2025-04-10 09:54:36,328 DEBUG HX52xDioHandler.py :99 -> main()] recieved command bytestr b'\x01M\x01R\x00\x07'
[2025-04-10 09:54:36,328 DEBUG HX52xDioHandler.py :275 -> __validate_recieved_frame()] CALCULATED 77 : EXISTING 77
[2025-04-10 09:54:36,328 INFO HX52xDioHandler.py :532 -> set_do_contact()] Constructed Command b'\x01X\x01S\x00'
[2025-04-10 09:54:36,337 INFO HX52xDioHandler.py :539 -> set_do_contact()] Recieved Command List [b'\x01', b'X', b'\x01', b'S', b'\x00', b'\x07']
[2025-04-10 09:54:36,347 DEBUG HX52xDioHandler.py :107 -> main()] recieved command bytestr b'\x01X\x01S\x00\x07'
[2025-04-10 09:54:36,347 DEBUG HX52xDioHandler.py :275 -> __validate_recieved_frame()] CALCULATED 88 : EXISTING 88
[2025-04-10 09:54:36,350 INFO HX52xDioHandler.py :532 -> set_do_contact()] Constructed Command b'\x01_\x01S\x01'
[2025-04-10 09:54:36,356 INFO HX52xDioHandler.py :539 -> set_do_contact()] Recieved Command List [b'\x01', b'X', b'\x01', b'S', b'\x00', b'\x07']
[2025-04-10 09:54:36,367 DEBUG HX52xDioHandler.py :115 -> main()] recieved command bytestr b'\x01X\x01S\x00\x07'
[2025-04-10 09:54:36,367 DEBUG HX52xDioHandler.py :275 -> __validate_recieved_frame()] CALCULATED 88 : EXISTING 88
