[2025-04-09 20:00:11,462 INFO HX52xDioHandler.py :82 -> __init_port()] Port: COM16 - USB Serial Device (COM16)
Port Location: 1-8:x.0
Hardware ID: USB VID:PID=353F:A105 SER=5&2E8856C4&0&8 LOCATION=1-8:x.0
Device: COM16

[2025-04-09 20:00:11,486 INFO HX52xDioHandler.py :48 -> __init__()] [32mDIO Interface Found[0m
[2025-04-09 20:00:11,507 INFO HX52xDioHandler.py :371 -> get_di()] Constructed Command b'\x01\xc5\x01 \x00'
[2025-04-09 20:00:11,522 INFO HX52xDioHandler.py :378 -> get_di()] Recieved Command List [b'\x01', b'h', b'\x02', b' ', b'\x00', b'\x01', b'\x07']
[2025-04-09 20:00:11,534 DEBUG HX52xDioHandler.py :48 -> main()] recieved command bytestr b'\x01h\x02 \x00\x01\x07'
[2025-04-09 20:00:11,534 DEBUG HX52xDioHandler.py :275 -> __validate_recieved_frame()] CALCULATED 104 : EXISTING 104
[2025-04-09 20:00:11,634 INFO HX52xDioHandler.py :371 -> get_di()] Constructed Command b'\x01\xc2\x01 \x01'
[2025-04-09 20:00:11,637 INFO HX52xDioHandler.py :378 -> get_di()] Recieved Command List [b'\x01', b'}', b'\x02', b' ', b'\x01', b'\x01', b'\x07']
[2025-04-09 20:00:11,652 DEBUG HX52xDioHandler.py :48 -> main()] recieved command bytestr b'\x01}\x02 \x01\x01\x07'
[2025-04-09 20:00:11,652 DEBUG HX52xDioHandler.py :275 -> __validate_recieved_frame()] CALCULATED 125 : EXISTING 125
[2025-04-09 20:00:11,753 INFO HX52xDioHandler.py :371 -> get_di()] Constructed Command b'\x01\xcb\x01 \x02'
[2025-04-09 20:00:11,754 INFO HX52xDioHandler.py :378 -> get_di()] Recieved Command List [b'\x01', b'B', b'\x02', b' ', b'\x02', b'\x01', b'\x07']
[2025-04-09 20:00:11,771 DEBUG HX52xDioHandler.py :48 -> main()] recieved command bytestr b'\x01B\x02 \x02\x01\x07'
[2025-04-09 20:00:11,771 DEBUG HX52xDioHandler.py :275 -> __validate_recieved_frame()] CALCULATED 66 : EXISTING 66
[2025-04-09 20:00:11,871 INFO HX52xDioHandler.py :371 -> get_di()] Constructed Command b'\x01\xcc\x01 \x03'
[2025-04-09 20:00:11,871 INFO HX52xDioHandler.py :378 -> get_di()] Recieved Command List [b'\x01', b'W', b'\x02', b' ', b'\x03', b'\x01', b'\x07']
[2025-04-09 20:00:11,890 DEBUG HX52xDioHandler.py :48 -> main()] recieved command bytestr b'\x01W\x02 \x03\x01\x07'
[2025-04-09 20:00:11,890 DEBUG HX52xDioHandler.py :275 -> __validate_recieved_frame()] CALCULATED 87 : EXISTING 87
[2025-04-09 20:00:11,991 INFO HX52xDioHandler.py :371 -> get_di()] Constructed Command b'\x01\xd9\x01 \x04'
[2025-04-09 20:00:12,000 INFO HX52xDioHandler.py :378 -> get_di()] Recieved Command List [b'\x01', b'<', b'\x02', b' ', b'\x04', b'\x01', b'\x07']
[2025-04-09 20:00:12,010 DEBUG HX52xDioHandler.py :48 -> main()] recieved command bytestr b'\x01<\x02 \x04\x01\x07'
[2025-04-09 20:00:12,010 DEBUG HX52xDioHandler.py :275 -> __validate_recieved_frame()] CALCULATED 60 : EXISTING 60
[2025-04-09 20:00:12,111 INFO HX52xDioHandler.py :371 -> get_di()] Constructed Command b'\x01\xde\x01 \x05'
[2025-04-09 20:00:12,120 INFO HX52xDioHandler.py :378 -> get_di()] Recieved Command List [b'\x01', b')', b'\x02', b' ', b'\x05', b'\x01', b'\x07']
[2025-04-09 20:00:12,129 DEBUG HX52xDioHandler.py :48 -> main()] recieved command bytestr b'\x01)\x02 \x05\x01\x07'
[2025-04-09 20:00:12,129 DEBUG HX52xDioHandler.py :275 -> __validate_recieved_frame()] CALCULATED 41 : EXISTING 41
[2025-04-09 20:00:12,230 INFO HX52xDioHandler.py :371 -> get_di()] Constructed Command b'\x01\xd7\x01 \x06'
[2025-04-09 20:00:12,247 INFO HX52xDioHandler.py :378 -> get_di()] Recieved Command List [b'\x01', b'\x16', b'\x02', b' ', b'\x06', b'\x01', b'\x07']
[2025-04-09 20:00:12,259 DEBUG HX52xDioHandler.py :48 -> main()] recieved command bytestr b'\x01\x16\x02 \x06\x01\x07'
[2025-04-09 20:00:12,259 DEBUG HX52xDioHandler.py :275 -> __validate_recieved_frame()] CALCULATED 22 : EXISTING 22
[2025-04-09 20:00:12,359 INFO HX52xDioHandler.py :399 -> get_do()] Constructed Command b'\x01\xef\x01"\x00'
[2025-04-09 20:00:12,370 INFO HX52xDioHandler.py :406 -> get_do()] Recieved Command List [b'\x01', b'\xb9', b'\x02', b'"', b'\x00', b'\x00', b'\x07']
[2025-04-09 20:00:12,379 DEBUG HX52xDioHandler.py :56 -> main()] recieved command bytestr b'\x01\xb9\x02"\x00\x00\x07'
[2025-04-09 20:00:12,379 DEBUG HX52xDioHandler.py :275 -> __validate_recieved_frame()] CALCULATED 185 : EXISTING 185
[2025-04-09 20:00:12,480 INFO HX52xDioHandler.py :399 -> get_do()] Constructed Command b'\x01\xe8\x01"\x01'
[2025-04-09 20:00:12,484 INFO HX52xDioHandler.py :406 -> get_do()] Recieved Command List [b'\x01', b'\xac', b'\x02', b'"', b'\x01', b'\x00', b'\x07']
[2025-04-09 20:00:12,501 DEBUG HX52xDioHandler.py :56 -> main()] recieved command bytestr b'\x01\xac\x02"\x01\x00\x07'
[2025-04-09 20:00:12,501 DEBUG HX52xDioHandler.py :275 -> __validate_recieved_frame()] CALCULATED 172 : EXISTING 172
[2025-04-09 20:00:12,602 INFO HX52xDioHandler.py :399 -> get_do()] Constructed Command b'\x01\xe1\x01"\x02'
[2025-04-09 20:00:12,611 INFO HX52xDioHandler.py :406 -> get_do()] Recieved Command List [b'\x01', b'\x93', b'\x02', b'"', b'\x02', b'\x00', b'\x07']
[2025-04-09 20:00:12,621 DEBUG HX52xDioHandler.py :56 -> main()] recieved command bytestr b'\x01\x93\x02"\x02\x00\x07'
[2025-04-09 20:00:12,621 DEBUG HX52xDioHandler.py :275 -> __validate_recieved_frame()] CALCULATED 147 : EXISTING 147
[2025-04-09 20:00:12,721 INFO HX52xDioHandler.py :399 -> get_do()] Constructed Command b'\x01\xe6\x01"\x03'
[2025-04-09 20:00:12,731 INFO HX52xDioHandler.py :406 -> get_do()] Recieved Command List [b'\x01', b'\x86', b'\x02', b'"', b'\x03', b'\x00', b'\x07']
[2025-04-09 20:00:12,741 DEBUG HX52xDioHandler.py :56 -> main()] recieved command bytestr b'\x01\x86\x02"\x03\x00\x07'
[2025-04-09 20:00:12,741 DEBUG HX52xDioHandler.py :275 -> __validate_recieved_frame()] CALCULATED 134 : EXISTING 134
[2025-04-09 20:00:12,842 INFO HX52xDioHandler.py :399 -> get_do()] Constructed Command b'\x01\xf3\x01"\x04'
[2025-04-09 20:00:12,853 INFO HX52xDioHandler.py :406 -> get_do()] Recieved Command List [b'\x01', b'\xed', b'\x02', b'"', b'\x04', b'\x00', b'\x07']
[2025-04-09 20:00:12,863 DEBUG HX52xDioHandler.py :56 -> main()] recieved command bytestr b'\x01\xed\x02"\x04\x00\x07'
[2025-04-09 20:00:12,864 DEBUG HX52xDioHandler.py :275 -> __validate_recieved_frame()] CALCULATED 237 : EXISTING 237
[2025-04-09 20:00:12,966 INFO HX52xDioHandler.py :399 -> get_do()] Constructed Command b'\x01\xf4\x01"\x05'
[2025-04-09 20:00:12,967 INFO HX52xDioHandler.py :406 -> get_do()] Recieved Command List [b'\x01', b'\xf8', b'\x02', b'"', b'\x05', b'\x00', b'\x07']
[2025-04-09 20:00:12,987 DEBUG HX52xDioHandler.py :56 -> main()] recieved command bytestr b'\x01\xf8\x02"\x05\x00\x07'
[2025-04-09 20:00:12,987 DEBUG HX52xDioHandler.py :275 -> __validate_recieved_frame()] CALCULATED 248 : EXISTING 248
[2025-04-09 20:00:13,087 INFO HX52xDioHandler.py :399 -> get_do()] Constructed Command b'\x01\xfd\x01"\x06'
[2025-04-09 20:00:13,097 INFO HX52xDioHandler.py :406 -> get_do()] Recieved Command List [b'\x01', b'\xc7', b'\x02', b'"', b'\x06', b'\x00', b'\x07']
[2025-04-09 20:00:13,107 DEBUG HX52xDioHandler.py :56 -> main()] recieved command bytestr b'\x01\xc7\x02"\x06\x00\x07'
[2025-04-09 20:00:13,107 DEBUG HX52xDioHandler.py :275 -> __validate_recieved_frame()] CALCULATED 199 : EXISTING 199
[2025-04-09 20:00:13,209 INFO HX52xDioHandler.py :428 -> set_do()] Constructed Command b'\x01\xbe\x02"\x00\x01'
[2025-04-09 20:00:13,221 INFO HX52xDioHandler.py :436 -> set_do()] Recieved Command List [b'\x01', b'\xb9', b'\x02', b'"', b'\x00', b'\x00', b'\x07']
[2025-04-09 20:00:13,223 DEBUG HX52xDioHandler.py :65 -> main()] recieved command bytestr b'\x01\xb9\x02"\x00\x00\x07'
[2025-04-09 20:00:13,223 DEBUG HX52xDioHandler.py :275 -> __validate_recieved_frame()] CALCULATED 185 : EXISTING 185
[2025-04-09 20:00:13,327 INFO HX52xDioHandler.py :428 -> set_do()] Constructed Command b'\x01\xab\x02"\x01\x01'
[2025-04-09 20:00:13,341 INFO HX52xDioHandler.py :436 -> set_do()] Recieved Command List [b'\x01', b'\xac', b'\x02', b'"', b'\x01', b'\x00', b'\x07']
[2025-04-09 20:00:13,341 DEBUG HX52xDioHandler.py :65 -> main()] recieved command bytestr b'\x01\xac\x02"\x01\x00\x07'
[2025-04-09 20:00:13,341 DEBUG HX52xDioHandler.py :275 -> __validate_recieved_frame()] CALCULATED 172 : EXISTING 172
[2025-04-09 20:00:13,448 INFO HX52xDioHandler.py :428 -> set_do()] Constructed Command b'\x01\x94\x02"\x02\x01'
[2025-04-09 20:00:13,451 INFO HX52xDioHandler.py :436 -> set_do()] Recieved Command List [b'\x01', b'\x93', b'\x02', b'"', b'\x02', b'\x00', b'\x07']
[2025-04-09 20:00:13,465 DEBUG HX52xDioHandler.py :65 -> main()] recieved command bytestr b'\x01\x93\x02"\x02\x00\x07'
[2025-04-09 20:00:13,465 DEBUG HX52xDioHandler.py :275 -> __validate_recieved_frame()] CALCULATED 147 : EXISTING 147
[2025-04-09 20:00:13,565 INFO HX52xDioHandler.py :428 -> set_do()] Constructed Command b'\x01\x81\x02"\x03\x01'
[2025-04-09 20:00:13,569 INFO HX52xDioHandler.py :436 -> set_do()] Recieved Command List [b'\x01', b'\x86', b'\x02', b'"', b'\x03', b'\x00', b'\x07']
[2025-04-09 20:00:13,580 DEBUG HX52xDioHandler.py :65 -> main()] recieved command bytestr b'\x01\x86\x02"\x03\x00\x07'
[2025-04-09 20:00:13,581 DEBUG HX52xDioHandler.py :275 -> __validate_recieved_frame()] CALCULATED 134 : EXISTING 134
[2025-04-09 20:00:13,682 INFO HX52xDioHandler.py :428 -> set_do()] Constructed Command b'\x01\xea\x02"\x04\x01'
[2025-04-09 20:00:13,686 INFO HX52xDioHandler.py :436 -> set_do()] Recieved Command List [b'\x01', b'\xed', b'\x02', b'"', b'\x04', b'\x00', b'\x07']
[2025-04-09 20:00:13,698 DEBUG HX52xDioHandler.py :65 -> main()] recieved command bytestr b'\x01\xed\x02"\x04\x00\x07'
[2025-04-09 20:00:13,698 DEBUG HX52xDioHandler.py :275 -> __validate_recieved_frame()] CALCULATED 237 : EXISTING 237
[2025-04-09 20:00:13,799 INFO HX52xDioHandler.py :428 -> set_do()] Constructed Command b'\x01\xff\x02"\x05\x01'
[2025-04-09 20:00:13,802 INFO HX52xDioHandler.py :436 -> set_do()] Recieved Command List [b'\x01', b'\xf8', b'\x02', b'"', b'\x05', b'\x00', b'\x07']
[2025-04-09 20:00:13,814 DEBUG HX52xDioHandler.py :65 -> main()] recieved command bytestr b'\x01\xf8\x02"\x05\x00\x07'
[2025-04-09 20:00:13,814 DEBUG HX52xDioHandler.py :275 -> __validate_recieved_frame()] CALCULATED 248 : EXISTING 248
[2025-04-09 20:00:13,915 INFO HX52xDioHandler.py :428 -> set_do()] Constructed Command b'\x01\xc0\x02"\x06\x01'
[2025-04-09 20:00:13,924 INFO HX52xDioHandler.py :436 -> set_do()] Recieved Command List [b'\x01', b'\xc7', b'\x02', b'"', b'\x06', b'\x00', b'\x07']
[2025-04-09 20:00:13,928 DEBUG HX52xDioHandler.py :65 -> main()] recieved command bytestr b'\x01\xc7\x02"\x06\x00\x07'
[2025-04-09 20:00:13,928 DEBUG HX52xDioHandler.py :275 -> __validate_recieved_frame()] CALCULATED 199 : EXISTING 199
[2025-04-09 20:00:14,030 INFO HX52xDioHandler.py :428 -> set_do()] Constructed Command b'\x01\xb9\x02"\x00\x00'
[2025-04-09 20:00:14,036 INFO HX52xDioHandler.py :436 -> set_do()] Recieved Command List [b'\x01', b'\xb9', b'\x02', b'"', b'\x00', b'\x00', b'\x07']
[2025-04-09 20:00:14,044 DEBUG HX52xDioHandler.py :70 -> main()] recieved command bytestr b'\x01\xb9\x02"\x00\x00\x07'
[2025-04-09 20:00:14,045 DEBUG HX52xDioHandler.py :275 -> __validate_recieved_frame()] CALCULATED 185 : EXISTING 185
[2025-04-09 20:00:14,145 INFO HX52xDioHandler.py :428 -> set_do()] Constructed Command b'\x01\xac\x02"\x01\x00'
[2025-04-09 20:00:14,154 INFO HX52xDioHandler.py :436 -> set_do()] Recieved Command List [b'\x01', b'\xac', b'\x02', b'"', b'\x01', b'\x00', b'\x07']
[2025-04-09 20:00:14,160 DEBUG HX52xDioHandler.py :70 -> main()] recieved command bytestr b'\x01\xac\x02"\x01\x00\x07'
[2025-04-09 20:00:14,160 DEBUG HX52xDioHandler.py :275 -> __validate_recieved_frame()] CALCULATED 172 : EXISTING 172
[2025-04-09 20:00:14,261 INFO HX52xDioHandler.py :428 -> set_do()] Constructed Command b'\x01\x93\x02"\x02\x00'
[2025-04-09 20:00:14,272 INFO HX52xDioHandler.py :436 -> set_do()] Recieved Command List [b'\x01', b'\x93', b'\x02', b'"', b'\x02', b'\x00', b'\x07']
[2025-04-09 20:00:14,274 DEBUG HX52xDioHandler.py :70 -> main()] recieved command bytestr b'\x01\x93\x02"\x02\x00\x07'
[2025-04-09 20:00:14,278 DEBUG HX52xDioHandler.py :275 -> __validate_recieved_frame()] CALCULATED 147 : EXISTING 147
[2025-04-09 20:00:14,379 INFO HX52xDioHandler.py :428 -> set_do()] Constructed Command b'\x01\x86\x02"\x03\x00'
[2025-04-09 20:00:14,390 INFO HX52xDioHandler.py :436 -> set_do()] Recieved Command List [b'\x01', b'\x86', b'\x02', b'"', b'\x03', b'\x00', b'\x07']
[2025-04-09 20:00:14,393 DEBUG HX52xDioHandler.py :70 -> main()] recieved command bytestr b'\x01\x86\x02"\x03\x00\x07'
[2025-04-09 20:00:14,393 DEBUG HX52xDioHandler.py :275 -> __validate_recieved_frame()] CALCULATED 134 : EXISTING 134
[2025-04-09 20:00:14,496 INFO HX52xDioHandler.py :428 -> set_do()] Constructed Command b'\x01\xed\x02"\x04\x00'
[2025-04-09 20:00:14,506 INFO HX52xDioHandler.py :436 -> set_do()] Recieved Command List [b'\x01', b'\xed', b'\x02', b'"', b'\x04', b'\x00', b'\x07']
[2025-04-09 20:00:14,509 DEBUG HX52xDioHandler.py :70 -> main()] recieved command bytestr b'\x01\xed\x02"\x04\x00\x07'
[2025-04-09 20:00:14,509 DEBUG HX52xDioHandler.py :275 -> __validate_recieved_frame()] CALCULATED 237 : EXISTING 237
[2025-04-09 20:00:14,612 INFO HX52xDioHandler.py :428 -> set_do()] Constructed Command b'\x01\xf8\x02"\x05\x00'
[2025-04-09 20:00:14,621 INFO HX52xDioHandler.py :436 -> set_do()] Recieved Command List [b'\x01', b'\xf8', b'\x02', b'"', b'\x05', b'\x00', b'\x07']
[2025-04-09 20:00:14,625 DEBUG HX52xDioHandler.py :70 -> main()] recieved command bytestr b'\x01\xf8\x02"\x05\x00\x07'
[2025-04-09 20:00:14,626 DEBUG HX52xDioHandler.py :275 -> __validate_recieved_frame()] CALCULATED 248 : EXISTING 248
[2025-04-09 20:00:14,726 INFO HX52xDioHandler.py :428 -> set_do()] Constructed Command b'\x01\xc7\x02"\x06\x00'
[2025-04-09 20:00:14,736 INFO HX52xDioHandler.py :436 -> set_do()] Recieved Command List [b'\x01', b'\xc7', b'\x02', b'"', b'\x06', b'\x00', b'\x07']
[2025-04-09 20:00:14,740 DEBUG HX52xDioHandler.py :70 -> main()] recieved command bytestr b'\x01\xc7\x02"\x06\x00\x07'
[2025-04-09 20:00:14,741 DEBUG HX52xDioHandler.py :275 -> __validate_recieved_frame()] CALCULATED 199 : EXISTING 199
[2025-04-09 20:00:14,842 INFO HX52xDioHandler.py :453 -> get_di_contact()] Constructed Command b'\x01\xb7\x00P'
[2025-04-09 20:00:14,852 INFO HX52xDioHandler.py :459 -> get_di_contact()] Recieved Command List [b'\x01', b'g', b'\x01', b'P', b'\x00', b'\x07']
[2025-04-09 20:00:14,862 DEBUG HX52xDioHandler.py :78 -> main()] recieved command bytestr b'\x01g\x01P\x00\x07'
[2025-04-09 20:00:14,862 DEBUG HX52xDioHandler.py :275 -> __validate_recieved_frame()] CALCULATED 103 : EXISTING 103
[2025-04-09 20:00:14,862 INFO HX52xDioHandler.py :477 -> get_do_contact()] Constructed Command b'\x01\xb0\x00Q'
[2025-04-09 20:00:14,871 INFO HX52xDioHandler.py :484 -> get_do_contact()] Recieved Command List [b'\x01', b'r', b'\x01', b'Q', b'\x00', b'\x07']
[2025-04-09 20:00:14,880 DEBUG HX52xDioHandler.py :84 -> main()] recieved command bytestr b'\x01r\x01Q\x00\x07'
[2025-04-09 20:00:14,880 DEBUG HX52xDioHandler.py :275 -> __validate_recieved_frame()] CALCULATED 114 : EXISTING 114
[2025-04-09 20:00:14,880 INFO HX52xDioHandler.py :504 -> set_di_contact()] Constructed Command b'\x01J\x01R\x01'
[2025-04-09 20:00:14,889 INFO HX52xDioHandler.py :512 -> set_di_contact()] Recieved Command List [b'\x01', b'M', b'\x01', b'R', b'\x00', b'\x07']
[2025-04-09 20:00:14,899 DEBUG HX52xDioHandler.py :91 -> main()] recieved command bytestr b'\x01M\x01R\x00\x07'
[2025-04-09 20:00:14,900 DEBUG HX52xDioHandler.py :275 -> __validate_recieved_frame()] CALCULATED 77 : EXISTING 77
[2025-04-09 20:00:14,901 INFO HX52xDioHandler.py :504 -> set_di_contact()] Constructed Command b'\x01M\x01R\x00'
[2025-04-09 20:00:14,905 INFO HX52xDioHandler.py :512 -> set_di_contact()] Recieved Command List [b'\x01', b'M', b'\x01', b'R', b'\x00', b'\x07']
[2025-04-09 20:00:14,921 DEBUG HX52xDioHandler.py :99 -> main()] recieved command bytestr b'\x01M\x01R\x00\x07'
[2025-04-09 20:00:14,921 DEBUG HX52xDioHandler.py :275 -> __validate_recieved_frame()] CALCULATED 77 : EXISTING 77
