[2025-04-09 19:54:40,694 INFO HX52xDioHandler.py :82 -> __init_port()] Port: COM16 - USB Serial Device (COM16)
Port Location: 1-8:x.0
Hardware ID: USB VID:PID=353F:A105 SER=5&2E8856C4&0&8 LOCATION=1-8:x.0
Device: COM16

[2025-04-09 19:54:40,720 INFO HX52xDioHandler.py :48 -> __init__()] [32mDIO Interface Found[0m
[2025-04-09 19:54:40,749 INFO HX52xDioHandler.py :373 -> get_di()] Constructed Command b'\x01\xc5\x01 \x00'
[2025-04-09 19:54:40,753 INFO HX52xDioHandler.py :380 -> get_di()] Recieved Command List [b'\x01', b'h', b'\x02', b' ', b'\x00', b'\x01', b'\x07']
[2025-04-09 19:54:40,767 DEBUG HX52xDioHandler.py :48 -> main()] recieved command bytestr b'\x01h\x02 \x00\x01\x07'
[2025-04-09 19:54:40,767 DEBUG HX52xDioHandler.py :277 -> __validate_recieved_frame()] CALCULATED 104 : EXISTING 104
[2025-04-09 19:54:40,868 INFO HX52xDioHandler.py :373 -> get_di()] Constructed Command b'\x01\xc2\x01 \x01'
[2025-04-09 19:54:40,877 INFO HX52xDioHandler.py :380 -> get_di()] Recieved Command List [b'\x01', b'}', b'\x02', b' ', b'\x01', b'\x01', b'\x07']
[2025-04-09 19:54:40,887 DEBUG HX52xDioHandler.py :48 -> main()] recieved command bytestr b'\x01}\x02 \x01\x01\x07'
[2025-04-09 19:54:40,887 DEBUG HX52xDioHandler.py :277 -> __validate_recieved_frame()] CALCULATED 125 : EXISTING 125
[2025-04-09 19:54:40,987 INFO HX52xDioHandler.py :373 -> get_di()] Constructed Command b'\x01\xcb\x01 \x02'
[2025-04-09 19:54:40,997 INFO HX52xDioHandler.py :380 -> get_di()] Recieved Command List [b'\x01', b'B', b'\x02', b' ', b'\x02', b'\x01', b'\x07']
[2025-04-09 19:54:41,006 DEBUG HX52xDioHandler.py :48 -> main()] recieved command bytestr b'\x01B\x02 \x02\x01\x07'
[2025-04-09 19:54:41,006 DEBUG HX52xDioHandler.py :277 -> __validate_recieved_frame()] CALCULATED 66 : EXISTING 66
[2025-04-09 19:54:41,107 INFO HX52xDioHandler.py :373 -> get_di()] Constructed Command b'\x01\xcc\x01 \x03'
[2025-04-09 19:54:41,116 INFO HX52xDioHandler.py :380 -> get_di()] Recieved Command List [b'\x01', b'W', b'\x02', b' ', b'\x03', b'\x01', b'\x07']
[2025-04-09 19:54:41,124 DEBUG HX52xDioHandler.py :48 -> main()] recieved command bytestr b'\x01W\x02 \x03\x01\x07'
[2025-04-09 19:54:41,125 DEBUG HX52xDioHandler.py :277 -> __validate_recieved_frame()] CALCULATED 87 : EXISTING 87
[2025-04-09 19:54:41,225 INFO HX52xDioHandler.py :373 -> get_di()] Constructed Command b'\x01\xd9\x01 \x04'
[2025-04-09 19:54:41,228 INFO HX52xDioHandler.py :380 -> get_di()] Recieved Command List [b'\x01', b'<', b'\x02', b' ', b'\x04', b'\x01', b'\x07']
[2025-04-09 19:54:41,243 DEBUG HX52xDioHandler.py :48 -> main()] recieved command bytestr b'\x01<\x02 \x04\x01\x07'
[2025-04-09 19:54:41,244 DEBUG HX52xDioHandler.py :277 -> __validate_recieved_frame()] CALCULATED 60 : EXISTING 60
[2025-04-09 19:54:41,344 INFO HX52xDioHandler.py :373 -> get_di()] Constructed Command b'\x01\xde\x01 \x05'
[2025-04-09 19:54:41,346 INFO HX52xDioHandler.py :380 -> get_di()] Recieved Command List [b'\x01', b')', b'\x02', b' ', b'\x05', b'\x01', b'\x07']
[2025-04-09 19:54:41,363 DEBUG HX52xDioHandler.py :48 -> main()] recieved command bytestr b'\x01)\x02 \x05\x01\x07'
[2025-04-09 19:54:41,363 DEBUG HX52xDioHandler.py :277 -> __validate_recieved_frame()] CALCULATED 41 : EXISTING 41
[2025-04-09 19:54:41,465 INFO HX52xDioHandler.py :373 -> get_di()] Constructed Command b'\x01\xd7\x01 \x06'
[2025-04-09 19:54:41,466 INFO HX52xDioHandler.py :380 -> get_di()] Recieved Command List [b'\x01', b'\x16', b'\x02', b' ', b'\x06', b'\x01', b'\x07']
[2025-04-09 19:54:41,485 DEBUG HX52xDioHandler.py :48 -> main()] recieved command bytestr b'\x01\x16\x02 \x06\x01\x07'
[2025-04-09 19:54:41,485 DEBUG HX52xDioHandler.py :277 -> __validate_recieved_frame()] CALCULATED 22 : EXISTING 22
[2025-04-09 19:54:41,585 INFO HX52xDioHandler.py :401 -> get_do()] Constructed Command b'\x01\xef\x01"\x00'
[2025-04-09 19:54:41,596 INFO HX52xDioHandler.py :408 -> get_do()] Recieved Command List [b'\x01', b'\xb9', b'\x02', b'"', b'\x00', b'\x00', b'\x07']
[2025-04-09 19:54:41,605 DEBUG HX52xDioHandler.py :56 -> main()] recieved command bytestr b'\x01\xb9\x02"\x00\x00\x07'
[2025-04-09 19:54:41,606 DEBUG HX52xDioHandler.py :277 -> __validate_recieved_frame()] CALCULATED 185 : EXISTING 185
[2025-04-09 19:54:41,707 INFO HX52xDioHandler.py :401 -> get_do()] Constructed Command b'\x01\xe8\x01"\x01'
[2025-04-09 19:54:41,711 INFO HX52xDioHandler.py :408 -> get_do()] Recieved Command List [b'\x01', b'\xac', b'\x02', b'"', b'\x01', b'\x00', b'\x07']
[2025-04-09 19:54:41,727 DEBUG HX52xDioHandler.py :56 -> main()] recieved command bytestr b'\x01\xac\x02"\x01\x00\x07'
[2025-04-09 19:54:41,729 DEBUG HX52xDioHandler.py :277 -> __validate_recieved_frame()] CALCULATED 172 : EXISTING 172
[2025-04-09 19:54:41,830 INFO HX52xDioHandler.py :401 -> get_do()] Constructed Command b'\x01\xe1\x01"\x02'
[2025-04-09 19:54:41,830 INFO HX52xDioHandler.py :408 -> get_do()] Recieved Command List [b'\x01', b'\x93', b'\x02', b'"', b'\x02', b'\x00', b'\x07']
[2025-04-09 19:54:41,847 DEBUG HX52xDioHandler.py :56 -> main()] recieved command bytestr b'\x01\x93\x02"\x02\x00\x07'
[2025-04-09 19:54:41,847 DEBUG HX52xDioHandler.py :277 -> __validate_recieved_frame()] CALCULATED 147 : EXISTING 147
[2025-04-09 19:54:41,948 INFO HX52xDioHandler.py :401 -> get_do()] Constructed Command b'\x01\xe6\x01"\x03'
[2025-04-09 19:54:41,951 INFO HX52xDioHandler.py :408 -> get_do()] Recieved Command List [b'\x01', b'\x86', b'\x02', b'"', b'\x03', b'\x00', b'\x07']
[2025-04-09 19:54:41,967 DEBUG HX52xDioHandler.py :56 -> main()] recieved command bytestr b'\x01\x86\x02"\x03\x00\x07'
[2025-04-09 19:54:41,967 DEBUG HX52xDioHandler.py :277 -> __validate_recieved_frame()] CALCULATED 134 : EXISTING 134
[2025-04-09 19:54:42,068 INFO HX52xDioHandler.py :401 -> get_do()] Constructed Command b'\x01\xf3\x01"\x04'
[2025-04-09 19:54:42,078 INFO HX52xDioHandler.py :408 -> get_do()] Recieved Command List [b'\x01', b'\xed', b'\x02', b'"', b'\x04', b'\x00', b'\x07']
[2025-04-09 19:54:42,087 DEBUG HX52xDioHandler.py :56 -> main()] recieved command bytestr b'\x01\xed\x02"\x04\x00\x07'
[2025-04-09 19:54:42,087 DEBUG HX52xDioHandler.py :277 -> __validate_recieved_frame()] CALCULATED 237 : EXISTING 237
[2025-04-09 19:54:42,188 INFO HX52xDioHandler.py :401 -> get_do()] Constructed Command b'\x01\xf4\x01"\x05'
[2025-04-09 19:54:42,193 INFO HX52xDioHandler.py :408 -> get_do()] Recieved Command List [b'\x01', b'\xf8', b'\x02', b'"', b'\x05', b'\x00', b'\x07']
[2025-04-09 19:54:42,208 DEBUG HX52xDioHandler.py :56 -> main()] recieved command bytestr b'\x01\xf8\x02"\x05\x00\x07'
[2025-04-09 19:54:42,208 DEBUG HX52xDioHandler.py :277 -> __validate_recieved_frame()] CALCULATED 248 : EXISTING 248
[2025-04-09 19:54:42,309 INFO HX52xDioHandler.py :401 -> get_do()] Constructed Command b'\x01\xfd\x01"\x06'
[2025-04-09 19:54:42,312 INFO HX52xDioHandler.py :408 -> get_do()] Recieved Command List [b'\x01', b'\xc7', b'\x02', b'"', b'\x06', b'\x00', b'\x07']
[2025-04-09 19:54:42,328 DEBUG HX52xDioHandler.py :56 -> main()] recieved command bytestr b'\x01\xc7\x02"\x06\x00\x07'
[2025-04-09 19:54:42,329 DEBUG HX52xDioHandler.py :277 -> __validate_recieved_frame()] CALCULATED 199 : EXISTING 199
[2025-04-09 19:54:42,430 INFO HX52xDioHandler.py :430 -> set_do()] Constructed Command b'\x01\xbe\x02"\x00\x01'
[2025-04-09 19:54:42,430 INFO HX52xDioHandler.py :438 -> set_do()] Recieved Command List [b'\x01', b'\xb9', b'\x02', b'"', b'\x00', b'\x00', b'\x07']
[2025-04-09 19:54:42,447 DEBUG HX52xDioHandler.py :65 -> main()] recieved command bytestr b'\x01\xb9\x02"\x00\x00\x07'
[2025-04-09 19:54:42,447 DEBUG HX52xDioHandler.py :277 -> __validate_recieved_frame()] CALCULATED 185 : EXISTING 185
[2025-04-09 19:54:42,548 INFO HX52xDioHandler.py :430 -> set_do()] Constructed Command b'\x01\xab\x02"\x01\x01'
[2025-04-09 19:54:42,558 INFO HX52xDioHandler.py :438 -> set_do()] Recieved Command List [b'\x01', b'\xac', b'\x02', b'"', b'\x01', b'\x00', b'\x07']
[2025-04-09 19:54:42,563 DEBUG HX52xDioHandler.py :65 -> main()] recieved command bytestr b'\x01\xac\x02"\x01\x00\x07'
[2025-04-09 19:54:42,563 DEBUG HX52xDioHandler.py :277 -> __validate_recieved_frame()] CALCULATED 172 : EXISTING 172
[2025-04-09 19:54:42,664 INFO HX52xDioHandler.py :430 -> set_do()] Constructed Command b'\x01\x94\x02"\x02\x01'
[2025-04-09 19:54:42,673 INFO HX52xDioHandler.py :438 -> set_do()] Recieved Command List [b'\x01', b'\x93', b'\x02', b'"', b'\x02', b'\x00', b'\x07']
[2025-04-09 19:54:42,677 DEBUG HX52xDioHandler.py :65 -> main()] recieved command bytestr b'\x01\x93\x02"\x02\x00\x07'
[2025-04-09 19:54:42,677 DEBUG HX52xDioHandler.py :277 -> __validate_recieved_frame()] CALCULATED 147 : EXISTING 147
[2025-04-09 19:54:42,779 INFO HX52xDioHandler.py :430 -> set_do()] Constructed Command b'\x01\x81\x02"\x03\x01'
[2025-04-09 19:54:42,789 INFO HX52xDioHandler.py :438 -> set_do()] Recieved Command List [b'\x01', b'\x86', b'\x02', b'"', b'\x03', b'\x00', b'\x07']
[2025-04-09 19:54:42,794 DEBUG HX52xDioHandler.py :65 -> main()] recieved command bytestr b'\x01\x86\x02"\x03\x00\x07'
[2025-04-09 19:54:42,794 DEBUG HX52xDioHandler.py :277 -> __validate_recieved_frame()] CALCULATED 134 : EXISTING 134
[2025-04-09 19:54:42,895 INFO HX52xDioHandler.py :430 -> set_do()] Constructed Command b'\x01\xea\x02"\x04\x01'
[2025-04-09 19:54:42,903 INFO HX52xDioHandler.py :438 -> set_do()] Recieved Command List [b'\x01', b'\xed', b'\x02', b'"', b'\x04', b'\x00', b'\x07']
[2025-04-09 19:54:42,908 DEBUG HX52xDioHandler.py :65 -> main()] recieved command bytestr b'\x01\xed\x02"\x04\x00\x07'
[2025-04-09 19:54:42,908 DEBUG HX52xDioHandler.py :277 -> __validate_recieved_frame()] CALCULATED 237 : EXISTING 237
[2025-04-09 19:54:43,009 INFO HX52xDioHandler.py :430 -> set_do()] Constructed Command b'\x01\xff\x02"\x05\x01'
[2025-04-09 19:54:43,013 INFO HX52xDioHandler.py :438 -> set_do()] Recieved Command List [b'\x01', b'\xf8', b'\x02', b'"', b'\x05', b'\x00', b'\x07']
[2025-04-09 19:54:43,023 DEBUG HX52xDioHandler.py :65 -> main()] recieved command bytestr b'\x01\xf8\x02"\x05\x00\x07'
[2025-04-09 19:54:43,024 DEBUG HX52xDioHandler.py :277 -> __validate_recieved_frame()] CALCULATED 248 : EXISTING 248
[2025-04-09 19:54:43,124 INFO HX52xDioHandler.py :430 -> set_do()] Constructed Command b'\x01\xc0\x02"\x06\x01'
[2025-04-09 19:54:43,129 INFO HX52xDioHandler.py :438 -> set_do()] Recieved Command List [b'\x01', b'\xc7', b'\x02', b'"', b'\x06', b'\x00', b'\x07']
[2025-04-09 19:54:43,137 DEBUG HX52xDioHandler.py :65 -> main()] recieved command bytestr b'\x01\xc7\x02"\x06\x00\x07'
[2025-04-09 19:54:43,137 DEBUG HX52xDioHandler.py :277 -> __validate_recieved_frame()] CALCULATED 199 : EXISTING 199
[2025-04-09 19:54:43,238 INFO HX52xDioHandler.py :430 -> set_do()] Constructed Command b'\x01\xb9\x02"\x00\x00'
[2025-04-09 19:54:43,248 INFO HX52xDioHandler.py :438 -> set_do()] Recieved Command List [b'\x01', b'\xb9', b'\x02', b'"', b'\x00', b'\x00', b'\x07']
[2025-04-09 19:54:43,250 DEBUG HX52xDioHandler.py :70 -> main()] recieved command bytestr b'\x01\xb9\x02"\x00\x00\x07'
[2025-04-09 19:54:43,250 DEBUG HX52xDioHandler.py :277 -> __validate_recieved_frame()] CALCULATED 185 : EXISTING 185
[2025-04-09 19:54:43,354 INFO HX52xDioHandler.py :430 -> set_do()] Constructed Command b'\x01\xac\x02"\x01\x00'
[2025-04-09 19:54:43,363 INFO HX52xDioHandler.py :438 -> set_do()] Recieved Command List [b'\x01', b'\xac', b'\x02', b'"', b'\x01', b'\x00', b'\x07']
[2025-04-09 19:54:43,367 DEBUG HX52xDioHandler.py :70 -> main()] recieved command bytestr b'\x01\xac\x02"\x01\x00\x07'
[2025-04-09 19:54:43,367 DEBUG HX52xDioHandler.py :277 -> __validate_recieved_frame()] CALCULATED 172 : EXISTING 172
[2025-04-09 19:54:43,469 INFO HX52xDioHandler.py :430 -> set_do()] Constructed Command b'\x01\x93\x02"\x02\x00'
[2025-04-09 19:54:43,477 INFO HX52xDioHandler.py :438 -> set_do()] Recieved Command List [b'\x01', b'\x93', b'\x02', b'"', b'\x02', b'\x00', b'\x07']
[2025-04-09 19:54:43,482 DEBUG HX52xDioHandler.py :70 -> main()] recieved command bytestr b'\x01\x93\x02"\x02\x00\x07'
[2025-04-09 19:54:43,482 DEBUG HX52xDioHandler.py :277 -> __validate_recieved_frame()] CALCULATED 147 : EXISTING 147
[2025-04-09 19:54:43,584 INFO HX52xDioHandler.py :430 -> set_do()] Constructed Command b'\x01\x86\x02"\x03\x00'
[2025-04-09 19:54:43,594 INFO HX52xDioHandler.py :438 -> set_do()] Recieved Command List [b'\x01', b'\x86', b'\x02', b'"', b'\x03', b'\x00', b'\x07']
[2025-04-09 19:54:43,599 DEBUG HX52xDioHandler.py :70 -> main()] recieved command bytestr b'\x01\x86\x02"\x03\x00\x07'
[2025-04-09 19:54:43,599 DEBUG HX52xDioHandler.py :277 -> __validate_recieved_frame()] CALCULATED 134 : EXISTING 134
[2025-04-09 19:54:43,700 INFO HX52xDioHandler.py :430 -> set_do()] Constructed Command b'\x01\xed\x02"\x04\x00'
[2025-04-09 19:54:43,709 INFO HX52xDioHandler.py :438 -> set_do()] Recieved Command List [b'\x01', b'\xed', b'\x02', b'"', b'\x04', b'\x00', b'\x07']
[2025-04-09 19:54:43,712 DEBUG HX52xDioHandler.py :70 -> main()] recieved command bytestr b'\x01\xed\x02"\x04\x00\x07'
[2025-04-09 19:54:43,712 DEBUG HX52xDioHandler.py :277 -> __validate_recieved_frame()] CALCULATED 237 : EXISTING 237
[2025-04-09 19:54:43,814 INFO HX52xDioHandler.py :430 -> set_do()] Constructed Command b'\x01\xf8\x02"\x05\x00'
[2025-04-09 19:54:43,823 INFO HX52xDioHandler.py :438 -> set_do()] Recieved Command List [b'\x01', b'\xf8', b'\x02', b'"', b'\x05', b'\x00', b'\x07']
[2025-04-09 19:54:43,828 DEBUG HX52xDioHandler.py :70 -> main()] recieved command bytestr b'\x01\xf8\x02"\x05\x00\x07'
[2025-04-09 19:54:43,829 DEBUG HX52xDioHandler.py :277 -> __validate_recieved_frame()] CALCULATED 248 : EXISTING 248
[2025-04-09 19:54:43,929 INFO HX52xDioHandler.py :430 -> set_do()] Constructed Command b'\x01\xc7\x02"\x06\x00'
[2025-04-09 19:54:43,939 INFO HX52xDioHandler.py :438 -> set_do()] Recieved Command List [b'\x01', b'\xc7', b'\x02', b'"', b'\x06', b'\x00', b'\x07']
[2025-04-09 19:54:43,943 DEBUG HX52xDioHandler.py :70 -> main()] recieved command bytestr b'\x01\xc7\x02"\x06\x00\x07'
[2025-04-09 19:54:43,943 DEBUG HX52xDioHandler.py :277 -> __validate_recieved_frame()] CALCULATED 199 : EXISTING 199
[2025-04-09 19:54:44,044 INFO HX52xDioHandler.py :455 -> get_di_contact()] Constructed Command b'\x01\xb7\x00P'
[2025-04-09 19:54:44,053 INFO HX52xDioHandler.py :461 -> get_di_contact()] Recieved Command List [b'\x01', b'g', b'\x01', b'P', b'\x00', b'\x07']
[2025-04-09 19:54:44,063 DEBUG HX52xDioHandler.py :78 -> main()] recieved command bytestr b'\x01g\x01P\x00\x07'
[2025-04-09 19:54:44,063 DEBUG HX52xDioHandler.py :277 -> __validate_recieved_frame()] CALCULATED 103 : EXISTING 103
[2025-04-09 19:54:44,064 INFO HX52xDioHandler.py :479 -> get_do_contact()] Constructed Command b'\x01\xb0\x00Q'
[2025-04-09 19:54:44,070 INFO HX52xDioHandler.py :486 -> get_do_contact()] Recieved Command List [b'\x01', b'r', b'\x01', b'Q', b'\x00', b'\x07']
[2025-04-09 19:54:44,081 DEBUG HX52xDioHandler.py :84 -> main()] recieved command bytestr b'\x01r\x01Q\x00\x07'
[2025-04-09 19:54:44,081 DEBUG HX52xDioHandler.py :277 -> __validate_recieved_frame()] CALCULATED 114 : EXISTING 114
[2025-04-09 19:54:44,081 INFO HX52xDioHandler.py :506 -> set_di_contact()] Constructed Command b'\x01J\x01R\x01'
[2025-04-09 19:54:44,082 INFO HX52xDioHandler.py :514 -> set_di_contact()] Recieved Command List [b'\x01', b'M', b'\x01', b'R', b'\x00', b'\x07']
[2025-04-09 19:54:44,098 DEBUG HX52xDioHandler.py :91 -> main()] recieved command bytestr b'\x01M\x01R\x00\x07'
[2025-04-09 19:54:44,098 DEBUG HX52xDioHandler.py :277 -> __validate_recieved_frame()] CALCULATED 77 : EXISTING 77
[2025-04-09 19:54:44,098 INFO HX52xDioHandler.py :506 -> set_di_contact()] Constructed Command b'\x01M\x01R\x00'
[2025-04-09 19:54:44,098 INFO HX52xDioHandler.py :514 -> set_di_contact()] Recieved Command List [b'\x01', b'M', b'\x01', b'R', b'\x00', b'\x07']
[2025-04-09 19:54:44,116 DEBUG HX52xDioHandler.py :99 -> main()] recieved command bytestr b'\x01M\x01R\x00\x07'
[2025-04-09 19:54:44,116 DEBUG HX52xDioHandler.py :277 -> __validate_recieved_frame()] CALCULATED 77 : EXISTING 77
