[2025-04-23 14:05:44,401 INFO LoggingUtil.py:72 -> _create_logger()] Logger Initialized...
[2025-04-23 14:05:44,407 INFO OnLogicNuvotonManager.py:96 -> _get_cdc_device_port()] NOTE | DIO CARD FOUND ON:
Port: COM16 - USB Serial Device (COM16)
Port Location: 1-8:x.0
Hardware ID: USB VID:PID=353F:A105 SER=5&2E8856C4&0&8 LOCATION=1-8:x.0
Device: COM16

[2025-04-23 14:05:44,410 DEBUG OnLogicNuvotonManager.py:136 -> _mcu_connection_check()] b'\x07'
[2025-04-23 14:05:44,415 DEBUG OnLogicNuvotonManager.py:136 -> _mcu_connection_check()] b'\x07'
[2025-04-23 14:05:44,419 DEBUG OnLogicNuvotonManager.py:136 -> _mcu_connection_check()] b'\x07'
[2025-04-23 14:05:44,424 DEBUG OnLogicNuvotonManager.py:136 -> _mcu_connection_check()] b'\x07'
[2025-04-23 14:05:44,429 DEBUG OnLogicNuvotonManager.py:136 -> _mcu_connection_check()] b'\x07'
[2025-04-23 14:05:44,433 INFO OnLogicNuvotonManager.py:142 -> _mcu_connection_check()] Interface Found
[2025-04-23 14:05:44,451 INFO OnLogicNuvotonManager.py:304 -> _construct_command()] Constructed Command b'\x01_\x01S\x01'
[2025-04-23 14:05:44,470 INFO OnLogicNuvotonManager.py:342 -> _receive_command()] Recieved Command List [b'\x01', b'X', b'\x01', b'S', b'\x00', b'\x07']
[2025-04-23 14:05:44,480 DEBUG DioHandler.py:218 -> set_do_contact()] recieved command bytestr b'\x01X\x01S\x00\x07'
[2025-04-23 14:05:44,480 DEBUG OnLogicNuvotonManager.py:214 -> _check_crc()] CALCULATED 88 : EXISTING 88
[2025-04-23 14:05:44,480 INFO OnLogicNuvotonManager.py:304 -> _construct_command()] Constructed Command b'\x01\xb0\x00Q'
[2025-04-23 14:05:44,486 INFO OnLogicNuvotonManager.py:342 -> _receive_command()] Recieved Command List [b'\x01', b'u', b'\x01', b'Q', b'\x01', b'\x07']
[2025-04-23 14:05:44,497 DEBUG DioHandler.py:167 -> get_do_contact()] recieved command bytestr b'\x01u\x01Q\x01\x07'
[2025-04-23 14:05:44,497 DEBUG OnLogicNuvotonManager.py:214 -> _check_crc()] CALCULATED 117 : EXISTING 117
[2025-04-23 14:05:44,497 INFO OnLogicNuvotonManager.py:304 -> _construct_command()] Constructed Command b'\x01\x04\x02!\x00\x00'
[2025-04-23 14:05:44,506 INFO OnLogicNuvotonManager.py:342 -> _receive_command()] Recieved Command List [b'\x01', b'\x04', b'\x02', b'!', b'\x00', b'\x00', b'\x07']
[2025-04-23 14:05:44,515 DEBUG DioHandler.py:122 -> set_do()] recieved command bytestr b'\x01\x04\x02!\x00\x00\x07'
[2025-04-23 14:05:44,516 DEBUG OnLogicNuvotonManager.py:214 -> _check_crc()] CALCULATED 4 : EXISTING 4
[2025-04-23 14:05:47,516 INFO OnLogicNuvotonManager.py:304 -> _construct_command()] Constructed Command b'\x01\x03\x02!\x00\x01'
[2025-04-23 14:05:47,531 INFO OnLogicNuvotonManager.py:342 -> _receive_command()] Recieved Command List [b'\x01', b'\x04', b'\x02', b'!', b'\x00', b'\x00', b'\x07']
[2025-04-23 14:05:47,540 DEBUG DioHandler.py:122 -> set_do()] recieved command bytestr b'\x01\x04\x02!\x00\x00\x07'
[2025-04-23 14:05:47,540 DEBUG OnLogicNuvotonManager.py:214 -> _check_crc()] CALCULATED 4 : EXISTING 4
[2025-04-23 14:05:50,547 INFO OnLogicNuvotonManager.py:342 -> _receive_command()] Recieved Command List [b'\x01', b'\x04', b'\x02', b'!', b'\x00', b'\x00', b'\x07']
[2025-04-23 14:05:50,563 DEBUG DioHandler.py:122 -> set_do()] recieved command bytestr b'\x01\x04\x02!\x00\x00\x07'
[2025-04-23 14:05:50,563 DEBUG OnLogicNuvotonManager.py:214 -> _check_crc()] CALCULATED 4 : EXISTING 4
[2025-04-23 14:05:53,570 INFO OnLogicNuvotonManager.py:342 -> _receive_command()] Recieved Command List [b'\x01', b'\x04', b'\x02', b'!', b'\x00', b'\x00', b'\x07']
[2025-04-23 14:05:53,583 DEBUG DioHandler.py:122 -> set_do()] recieved command bytestr b'\x01\x04\x02!\x00\x00\x07'
[2025-04-23 14:05:53,583 DEBUG OnLogicNuvotonManager.py:214 -> _check_crc()] CALCULATED 4 : EXISTING 4
[2025-04-23 14:05:56,594 INFO OnLogicNuvotonManager.py:342 -> _receive_command()] Recieved Command List [b'\x01', b'\x04', b'\x02', b'!', b'\x00', b'\x00', b'\x07']
[2025-04-23 14:05:56,603 DEBUG DioHandler.py:122 -> set_do()] recieved command bytestr b'\x01\x04\x02!\x00\x00\x07'
[2025-04-23 14:05:56,603 DEBUG OnLogicNuvotonManager.py:214 -> _check_crc()] CALCULATED 4 : EXISTING 4
[2025-04-23 14:05:59,613 INFO OnLogicNuvotonManager.py:342 -> _receive_command()] Recieved Command List [b'\x01', b'\x04', b'\x02', b'!', b'\x00', b'\x00', b'\x07']
[2025-04-23 14:05:59,625 DEBUG DioHandler.py:122 -> set_do()] recieved command bytestr b'\x01\x04\x02!\x00\x00\x07'
[2025-04-23 14:05:59,625 DEBUG OnLogicNuvotonManager.py:214 -> _check_crc()] CALCULATED 4 : EXISTING 4
[2025-04-23 14:06:02,628 INFO OnLogicNuvotonManager.py:342 -> _receive_command()] Recieved Command List [b'\x01', b'\x04', b'\x02', b'!', b'\x00', b'\x00', b'\x07']
[2025-04-23 14:06:02,647 DEBUG DioHandler.py:122 -> set_do()] recieved command bytestr b'\x01\x04\x02!\x00\x00\x07'
[2025-04-23 14:06:02,647 DEBUG OnLogicNuvotonManager.py:214 -> _check_crc()] CALCULATED 4 : EXISTING 4
[2025-04-23 14:06:05,648 INFO OnLogicNuvotonManager.py:342 -> _receive_command()] Recieved Command List [b'\x01', b'\x04', b'\x02', b'!', b'\x00', b'\x00', b'\x07']
[2025-04-23 14:06:05,666 DEBUG DioHandler.py:122 -> set_do()] recieved command bytestr b'\x01\x04\x02!\x00\x00\x07'
[2025-04-23 14:06:05,666 DEBUG OnLogicNuvotonManager.py:214 -> _check_crc()] CALCULATED 4 : EXISTING 4
[2025-04-23 14:06:08,675 INFO OnLogicNuvotonManager.py:342 -> _receive_command()] Recieved Command List [b'\x01', b'\x04', b'\x02', b'!', b'\x00', b'\x00', b'\x07']
[2025-04-23 14:06:08,684 DEBUG DioHandler.py:122 -> set_do()] recieved command bytestr b'\x01\x04\x02!\x00\x00\x07'
[2025-04-23 14:06:08,684 DEBUG OnLogicNuvotonManager.py:214 -> _check_crc()] CALCULATED 4 : EXISTING 4
[2025-04-23 14:06:11,693 INFO OnLogicNuvotonManager.py:342 -> _receive_command()] Recieved Command List [b'\x01', b'\x04', b'\x02', b'!', b'\x00', b'\x00', b'\x07']
[2025-04-23 14:06:11,702 DEBUG DioHandler.py:122 -> set_do()] recieved command bytestr b'\x01\x04\x02!\x00\x00\x07'
[2025-04-23 14:06:11,702 DEBUG OnLogicNuvotonManager.py:214 -> _check_crc()] CALCULATED 4 : EXISTING 4
[2025-04-23 14:06:14,711 INFO OnLogicNuvotonManager.py:342 -> _receive_command()] Recieved Command List [b'\x01', b'\x04', b'\x02', b'!', b'\x00', b'\x00', b'\x07']
[2025-04-23 14:06:14,721 DEBUG DioHandler.py:122 -> set_do()] recieved command bytestr b'\x01\x04\x02!\x00\x00\x07'
[2025-04-23 14:06:14,721 DEBUG OnLogicNuvotonManager.py:214 -> _check_crc()] CALCULATED 4 : EXISTING 4
[2025-04-23 14:06:17,731 INFO OnLogicNuvotonManager.py:342 -> _receive_command()] Recieved Command List [b'\x01', b'\x04', b'\x02', b'!', b'\x00', b'\x00', b'\x07']
[2025-04-23 14:06:17,739 DEBUG DioHandler.py:122 -> set_do()] recieved command bytestr b'\x01\x04\x02!\x00\x00\x07'
[2025-04-23 14:06:17,739 DEBUG OnLogicNuvotonManager.py:214 -> _check_crc()] CALCULATED 4 : EXISTING 4
[2025-04-23 14:06:20,749 INFO OnLogicNuvotonManager.py:342 -> _receive_command()] Recieved Command List [b'\x01', b'\x04', b'\x02', b'!', b'\x00', b'\x00', b'\x07']
[2025-04-23 14:06:20,758 DEBUG DioHandler.py:122 -> set_do()] recieved command bytestr b'\x01\x04\x02!\x00\x00\x07'
[2025-04-23 14:06:20,758 DEBUG OnLogicNuvotonManager.py:214 -> _check_crc()] CALCULATED 4 : EXISTING 4
[2025-04-23 14:06:23,765 INFO OnLogicNuvotonManager.py:342 -> _receive_command()] Recieved Command List [b'\x01', b'\x04', b'\x02', b'!', b'\x00', b'\x00', b'\x07']
[2025-04-23 14:06:23,776 DEBUG DioHandler.py:122 -> set_do()] recieved command bytestr b'\x01\x04\x02!\x00\x00\x07'
[2025-04-23 14:06:23,776 DEBUG OnLogicNuvotonManager.py:214 -> _check_crc()] CALCULATED 4 : EXISTING 4
[2025-04-23 14:06:26,784 INFO OnLogicNuvotonManager.py:342 -> _receive_command()] Recieved Command List [b'\x01', b'\x04', b'\x02', b'!', b'\x00', b'\x00', b'\x07']
[2025-04-23 14:06:26,794 DEBUG DioHandler.py:122 -> set_do()] recieved command bytestr b'\x01\x04\x02!\x00\x00\x07'
[2025-04-23 14:06:26,794 DEBUG OnLogicNuvotonManager.py:214 -> _check_crc()] CALCULATED 4 : EXISTING 4
[2025-04-23 14:06:29,803 INFO OnLogicNuvotonManager.py:342 -> _receive_command()] Recieved Command List [b'\x01', b'\x04', b'\x02', b'!', b'\x00', b'\x00', b'\x07']
[2025-04-23 14:06:29,813 DEBUG DioHandler.py:122 -> set_do()] recieved command bytestr b'\x01\x04\x02!\x00\x00\x07'
[2025-04-23 14:06:29,813 DEBUG OnLogicNuvotonManager.py:214 -> _check_crc()] CALCULATED 4 : EXISTING 4
[2025-04-23 14:06:32,822 INFO OnLogicNuvotonManager.py:342 -> _receive_command()] Recieved Command List [b'\x01', b'\x04', b'\x02', b'!', b'\x00', b'\x00', b'\x07']
[2025-04-23 14:06:32,834 DEBUG DioHandler.py:122 -> set_do()] recieved command bytestr b'\x01\x04\x02!\x00\x00\x07'
[2025-04-23 14:06:32,834 DEBUG OnLogicNuvotonManager.py:214 -> _check_crc()] CALCULATED 4 : EXISTING 4
[2025-04-23 14:06:35,844 INFO OnLogicNuvotonManager.py:342 -> _receive_command()] Recieved Command List [b'\x01', b'\x04', b'\x02', b'!', b'\x00', b'\x00', b'\x07']
[2025-04-23 14:06:35,856 DEBUG DioHandler.py:122 -> set_do()] recieved command bytestr b'\x01\x04\x02!\x00\x00\x07'
[2025-04-23 14:06:35,856 DEBUG OnLogicNuvotonManager.py:214 -> _check_crc()] CALCULATED 4 : EXISTING 4
[2025-04-23 14:06:38,859 INFO OnLogicNuvotonManager.py:342 -> _receive_command()] Recieved Command List [b'\x01', b'\x04', b'\x02', b'!', b'\x00', b'\x00', b'\x07']
[2025-04-23 14:06:38,876 DEBUG DioHandler.py:122 -> set_do()] recieved command bytestr b'\x01\x04\x02!\x00\x00\x07'
[2025-04-23 14:06:38,876 DEBUG OnLogicNuvotonManager.py:214 -> _check_crc()] CALCULATED 4 : EXISTING 4
[2025-04-23 14:06:41,881 INFO OnLogicNuvotonManager.py:342 -> _receive_command()] Recieved Command List [b'\x01', b'\x04', b'\x02', b'!', b'\x00', b'\x00', b'\x07']
[2025-04-23 14:06:41,894 DEBUG DioHandler.py:122 -> set_do()] recieved command bytestr b'\x01\x04\x02!\x00\x00\x07'
[2025-04-23 14:06:41,894 DEBUG OnLogicNuvotonManager.py:214 -> _check_crc()] CALCULATED 4 : EXISTING 4
[2025-04-23 14:06:44,897 INFO OnLogicNuvotonManager.py:342 -> _receive_command()] Recieved Command List [b'\x01', b'\x04', b'\x02', b'!', b'\x00', b'\x00', b'\x07']
[2025-04-23 14:06:44,915 DEBUG DioHandler.py:122 -> set_do()] recieved command bytestr b'\x01\x04\x02!\x00\x00\x07'
[2025-04-23 14:06:44,916 DEBUG OnLogicNuvotonManager.py:214 -> _check_crc()] CALCULATED 4 : EXISTING 4
[2025-04-23 14:06:47,916 INFO OnLogicNuvotonManager.py:342 -> _receive_command()] Recieved Command List [b'\x01', b'\x04', b'\x02', b'!', b'\x00', b'\x00', b'\x07']
[2025-04-23 14:06:47,936 DEBUG DioHandler.py:122 -> set_do()] recieved command bytestr b'\x01\x04\x02!\x00\x00\x07'
[2025-04-23 14:06:47,936 DEBUG OnLogicNuvotonManager.py:214 -> _check_crc()] CALCULATED 4 : EXISTING 4
[2025-04-23 14:06:50,941 INFO OnLogicNuvotonManager.py:342 -> _receive_command()] Recieved Command List [b'\x01', b'\x04', b'\x02', b'!', b'\x00', b'\x00', b'\x07']
[2025-04-23 14:06:50,958 DEBUG DioHandler.py:122 -> set_do()] recieved command bytestr b'\x01\x04\x02!\x00\x00\x07'
[2025-04-23 14:06:50,958 DEBUG OnLogicNuvotonManager.py:214 -> _check_crc()] CALCULATED 4 : EXISTING 4
[2025-04-23 14:06:53,960 INFO OnLogicNuvotonManager.py:342 -> _receive_command()] Recieved Command List [b'\x01', b'\x04', b'\x02', b'!', b'\x00', b'\x00', b'\x07']
[2025-04-23 14:06:53,976 DEBUG DioHandler.py:122 -> set_do()] recieved command bytestr b'\x01\x04\x02!\x00\x00\x07'
[2025-04-23 14:06:53,976 DEBUG OnLogicNuvotonManager.py:214 -> _check_crc()] CALCULATED 4 : EXISTING 4
[2025-04-23 14:06:56,985 INFO OnLogicNuvotonManager.py:342 -> _receive_command()] Recieved Command List [b'\x01', b'\x04', b'\x02', b'!', b'\x00', b'\x00', b'\x07']
[2025-04-23 14:06:56,995 DEBUG DioHandler.py:122 -> set_do()] recieved command bytestr b'\x01\x04\x02!\x00\x00\x07'
[2025-04-23 14:06:56,995 DEBUG OnLogicNuvotonManager.py:214 -> _check_crc()] CALCULATED 4 : EXISTING 4
[2025-04-23 14:07:00,006 INFO OnLogicNuvotonManager.py:342 -> _receive_command()] Recieved Command List [b'\x01', b'\x04', b'\x02', b'!', b'\x00', b'\x00', b'\x07']
[2025-04-23 14:07:00,017 DEBUG DioHandler.py:122 -> set_do()] recieved command bytestr b'\x01\x04\x02!\x00\x00\x07'
[2025-04-23 14:07:00,017 DEBUG OnLogicNuvotonManager.py:214 -> _check_crc()] CALCULATED 4 : EXISTING 4
[2025-04-23 14:07:03,018 INFO OnLogicNuvotonManager.py:342 -> _receive_command()] Recieved Command List [b'\x01', b'\x04', b'\x02', b'!', b'\x00', b'\x00', b'\x07']
[2025-04-23 14:07:03,036 DEBUG DioHandler.py:122 -> set_do()] recieved command bytestr b'\x01\x04\x02!\x00\x00\x07'
[2025-04-23 14:07:03,036 DEBUG OnLogicNuvotonManager.py:214 -> _check_crc()] CALCULATED 4 : EXISTING 4
[2025-04-23 14:07:06,044 INFO OnLogicNuvotonManager.py:342 -> _receive_command()] Recieved Command List [b'\x01', b'\x04', b'\x02', b'!', b'\x00', b'\x00', b'\x07']
[2025-04-23 14:07:06,054 DEBUG DioHandler.py:122 -> set_do()] recieved command bytestr b'\x01\x04\x02!\x00\x00\x07'
[2025-04-23 14:07:06,054 DEBUG OnLogicNuvotonManager.py:214 -> _check_crc()] CALCULATED 4 : EXISTING 4
[2025-04-23 14:07:09,063 INFO OnLogicNuvotonManager.py:342 -> _receive_command()] Recieved Command List [b'\x01', b'\x04', b'\x02', b'!', b'\x00', b'\x00', b'\x07']
[2025-04-23 14:07:09,072 DEBUG DioHandler.py:122 -> set_do()] recieved command bytestr b'\x01\x04\x02!\x00\x00\x07'
[2025-04-23 14:07:09,072 DEBUG OnLogicNuvotonManager.py:214 -> _check_crc()] CALCULATED 4 : EXISTING 4
[2025-04-23 14:07:12,074 INFO OnLogicNuvotonManager.py:342 -> _receive_command()] Recieved Command List [b'\x01', b'\x04', b'\x02', b'!', b'\x00', b'\x00', b'\x07']
[2025-04-23 14:07:12,092 DEBUG DioHandler.py:122 -> set_do()] recieved command bytestr b'\x01\x04\x02!\x00\x00\x07'
[2025-04-23 14:07:12,092 DEBUG OnLogicNuvotonManager.py:214 -> _check_crc()] CALCULATED 4 : EXISTING 4
[2025-04-23 14:07:15,095 INFO OnLogicNuvotonManager.py:342 -> _receive_command()] Recieved Command List [b'\x01', b'\x04', b'\x02', b'!', b'\x00', b'\x00', b'\x07']
[2025-04-23 14:07:15,115 DEBUG DioHandler.py:122 -> set_do()] recieved command bytestr b'\x01\x04\x02!\x00\x00\x07'
[2025-04-23 14:07:15,115 DEBUG OnLogicNuvotonManager.py:214 -> _check_crc()] CALCULATED 4 : EXISTING 4
[2025-04-23 14:07:18,124 INFO OnLogicNuvotonManager.py:342 -> _receive_command()] Recieved Command List [b'\x01', b'\x04', b'\x02', b'!', b'\x00', b'\x00', b'\x07']
[2025-04-23 14:07:18,137 DEBUG DioHandler.py:122 -> set_do()] recieved command bytestr b'\x01\x04\x02!\x00\x00\x07'
[2025-04-23 14:07:18,137 DEBUG OnLogicNuvotonManager.py:214 -> _check_crc()] CALCULATED 4 : EXISTING 4
[2025-04-23 14:07:21,138 INFO OnLogicNuvotonManager.py:342 -> _receive_command()] Recieved Command List [b'\x01', b'\x04', b'\x02', b'!', b'\x00', b'\x00', b'\x07']
[2025-04-23 14:07:21,158 DEBUG DioHandler.py:122 -> set_do()] recieved command bytestr b'\x01\x04\x02!\x00\x00\x07'
[2025-04-23 14:07:21,158 DEBUG OnLogicNuvotonManager.py:214 -> _check_crc()] CALCULATED 4 : EXISTING 4
[2025-04-23 14:07:24,165 INFO OnLogicNuvotonManager.py:342 -> _receive_command()] Recieved Command List [b'\x01', b'\x04', b'\x02', b'!', b'\x00', b'\x00', b'\x07']
[2025-04-23 14:07:24,177 DEBUG DioHandler.py:122 -> set_do()] recieved command bytestr b'\x01\x04\x02!\x00\x00\x07'
[2025-04-23 14:07:24,177 DEBUG OnLogicNuvotonManager.py:214 -> _check_crc()] CALCULATED 4 : EXISTING 4
[2025-04-23 14:07:27,180 INFO OnLogicNuvotonManager.py:342 -> _receive_command()] Recieved Command List [b'\x01', b'\x04', b'\x02', b'!', b'\x00', b'\x00', b'\x07']
[2025-04-23 14:07:27,197 DEBUG DioHandler.py:122 -> set_do()] recieved command bytestr b'\x01\x04\x02!\x00\x00\x07'
[2025-04-23 14:07:27,198 DEBUG OnLogicNuvotonManager.py:214 -> _check_crc()] CALCULATED 4 : EXISTING 4
[2025-04-23 14:07:30,199 INFO OnLogicNuvotonManager.py:342 -> _receive_command()] Recieved Command List [b'\x01', b'\x04', b'\x02', b'!', b'\x00', b'\x00', b'\x07']
[2025-04-23 14:07:30,217 DEBUG DioHandler.py:122 -> set_do()] recieved command bytestr b'\x01\x04\x02!\x00\x00\x07'
[2025-04-23 14:07:30,217 DEBUG OnLogicNuvotonManager.py:214 -> _check_crc()] CALCULATED 4 : EXISTING 4
[2025-04-23 14:07:33,220 INFO OnLogicNuvotonManager.py:342 -> _receive_command()] Recieved Command List [b'\x01', b'\x04', b'\x02', b'!', b'\x00', b'\x00', b'\x07']
[2025-04-23 14:07:33,238 DEBUG DioHandler.py:122 -> set_do()] recieved command bytestr b'\x01\x04\x02!\x00\x00\x07'
[2025-04-23 14:07:33,239 DEBUG OnLogicNuvotonManager.py:214 -> _check_crc()] CALCULATED 4 : EXISTING 4
[2025-04-23 14:07:36,240 INFO OnLogicNuvotonManager.py:342 -> _receive_command()] Recieved Command List [b'\x01', b'\x04', b'\x02', b'!', b'\x00', b'\x00', b'\x07']
[2025-04-23 14:07:36,259 DEBUG DioHandler.py:122 -> set_do()] recieved command bytestr b'\x01\x04\x02!\x00\x00\x07'
[2025-04-23 14:07:36,259 DEBUG OnLogicNuvotonManager.py:214 -> _check_crc()] CALCULATED 4 : EXISTING 4
[2025-04-23 14:07:39,269 INFO OnLogicNuvotonManager.py:342 -> _receive_command()] Recieved Command List [b'\x01', b'\x04', b'\x02', b'!', b'\x00', b'\x00', b'\x07']
[2025-04-23 14:07:39,279 DEBUG DioHandler.py:122 -> set_do()] recieved command bytestr b'\x01\x04\x02!\x00\x00\x07'
[2025-04-23 14:07:39,279 DEBUG OnLogicNuvotonManager.py:214 -> _check_crc()] CALCULATED 4 : EXISTING 4
[2025-04-23 14:07:42,281 INFO OnLogicNuvotonManager.py:342 -> _receive_command()] Recieved Command List [b'\x01', b'\x04', b'\x02', b'!', b'\x00', b'\x00', b'\x07']
[2025-04-23 14:07:42,298 DEBUG DioHandler.py:122 -> set_do()] recieved command bytestr b'\x01\x04\x02!\x00\x00\x07'
[2025-04-23 14:07:42,298 DEBUG OnLogicNuvotonManager.py:214 -> _check_crc()] CALCULATED 4 : EXISTING 4
[2025-04-23 14:07:45,302 INFO OnLogicNuvotonManager.py:342 -> _receive_command()] Recieved Command List [b'\x01', b'\x04', b'\x02', b'!', b'\x00', b'\x00', b'\x07']
[2025-04-23 14:07:45,316 DEBUG DioHandler.py:122 -> set_do()] recieved command bytestr b'\x01\x04\x02!\x00\x00\x07'
[2025-04-23 14:07:45,317 DEBUG OnLogicNuvotonManager.py:214 -> _check_crc()] CALCULATED 4 : EXISTING 4
[2025-04-23 14:07:48,319 INFO OnLogicNuvotonManager.py:342 -> _receive_command()] Recieved Command List [b'\x01', b'\x04', b'\x02', b'!', b'\x00', b'\x00', b'\x07']
[2025-04-23 14:07:48,336 DEBUG DioHandler.py:122 -> set_do()] recieved command bytestr b'\x01\x04\x02!\x00\x00\x07'
[2025-04-23 14:07:48,336 DEBUG OnLogicNuvotonManager.py:214 -> _check_crc()] CALCULATED 4 : EXISTING 4
[2025-04-23 14:07:51,340 INFO OnLogicNuvotonManager.py:342 -> _receive_command()] Recieved Command List [b'\x01', b'\x04', b'\x02', b'!', b'\x00', b'\x00', b'\x07']
[2025-04-23 14:07:51,356 DEBUG DioHandler.py:122 -> set_do()] recieved command bytestr b'\x01\x04\x02!\x00\x00\x07'
[2025-04-23 14:07:51,356 DEBUG OnLogicNuvotonManager.py:214 -> _check_crc()] CALCULATED 4 : EXISTING 4
[2025-04-23 14:07:54,360 INFO OnLogicNuvotonManager.py:342 -> _receive_command()] Recieved Command List [b'\x01', b'\x04', b'\x02', b'!', b'\x00', b'\x00', b'\x07']
[2025-04-23 14:07:54,375 DEBUG DioHandler.py:122 -> set_do()] recieved command bytestr b'\x01\x04\x02!\x00\x00\x07'
[2025-04-23 14:07:54,375 DEBUG OnLogicNuvotonManager.py:214 -> _check_crc()] CALCULATED 4 : EXISTING 4
[2025-04-23 14:07:57,376 INFO OnLogicNuvotonManager.py:342 -> _receive_command()] Recieved Command List [b'\x01', b'\x04', b'\x02', b'!', b'\x00', b'\x00', b'\x07']
[2025-04-23 14:07:57,394 DEBUG DioHandler.py:122 -> set_do()] recieved command bytestr b'\x01\x04\x02!\x00\x00\x07'
[2025-04-23 14:07:57,394 DEBUG OnLogicNuvotonManager.py:214 -> _check_crc()] CALCULATED 4 : EXISTING 4
[2025-04-23 14:08:00,396 INFO OnLogicNuvotonManager.py:342 -> _receive_command()] Recieved Command List [b'\x01', b'\x04', b'\x02', b'!', b'\x00', b'\x00', b'\x07']
[2025-04-23 14:08:00,416 DEBUG DioHandler.py:122 -> set_do()] recieved command bytestr b'\x01\x04\x02!\x00\x00\x07'
[2025-04-23 14:08:00,416 DEBUG OnLogicNuvotonManager.py:214 -> _check_crc()] CALCULATED 4 : EXISTING 4
[2025-04-23 14:08:03,418 INFO OnLogicNuvotonManager.py:342 -> _receive_command()] Recieved Command List [b'\x01', b'\x04', b'\x02', b'!', b'\x00', b'\x00', b'\x07']
[2025-04-23 14:08:03,437 DEBUG DioHandler.py:122 -> set_do()] recieved command bytestr b'\x01\x04\x02!\x00\x00\x07'
[2025-04-23 14:08:03,437 DEBUG OnLogicNuvotonManager.py:214 -> _check_crc()] CALCULATED 4 : EXISTING 4
[2025-04-23 14:08:06,439 INFO OnLogicNuvotonManager.py:342 -> _receive_command()] Recieved Command List [b'\x01', b'\x04', b'\x02', b'!', b'\x00', b'\x00', b'\x07']
[2025-04-23 14:08:06,459 DEBUG DioHandler.py:122 -> set_do()] recieved command bytestr b'\x01\x04\x02!\x00\x00\x07'
[2025-04-23 14:08:06,459 DEBUG OnLogicNuvotonManager.py:214 -> _check_crc()] CALCULATED 4 : EXISTING 4
[2025-04-23 14:08:09,469 INFO OnLogicNuvotonManager.py:342 -> _receive_command()] Recieved Command List [b'\x01', b'\x04', b'\x02', b'!', b'\x00', b'\x00', b'\x07']
[2025-04-23 14:08:09,478 DEBUG DioHandler.py:122 -> set_do()] recieved command bytestr b'\x01\x04\x02!\x00\x00\x07'
[2025-04-23 14:08:09,478 DEBUG OnLogicNuvotonManager.py:214 -> _check_crc()] CALCULATED 4 : EXISTING 4
[2025-04-23 14:08:12,487 INFO OnLogicNuvotonManager.py:342 -> _receive_command()] Recieved Command List [b'\x01', b'\x04', b'\x02', b'!', b'\x00', b'\x00', b'\x07']
[2025-04-23 14:08:12,500 DEBUG DioHandler.py:122 -> set_do()] recieved command bytestr b'\x01\x04\x02!\x00\x00\x07'
[2025-04-23 14:08:12,500 DEBUG OnLogicNuvotonManager.py:214 -> _check_crc()] CALCULATED 4 : EXISTING 4
[2025-04-23 14:08:15,501 INFO OnLogicNuvotonManager.py:342 -> _receive_command()] Recieved Command List [b'\x01', b'\x04', b'\x02', b'!', b'\x00', b'\x00', b'\x07']
[2025-04-23 14:08:15,520 DEBUG DioHandler.py:122 -> set_do()] recieved command bytestr b'\x01\x04\x02!\x00\x00\x07'
[2025-04-23 14:08:15,520 DEBUG OnLogicNuvotonManager.py:214 -> _check_crc()] CALCULATED 4 : EXISTING 4
[2025-04-23 14:08:18,529 INFO OnLogicNuvotonManager.py:342 -> _receive_command()] Recieved Command List [b'\x01', b'\x04', b'\x02', b'!', b'\x00', b'\x00', b'\x07']
[2025-04-23 14:08:18,540 DEBUG DioHandler.py:122 -> set_do()] recieved command bytestr b'\x01\x04\x02!\x00\x00\x07'
[2025-04-23 14:08:18,540 DEBUG OnLogicNuvotonManager.py:214 -> _check_crc()] CALCULATED 4 : EXISTING 4
[2025-04-23 14:08:21,542 INFO OnLogicNuvotonManager.py:342 -> _receive_command()] Recieved Command List [b'\x01', b'\x04', b'\x02', b'!', b'\x00', b'\x00', b'\x07']
[2025-04-23 14:08:21,562 DEBUG DioHandler.py:122 -> set_do()] recieved command bytestr b'\x01\x04\x02!\x00\x00\x07'
[2025-04-23 14:08:21,562 DEBUG OnLogicNuvotonManager.py:214 -> _check_crc()] CALCULATED 4 : EXISTING 4
[2025-04-23 14:08:24,572 INFO OnLogicNuvotonManager.py:342 -> _receive_command()] Recieved Command List [b'\x01', b'\x04', b'\x02', b'!', b'\x00', b'\x00', b'\x07']
[2025-04-23 14:08:24,581 DEBUG DioHandler.py:122 -> set_do()] recieved command bytestr b'\x01\x04\x02!\x00\x00\x07'
[2025-04-23 14:08:24,581 DEBUG OnLogicNuvotonManager.py:214 -> _check_crc()] CALCULATED 4 : EXISTING 4
[2025-04-23 14:08:27,584 INFO OnLogicNuvotonManager.py:342 -> _receive_command()] Recieved Command List [b'\x01', b'\x04', b'\x02', b'!', b'\x00', b'\x00', b'\x07']
[2025-04-23 14:08:27,604 DEBUG DioHandler.py:122 -> set_do()] recieved command bytestr b'\x01\x04\x02!\x00\x00\x07'
[2025-04-23 14:08:27,604 DEBUG OnLogicNuvotonManager.py:214 -> _check_crc()] CALCULATED 4 : EXISTING 4
[2025-04-23 14:08:30,611 INFO OnLogicNuvotonManager.py:342 -> _receive_command()] Recieved Command List [b'\x01', b'\x04', b'\x02', b'!', b'\x00', b'\x00', b'\x07']
[2025-04-23 14:08:30,624 DEBUG DioHandler.py:122 -> set_do()] recieved command bytestr b'\x01\x04\x02!\x00\x00\x07'
[2025-04-23 14:08:30,624 DEBUG OnLogicNuvotonManager.py:214 -> _check_crc()] CALCULATED 4 : EXISTING 4
[2025-04-23 14:08:33,626 INFO OnLogicNuvotonManager.py:342 -> _receive_command()] Recieved Command List [b'\x01', b'\x04', b'\x02', b'!', b'\x00', b'\x00', b'\x07']
[2025-04-23 14:08:33,645 DEBUG DioHandler.py:122 -> set_do()] recieved command bytestr b'\x01\x04\x02!\x00\x00\x07'
[2025-04-23 14:08:33,645 DEBUG OnLogicNuvotonManager.py:214 -> _check_crc()] CALCULATED 4 : EXISTING 4
[2025-04-23 14:08:36,648 INFO OnLogicNuvotonManager.py:342 -> _receive_command()] Recieved Command List [b'\x01', b'\x04', b'\x02', b'!', b'\x00', b'\x00', b'\x07']
[2025-04-23 14:08:36,664 DEBUG DioHandler.py:122 -> set_do()] recieved command bytestr b'\x01\x04\x02!\x00\x00\x07'
[2025-04-23 14:08:36,664 DEBUG OnLogicNuvotonManager.py:214 -> _check_crc()] CALCULATED 4 : EXISTING 4
[2025-04-23 14:08:39,674 INFO OnLogicNuvotonManager.py:342 -> _receive_command()] Recieved Command List [b'\x01', b'\x04', b'\x02', b'!', b'\x00', b'\x00', b'\x07']
[2025-04-23 14:08:39,683 DEBUG DioHandler.py:122 -> set_do()] recieved command bytestr b'\x01\x04\x02!\x00\x00\x07'
[2025-04-23 14:08:39,683 DEBUG OnLogicNuvotonManager.py:214 -> _check_crc()] CALCULATED 4 : EXISTING 4
[2025-04-23 14:08:42,691 INFO OnLogicNuvotonManager.py:342 -> _receive_command()] Recieved Command List [b'\x01', b'\x04', b'\x02', b'!', b'\x00', b'\x00', b'\x07']
[2025-04-23 14:08:42,701 DEBUG DioHandler.py:122 -> set_do()] recieved command bytestr b'\x01\x04\x02!\x00\x00\x07'
[2025-04-23 14:08:42,701 DEBUG OnLogicNuvotonManager.py:214 -> _check_crc()] CALCULATED 4 : EXISTING 4
[2025-04-23 14:08:45,702 INFO OnLogicNuvotonManager.py:342 -> _receive_command()] Recieved Command List [b'\x01', b'\x04', b'\x02', b'!', b'\x00', b'\x00', b'\x07']
[2025-04-23 14:08:45,721 DEBUG DioHandler.py:122 -> set_do()] recieved command bytestr b'\x01\x04\x02!\x00\x00\x07'
[2025-04-23 14:08:45,721 DEBUG OnLogicNuvotonManager.py:214 -> _check_crc()] CALCULATED 4 : EXISTING 4
[2025-04-23 14:08:48,731 INFO OnLogicNuvotonManager.py:342 -> _receive_command()] Recieved Command List [b'\x01', b'\x04', b'\x02', b'!', b'\x00', b'\x00', b'\x07']
[2025-04-23 14:08:48,741 DEBUG DioHandler.py:122 -> set_do()] recieved command bytestr b'\x01\x04\x02!\x00\x00\x07'
[2025-04-23 14:08:48,741 DEBUG OnLogicNuvotonManager.py:214 -> _check_crc()] CALCULATED 4 : EXISTING 4
[2025-04-23 14:08:51,751 INFO OnLogicNuvotonManager.py:342 -> _receive_command()] Recieved Command List [b'\x01', b'\x04', b'\x02', b'!', b'\x00', b'\x00', b'\x07']
[2025-04-23 14:08:51,762 DEBUG DioHandler.py:122 -> set_do()] recieved command bytestr b'\x01\x04\x02!\x00\x00\x07'
[2025-04-23 14:08:51,762 DEBUG OnLogicNuvotonManager.py:214 -> _check_crc()] CALCULATED 4 : EXISTING 4
[2025-04-23 14:08:54,763 INFO OnLogicNuvotonManager.py:342 -> _receive_command()] Recieved Command List [b'\x01', b'\x04', b'\x02', b'!', b'\x00', b'\x00', b'\x07']
[2025-04-23 14:08:54,786 DEBUG DioHandler.py:122 -> set_do()] recieved command bytestr b'\x01\x04\x02!\x00\x00\x07'
[2025-04-23 14:08:54,786 DEBUG OnLogicNuvotonManager.py:214 -> _check_crc()] CALCULATED 4 : EXISTING 4
[2025-04-23 14:08:57,795 INFO OnLogicNuvotonManager.py:342 -> _receive_command()] Recieved Command List [b'\x01', b'\x04', b'\x02', b'!', b'\x00', b'\x00', b'\x07']
[2025-04-23 14:08:57,804 DEBUG DioHandler.py:122 -> set_do()] recieved command bytestr b'\x01\x04\x02!\x00\x00\x07'
[2025-04-23 14:08:57,804 DEBUG OnLogicNuvotonManager.py:214 -> _check_crc()] CALCULATED 4 : EXISTING 4
[2025-04-23 14:09:00,805 INFO OnLogicNuvotonManager.py:342 -> _receive_command()] Recieved Command List [b'\x01', b'\x04', b'\x02', b'!', b'\x00', b'\x00', b'\x07']
[2025-04-23 14:09:00,825 DEBUG DioHandler.py:122 -> set_do()] recieved command bytestr b'\x01\x04\x02!\x00\x00\x07'
[2025-04-23 14:09:00,825 DEBUG OnLogicNuvotonManager.py:214 -> _check_crc()] CALCULATED 4 : EXISTING 4
[2025-04-23 14:09:03,834 INFO OnLogicNuvotonManager.py:342 -> _receive_command()] Recieved Command List [b'\x01', b'\x04', b'\x02', b'!', b'\x00', b'\x00', b'\x07']
[2025-04-23 14:09:03,845 DEBUG DioHandler.py:122 -> set_do()] recieved command bytestr b'\x01\x04\x02!\x00\x00\x07'
[2025-04-23 14:09:03,845 DEBUG OnLogicNuvotonManager.py:214 -> _check_crc()] CALCULATED 4 : EXISTING 4
[2025-04-23 14:09:06,846 INFO OnLogicNuvotonManager.py:342 -> _receive_command()] Recieved Command List [b'\x01', b'\x04', b'\x02', b'!', b'\x00', b'\x00', b'\x07']
[2025-04-23 14:09:06,866 DEBUG DioHandler.py:122 -> set_do()] recieved command bytestr b'\x01\x04\x02!\x00\x00\x07'
[2025-04-23 14:09:06,866 DEBUG OnLogicNuvotonManager.py:214 -> _check_crc()] CALCULATED 4 : EXISTING 4
[2025-04-23 14:09:09,869 INFO OnLogicNuvotonManager.py:342 -> _receive_command()] Recieved Command List [b'\x01', b'\x04', b'\x02', b'!', b'\x00', b'\x00', b'\x07']
[2025-04-23 14:09:09,886 DEBUG DioHandler.py:122 -> set_do()] recieved command bytestr b'\x01\x04\x02!\x00\x00\x07'
[2025-04-23 14:09:09,886 DEBUG OnLogicNuvotonManager.py:214 -> _check_crc()] CALCULATED 4 : EXISTING 4
[2025-04-23 14:09:12,889 INFO OnLogicNuvotonManager.py:342 -> _receive_command()] Recieved Command List [b'\x01', b'\x04', b'\x02', b'!', b'\x00', b'\x00', b'\x07']
[2025-04-23 14:09:12,907 DEBUG DioHandler.py:122 -> set_do()] recieved command bytestr b'\x01\x04\x02!\x00\x00\x07'
[2025-04-23 14:09:12,907 DEBUG OnLogicNuvotonManager.py:214 -> _check_crc()] CALCULATED 4 : EXISTING 4
[2025-04-23 14:09:15,913 INFO OnLogicNuvotonManager.py:342 -> _receive_command()] Recieved Command List [b'\x01', b'\x04', b'\x02', b'!', b'\x00', b'\x00', b'\x07']
[2025-04-23 14:09:15,929 DEBUG DioHandler.py:122 -> set_do()] recieved command bytestr b'\x01\x04\x02!\x00\x00\x07'
[2025-04-23 14:09:15,929 DEBUG OnLogicNuvotonManager.py:214 -> _check_crc()] CALCULATED 4 : EXISTING 4
[2025-04-23 14:09:18,930 INFO OnLogicNuvotonManager.py:342 -> _receive_command()] Recieved Command List [b'\x01', b'\x04', b'\x02', b'!', b'\x00', b'\x00', b'\x07']
[2025-04-23 14:09:18,950 DEBUG DioHandler.py:122 -> set_do()] recieved command bytestr b'\x01\x04\x02!\x00\x00\x07'
[2025-04-23 14:09:18,950 DEBUG OnLogicNuvotonManager.py:214 -> _check_crc()] CALCULATED 4 : EXISTING 4
[2025-04-23 14:09:21,961 INFO OnLogicNuvotonManager.py:342 -> _receive_command()] Recieved Command List [b'\x01', b'\x04', b'\x02', b'!', b'\x00', b'\x00', b'\x07']
[2025-04-23 14:09:21,974 DEBUG DioHandler.py:122 -> set_do()] recieved command bytestr b'\x01\x04\x02!\x00\x00\x07'
[2025-04-23 14:09:21,974 DEBUG OnLogicNuvotonManager.py:214 -> _check_crc()] CALCULATED 4 : EXISTING 4
[2025-04-23 14:09:24,986 INFO OnLogicNuvotonManager.py:342 -> _receive_command()] Recieved Command List [b'\x01', b'\x04', b'\x02', b'!', b'\x00', b'\x00', b'\x07']
[2025-04-23 14:09:24,994 DEBUG DioHandler.py:122 -> set_do()] recieved command bytestr b'\x01\x04\x02!\x00\x00\x07'
[2025-04-23 14:09:24,994 DEBUG OnLogicNuvotonManager.py:214 -> _check_crc()] CALCULATED 4 : EXISTING 4
[2025-04-23 14:09:28,005 INFO OnLogicNuvotonManager.py:342 -> _receive_command()] Recieved Command List [b'\x01', b'\x04', b'\x02', b'!', b'\x00', b'\x00', b'\x07']
[2025-04-23 14:09:28,014 DEBUG DioHandler.py:122 -> set_do()] recieved command bytestr b'\x01\x04\x02!\x00\x00\x07'
[2025-04-23 14:09:28,014 DEBUG OnLogicNuvotonManager.py:214 -> _check_crc()] CALCULATED 4 : EXISTING 4
[2025-04-23 14:09:31,020 INFO OnLogicNuvotonManager.py:342 -> _receive_command()] Recieved Command List [b'\x01', b'\x04', b'\x02', b'!', b'\x00', b'\x00', b'\x07']
[2025-04-23 14:09:31,034 DEBUG DioHandler.py:122 -> set_do()] recieved command bytestr b'\x01\x04\x02!\x00\x00\x07'
[2025-04-23 14:09:31,034 DEBUG OnLogicNuvotonManager.py:214 -> _check_crc()] CALCULATED 4 : EXISTING 4
[2025-04-23 14:09:34,039 INFO OnLogicNuvotonManager.py:342 -> _receive_command()] Recieved Command List [b'\x01', b'\x04', b'\x02', b'!', b'\x00', b'\x00', b'\x07']
[2025-04-23 14:09:34,055 DEBUG DioHandler.py:122 -> set_do()] recieved command bytestr b'\x01\x04\x02!\x00\x00\x07'
[2025-04-23 14:09:34,055 DEBUG OnLogicNuvotonManager.py:214 -> _check_crc()] CALCULATED 4 : EXISTING 4
[2025-04-23 14:09:37,058 INFO OnLogicNuvotonManager.py:342 -> _receive_command()] Recieved Command List [b'\x01', b'\x04', b'\x02', b'!', b'\x00', b'\x00', b'\x07']
[2025-04-23 14:09:37,075 DEBUG DioHandler.py:122 -> set_do()] recieved command bytestr b'\x01\x04\x02!\x00\x00\x07'
[2025-04-23 14:09:37,075 DEBUG OnLogicNuvotonManager.py:214 -> _check_crc()] CALCULATED 4 : EXISTING 4
[2025-04-23 14:09:40,077 INFO OnLogicNuvotonManager.py:342 -> _receive_command()] Recieved Command List [b'\x01', b'\x04', b'\x02', b'!', b'\x00', b'\x00', b'\x07']
[2025-04-23 14:09:40,097 DEBUG DioHandler.py:122 -> set_do()] recieved command bytestr b'\x01\x04\x02!\x00\x00\x07'
[2025-04-23 14:09:40,097 DEBUG OnLogicNuvotonManager.py:214 -> _check_crc()] CALCULATED 4 : EXISTING 4
[2025-04-23 14:09:43,099 INFO OnLogicNuvotonManager.py:342 -> _receive_command()] Recieved Command List [b'\x01', b'\x04', b'\x02', b'!', b'\x00', b'\x00', b'\x07']
[2025-04-23 14:09:43,118 DEBUG DioHandler.py:122 -> set_do()] recieved command bytestr b'\x01\x04\x02!\x00\x00\x07'
[2025-04-23 14:09:43,118 DEBUG OnLogicNuvotonManager.py:214 -> _check_crc()] CALCULATED 4 : EXISTING 4
[2025-04-23 14:09:46,124 INFO OnLogicNuvotonManager.py:342 -> _receive_command()] Recieved Command List [b'\x01', b'\x04', b'\x02', b'!', b'\x00', b'\x00', b'\x07']
[2025-04-23 14:09:46,138 DEBUG DioHandler.py:122 -> set_do()] recieved command bytestr b'\x01\x04\x02!\x00\x00\x07'
[2025-04-23 14:09:46,138 DEBUG OnLogicNuvotonManager.py:214 -> _check_crc()] CALCULATED 4 : EXISTING 4
[2025-04-23 14:09:49,140 INFO OnLogicNuvotonManager.py:342 -> _receive_command()] Recieved Command List [b'\x01', b'\x04', b'\x02', b'!', b'\x00', b'\x00', b'\x07']
[2025-04-23 14:09:49,160 DEBUG DioHandler.py:122 -> set_do()] recieved command bytestr b'\x01\x04\x02!\x00\x00\x07'
[2025-04-23 14:09:49,160 DEBUG OnLogicNuvotonManager.py:214 -> _check_crc()] CALCULATED 4 : EXISTING 4
[2025-04-23 14:09:52,168 INFO OnLogicNuvotonManager.py:342 -> _receive_command()] Recieved Command List [b'\x01', b'\x04', b'\x02', b'!', b'\x00', b'\x00', b'\x07']
[2025-04-23 14:09:52,181 DEBUG DioHandler.py:122 -> set_do()] recieved command bytestr b'\x01\x04\x02!\x00\x00\x07'
[2025-04-23 14:09:52,181 DEBUG OnLogicNuvotonManager.py:214 -> _check_crc()] CALCULATED 4 : EXISTING 4
[2025-04-23 14:09:55,186 INFO OnLogicNuvotonManager.py:342 -> _receive_command()] Recieved Command List [b'\x01', b'\x04', b'\x02', b'!', b'\x00', b'\x00', b'\x07']
[2025-04-23 14:09:55,203 DEBUG DioHandler.py:122 -> set_do()] recieved command bytestr b'\x01\x04\x02!\x00\x00\x07'
[2025-04-23 14:09:55,203 DEBUG OnLogicNuvotonManager.py:214 -> _check_crc()] CALCULATED 4 : EXISTING 4
[2025-04-23 14:09:58,207 INFO OnLogicNuvotonManager.py:342 -> _receive_command()] Recieved Command List [b'\x01', b'\x04', b'\x02', b'!', b'\x00', b'\x00', b'\x07']
[2025-04-23 14:09:58,224 DEBUG DioHandler.py:122 -> set_do()] recieved command bytestr b'\x01\x04\x02!\x00\x00\x07'
[2025-04-23 14:09:58,224 DEBUG OnLogicNuvotonManager.py:214 -> _check_crc()] CALCULATED 4 : EXISTING 4
[2025-04-23 14:10:01,227 INFO OnLogicNuvotonManager.py:342 -> _receive_command()] Recieved Command List [b'\x01', b'\x04', b'\x02', b'!', b'\x00', b'\x00', b'\x07']
[2025-04-23 14:10:01,244 DEBUG DioHandler.py:122 -> set_do()] recieved command bytestr b'\x01\x04\x02!\x00\x00\x07'
[2025-04-23 14:10:01,244 DEBUG OnLogicNuvotonManager.py:214 -> _check_crc()] CALCULATED 4 : EXISTING 4
[2025-04-23 14:10:04,250 INFO OnLogicNuvotonManager.py:342 -> _receive_command()] Recieved Command List [b'\x01', b'\x04', b'\x02', b'!', b'\x00', b'\x00', b'\x07']
[2025-04-23 14:10:04,264 DEBUG DioHandler.py:122 -> set_do()] recieved command bytestr b'\x01\x04\x02!\x00\x00\x07'
[2025-04-23 14:10:04,264 DEBUG OnLogicNuvotonManager.py:214 -> _check_crc()] CALCULATED 4 : EXISTING 4
[2025-04-23 14:10:07,271 INFO OnLogicNuvotonManager.py:342 -> _receive_command()] Recieved Command List [b'\x01', b'\x04', b'\x02', b'!', b'\x00', b'\x00', b'\x07']
[2025-04-23 14:10:07,287 DEBUG DioHandler.py:122 -> set_do()] recieved command bytestr b'\x01\x04\x02!\x00\x00\x07'
[2025-04-23 14:10:07,287 DEBUG OnLogicNuvotonManager.py:214 -> _check_crc()] CALCULATED 4 : EXISTING 4
[2025-04-23 14:10:10,290 INFO OnLogicNuvotonManager.py:342 -> _receive_command()] Recieved Command List [b'\x01', b'\x04', b'\x02', b'!', b'\x00', b'\x00', b'\x07']
[2025-04-23 14:10:10,306 DEBUG DioHandler.py:122 -> set_do()] recieved command bytestr b'\x01\x04\x02!\x00\x00\x07'
[2025-04-23 14:10:10,306 DEBUG OnLogicNuvotonManager.py:214 -> _check_crc()] CALCULATED 4 : EXISTING 4
[2025-04-23 14:10:13,308 INFO OnLogicNuvotonManager.py:342 -> _receive_command()] Recieved Command List [b'\x01', b'\x04', b'\x02', b'!', b'\x00', b'\x00', b'\x07']
[2025-04-23 14:10:13,325 DEBUG DioHandler.py:122 -> set_do()] recieved command bytestr b'\x01\x04\x02!\x00\x00\x07'
[2025-04-23 14:10:13,325 DEBUG OnLogicNuvotonManager.py:214 -> _check_crc()] CALCULATED 4 : EXISTING 4
[2025-04-23 14:10:16,327 INFO OnLogicNuvotonManager.py:342 -> _receive_command()] Recieved Command List [b'\x01', b'\x04', b'\x02', b'!', b'\x00', b'\x00', b'\x07']
[2025-04-23 14:10:16,347 DEBUG DioHandler.py:122 -> set_do()] recieved command bytestr b'\x01\x04\x02!\x00\x00\x07'
[2025-04-23 14:10:16,347 DEBUG OnLogicNuvotonManager.py:214 -> _check_crc()] CALCULATED 4 : EXISTING 4
[2025-04-23 14:10:19,349 INFO OnLogicNuvotonManager.py:342 -> _receive_command()] Recieved Command List [b'\x01', b'\x04', b'\x02', b'!', b'\x00', b'\x00', b'\x07']
[2025-04-23 14:10:19,369 DEBUG DioHandler.py:122 -> set_do()] recieved command bytestr b'\x01\x04\x02!\x00\x00\x07'
[2025-04-23 14:10:19,369 DEBUG OnLogicNuvotonManager.py:214 -> _check_crc()] CALCULATED 4 : EXISTING 4
[2025-04-23 14:10:22,378 INFO OnLogicNuvotonManager.py:342 -> _receive_command()] Recieved Command List [b'\x01', b'\x04', b'\x02', b'!', b'\x00', b'\x00', b'\x07']
[2025-04-23 14:10:22,390 DEBUG DioHandler.py:122 -> set_do()] recieved command bytestr b'\x01\x04\x02!\x00\x00\x07'
[2025-04-23 14:10:22,390 DEBUG OnLogicNuvotonManager.py:214 -> _check_crc()] CALCULATED 4 : EXISTING 4
[2025-04-23 14:10:25,392 INFO OnLogicNuvotonManager.py:342 -> _receive_command()] Recieved Command List [b'\x01', b'\x04', b'\x02', b'!', b'\x00', b'\x00', b'\x07']
[2025-04-23 14:10:25,412 DEBUG DioHandler.py:122 -> set_do()] recieved command bytestr b'\x01\x04\x02!\x00\x00\x07'
[2025-04-23 14:10:25,412 DEBUG OnLogicNuvotonManager.py:214 -> _check_crc()] CALCULATED 4 : EXISTING 4
[2025-04-23 14:10:28,414 INFO OnLogicNuvotonManager.py:342 -> _receive_command()] Recieved Command List [b'\x01', b'\x04', b'\x02', b'!', b'\x00', b'\x00', b'\x07']
[2025-04-23 14:10:28,432 DEBUG DioHandler.py:122 -> set_do()] recieved command bytestr b'\x01\x04\x02!\x00\x00\x07'
[2025-04-23 14:10:28,432 DEBUG OnLogicNuvotonManager.py:214 -> _check_crc()] CALCULATED 4 : EXISTING 4
[2025-04-23 14:10:31,434 INFO OnLogicNuvotonManager.py:342 -> _receive_command()] Recieved Command List [b'\x01', b'\x04', b'\x02', b'!', b'\x00', b'\x00', b'\x07']
[2025-04-23 14:10:31,453 DEBUG DioHandler.py:122 -> set_do()] recieved command bytestr b'\x01\x04\x02!\x00\x00\x07'
[2025-04-23 14:10:31,453 DEBUG OnLogicNuvotonManager.py:214 -> _check_crc()] CALCULATED 4 : EXISTING 4
[2025-04-23 14:10:34,456 INFO OnLogicNuvotonManager.py:342 -> _receive_command()] Recieved Command List [b'\x01', b'\x04', b'\x02', b'!', b'\x00', b'\x00', b'\x07']
[2025-04-23 14:10:34,472 DEBUG DioHandler.py:122 -> set_do()] recieved command bytestr b'\x01\x04\x02!\x00\x00\x07'
[2025-04-23 14:10:34,472 DEBUG OnLogicNuvotonManager.py:214 -> _check_crc()] CALCULATED 4 : EXISTING 4
[2025-04-23 14:10:37,482 INFO OnLogicNuvotonManager.py:342 -> _receive_command()] Recieved Command List [b'\x01', b'\x04', b'\x02', b'!', b'\x00', b'\x00', b'\x07']
[2025-04-23 14:10:37,490 DEBUG DioHandler.py:122 -> set_do()] recieved command bytestr b'\x01\x04\x02!\x00\x00\x07'
[2025-04-23 14:10:37,490 DEBUG OnLogicNuvotonManager.py:214 -> _check_crc()] CALCULATED 4 : EXISTING 4
[2025-04-23 14:10:40,501 INFO OnLogicNuvotonManager.py:342 -> _receive_command()] Recieved Command List [b'\x01', b'\x04', b'\x02', b'!', b'\x00', b'\x00', b'\x07']
[2025-04-23 14:10:40,509 DEBUG DioHandler.py:122 -> set_do()] recieved command bytestr b'\x01\x04\x02!\x00\x00\x07'
[2025-04-23 14:10:40,509 DEBUG OnLogicNuvotonManager.py:214 -> _check_crc()] CALCULATED 4 : EXISTING 4
[2025-04-23 14:10:43,514 INFO OnLogicNuvotonManager.py:342 -> _receive_command()] Recieved Command List [b'\x01', b'\x04', b'\x02', b'!', b'\x00', b'\x00', b'\x07']
[2025-04-23 14:10:43,528 DEBUG DioHandler.py:122 -> set_do()] recieved command bytestr b'\x01\x04\x02!\x00\x00\x07'
[2025-04-23 14:10:43,528 DEBUG OnLogicNuvotonManager.py:214 -> _check_crc()] CALCULATED 4 : EXISTING 4
[2025-04-23 14:10:46,532 INFO OnLogicNuvotonManager.py:342 -> _receive_command()] Recieved Command List [b'\x01', b'\x04', b'\x02', b'!', b'\x00', b'\x00', b'\x07']
[2025-04-23 14:10:46,549 DEBUG DioHandler.py:122 -> set_do()] recieved command bytestr b'\x01\x04\x02!\x00\x00\x07'
[2025-04-23 14:10:46,550 DEBUG OnLogicNuvotonManager.py:214 -> _check_crc()] CALCULATED 4 : EXISTING 4
[2025-04-23 14:10:49,551 INFO OnLogicNuvotonManager.py:342 -> _receive_command()] Recieved Command List [b'\x01', b'\x04', b'\x02', b'!', b'\x00', b'\x00', b'\x07']
[2025-04-23 14:10:49,571 DEBUG DioHandler.py:122 -> set_do()] recieved command bytestr b'\x01\x04\x02!\x00\x00\x07'
[2025-04-23 14:10:49,571 DEBUG OnLogicNuvotonManager.py:214 -> _check_crc()] CALCULATED 4 : EXISTING 4
[2025-04-23 14:10:52,573 INFO OnLogicNuvotonManager.py:342 -> _receive_command()] Recieved Command List [b'\x01', b'\x04', b'\x02', b'!', b'\x00', b'\x00', b'\x07']
[2025-04-23 14:10:52,594 DEBUG DioHandler.py:122 -> set_do()] recieved command bytestr b'\x01\x04\x02!\x00\x00\x07'
[2025-04-23 14:10:52,594 DEBUG OnLogicNuvotonManager.py:214 -> _check_crc()] CALCULATED 4 : EXISTING 4
[2025-04-23 14:10:55,602 INFO OnLogicNuvotonManager.py:342 -> _receive_command()] Recieved Command List [b'\x01', b'\x04', b'\x02', b'!', b'\x00', b'\x00', b'\x07']
[2025-04-23 14:10:55,613 DEBUG DioHandler.py:122 -> set_do()] recieved command bytestr b'\x01\x04\x02!\x00\x00\x07'
[2025-04-23 14:10:55,613 DEBUG OnLogicNuvotonManager.py:214 -> _check_crc()] CALCULATED 4 : EXISTING 4
[2025-04-23 14:10:58,615 INFO OnLogicNuvotonManager.py:342 -> _receive_command()] Recieved Command List [b'\x01', b'\x04', b'\x02', b'!', b'\x00', b'\x00', b'\x07']
[2025-04-23 14:10:58,632 DEBUG DioHandler.py:122 -> set_do()] recieved command bytestr b'\x01\x04\x02!\x00\x00\x07'
[2025-04-23 14:10:58,632 DEBUG OnLogicNuvotonManager.py:214 -> _check_crc()] CALCULATED 4 : EXISTING 4
[2025-04-23 14:11:01,639 INFO OnLogicNuvotonManager.py:342 -> _receive_command()] Recieved Command List [b'\x01', b'\x04', b'\x02', b'!', b'\x00', b'\x00', b'\x07']
[2025-04-23 14:11:01,651 DEBUG DioHandler.py:122 -> set_do()] recieved command bytestr b'\x01\x04\x02!\x00\x00\x07'
[2025-04-23 14:11:01,651 DEBUG OnLogicNuvotonManager.py:214 -> _check_crc()] CALCULATED 4 : EXISTING 4
[2025-04-23 14:11:04,661 INFO OnLogicNuvotonManager.py:342 -> _receive_command()] Recieved Command List [b'\x01', b'\x04', b'\x02', b'!', b'\x00', b'\x00', b'\x07']
[2025-04-23 14:11:04,670 DEBUG DioHandler.py:122 -> set_do()] recieved command bytestr b'\x01\x04\x02!\x00\x00\x07'
[2025-04-23 14:11:04,670 DEBUG OnLogicNuvotonManager.py:214 -> _check_crc()] CALCULATED 4 : EXISTING 4
[2025-04-23 14:11:07,675 INFO OnLogicNuvotonManager.py:342 -> _receive_command()] Recieved Command List [b'\x01', b'\x04', b'\x02', b'!', b'\x00', b'\x00', b'\x07']
[2025-04-23 14:11:07,689 DEBUG DioHandler.py:122 -> set_do()] recieved command bytestr b'\x01\x04\x02!\x00\x00\x07'
[2025-04-23 14:11:07,689 DEBUG OnLogicNuvotonManager.py:214 -> _check_crc()] CALCULATED 4 : EXISTING 4
[2025-04-23 14:11:10,693 INFO OnLogicNuvotonManager.py:342 -> _receive_command()] Recieved Command List [b'\x01', b'\x04', b'\x02', b'!', b'\x00', b'\x00', b'\x07']
[2025-04-23 14:11:10,711 DEBUG DioHandler.py:122 -> set_do()] recieved command bytestr b'\x01\x04\x02!\x00\x00\x07'
[2025-04-23 14:11:10,711 DEBUG OnLogicNuvotonManager.py:214 -> _check_crc()] CALCULATED 4 : EXISTING 4
[2025-04-23 14:11:13,720 INFO OnLogicNuvotonManager.py:342 -> _receive_command()] Recieved Command List [b'\x01', b'\x04', b'\x02', b'!', b'\x00', b'\x00', b'\x07']
[2025-04-23 14:11:13,731 DEBUG DioHandler.py:122 -> set_do()] recieved command bytestr b'\x01\x04\x02!\x00\x00\x07'
[2025-04-23 14:11:13,731 DEBUG OnLogicNuvotonManager.py:214 -> _check_crc()] CALCULATED 4 : EXISTING 4
[2025-04-23 14:11:16,740 INFO OnLogicNuvotonManager.py:342 -> _receive_command()] Recieved Command List [b'\x01', b'\x04', b'\x02', b'!', b'\x00', b'\x00', b'\x07']
[2025-04-23 14:11:16,749 DEBUG DioHandler.py:122 -> set_do()] recieved command bytestr b'\x01\x04\x02!\x00\x00\x07'
[2025-04-23 14:11:16,750 DEBUG OnLogicNuvotonManager.py:214 -> _check_crc()] CALCULATED 4 : EXISTING 4
[2025-04-23 14:11:19,756 INFO OnLogicNuvotonManager.py:342 -> _receive_command()] Recieved Command List [b'\x01', b'\x04', b'\x02', b'!', b'\x00', b'\x00', b'\x07']
[2025-04-23 14:11:19,770 DEBUG DioHandler.py:122 -> set_do()] recieved command bytestr b'\x01\x04\x02!\x00\x00\x07'
[2025-04-23 14:11:19,770 DEBUG OnLogicNuvotonManager.py:214 -> _check_crc()] CALCULATED 4 : EXISTING 4
[2025-04-23 14:11:22,779 INFO OnLogicNuvotonManager.py:342 -> _receive_command()] Recieved Command List [b'\x01', b'\x04', b'\x02', b'!', b'\x00', b'\x00', b'\x07']
[2025-04-23 14:11:22,788 DEBUG DioHandler.py:122 -> set_do()] recieved command bytestr b'\x01\x04\x02!\x00\x00\x07'
[2025-04-23 14:11:22,788 DEBUG OnLogicNuvotonManager.py:214 -> _check_crc()] CALCULATED 4 : EXISTING 4
[2025-04-23 14:11:25,798 INFO OnLogicNuvotonManager.py:342 -> _receive_command()] Recieved Command List [b'\x01', b'\x04', b'\x02', b'!', b'\x00', b'\x00', b'\x07']
[2025-04-23 14:11:25,808 DEBUG DioHandler.py:122 -> set_do()] recieved command bytestr b'\x01\x04\x02!\x00\x00\x07'
[2025-04-23 14:11:25,809 DEBUG OnLogicNuvotonManager.py:214 -> _check_crc()] CALCULATED 4 : EXISTING 4
[2025-04-23 14:11:28,815 INFO OnLogicNuvotonManager.py:342 -> _receive_command()] Recieved Command List [b'\x01', b'\x04', b'\x02', b'!', b'\x00', b'\x00', b'\x07']
[2025-04-23 14:11:28,829 DEBUG DioHandler.py:122 -> set_do()] recieved command bytestr b'\x01\x04\x02!\x00\x00\x07'
[2025-04-23 14:11:28,829 DEBUG OnLogicNuvotonManager.py:214 -> _check_crc()] CALCULATED 4 : EXISTING 4
[2025-04-23 14:11:31,837 INFO OnLogicNuvotonManager.py:342 -> _receive_command()] Recieved Command List [b'\x01', b'\x04', b'\x02', b'!', b'\x00', b'\x00', b'\x07']
[2025-04-23 14:11:31,850 DEBUG DioHandler.py:122 -> set_do()] recieved command bytestr b'\x01\x04\x02!\x00\x00\x07'
[2025-04-23 14:11:31,850 DEBUG OnLogicNuvotonManager.py:214 -> _check_crc()] CALCULATED 4 : EXISTING 4
[2025-04-23 14:11:34,851 INFO OnLogicNuvotonManager.py:342 -> _receive_command()] Recieved Command List [b'\x01', b'\x04', b'\x02', b'!', b'\x00', b'\x00', b'\x07']
[2025-04-23 14:11:34,872 DEBUG DioHandler.py:122 -> set_do()] recieved command bytestr b'\x01\x04\x02!\x00\x00\x07'
[2025-04-23 14:11:34,872 DEBUG OnLogicNuvotonManager.py:214 -> _check_crc()] CALCULATED 4 : EXISTING 4
[2025-04-23 14:11:37,875 INFO OnLogicNuvotonManager.py:342 -> _receive_command()] Recieved Command List [b'\x01', b'\x04', b'\x02', b'!', b'\x00', b'\x00', b'\x07']
[2025-04-23 14:11:37,893 DEBUG DioHandler.py:122 -> set_do()] recieved command bytestr b'\x01\x04\x02!\x00\x00\x07'
[2025-04-23 14:11:37,893 DEBUG OnLogicNuvotonManager.py:214 -> _check_crc()] CALCULATED 4 : EXISTING 4
[2025-04-23 14:11:40,894 INFO OnLogicNuvotonManager.py:342 -> _receive_command()] Recieved Command List [b'\x01', b'\x04', b'\x02', b'!', b'\x00', b'\x00', b'\x07']
[2025-04-23 14:11:40,914 DEBUG DioHandler.py:122 -> set_do()] recieved command bytestr b'\x01\x04\x02!\x00\x00\x07'
[2025-04-23 14:11:40,914 DEBUG OnLogicNuvotonManager.py:214 -> _check_crc()] CALCULATED 4 : EXISTING 4
[2025-04-23 14:11:43,915 INFO OnLogicNuvotonManager.py:342 -> _receive_command()] Recieved Command List [b'\x01', b'\x04', b'\x02', b'!', b'\x00', b'\x00', b'\x07']
[2025-04-23 14:11:43,933 DEBUG DioHandler.py:122 -> set_do()] recieved command bytestr b'\x01\x04\x02!\x00\x00\x07'
[2025-04-23 14:11:43,933 DEBUG OnLogicNuvotonManager.py:214 -> _check_crc()] CALCULATED 4 : EXISTING 4
[2025-04-23 14:11:46,934 INFO OnLogicNuvotonManager.py:342 -> _receive_command()] Recieved Command List [b'\x01', b'\x04', b'\x02', b'!', b'\x00', b'\x00', b'\x07']
[2025-04-23 14:11:46,953 DEBUG DioHandler.py:122 -> set_do()] recieved command bytestr b'\x01\x04\x02!\x00\x00\x07'
[2025-04-23 14:11:46,953 DEBUG OnLogicNuvotonManager.py:214 -> _check_crc()] CALCULATED 4 : EXISTING 4
[2025-04-23 14:11:49,966 INFO OnLogicNuvotonManager.py:342 -> _receive_command()] Recieved Command List [b'\x01', b'\x04', b'\x02', b'!', b'\x00', b'\x00', b'\x07']
[2025-04-23 14:11:49,975 DEBUG DioHandler.py:122 -> set_do()] recieved command bytestr b'\x01\x04\x02!\x00\x00\x07'
[2025-04-23 14:11:49,975 DEBUG OnLogicNuvotonManager.py:214 -> _check_crc()] CALCULATED 4 : EXISTING 4
[2025-04-23 14:11:52,984 INFO OnLogicNuvotonManager.py:342 -> _receive_command()] Recieved Command List [b'\x01', b'\x04', b'\x02', b'!', b'\x00', b'\x00', b'\x07']
[2025-04-23 14:11:52,995 DEBUG DioHandler.py:122 -> set_do()] recieved command bytestr b'\x01\x04\x02!\x00\x00\x07'
[2025-04-23 14:11:52,995 DEBUG OnLogicNuvotonManager.py:214 -> _check_crc()] CALCULATED 4 : EXISTING 4
[2025-04-23 14:11:55,996 INFO OnLogicNuvotonManager.py:342 -> _receive_command()] Recieved Command List [b'\x01', b'\x04', b'\x02', b'!', b'\x00', b'\x00', b'\x07']
[2025-04-23 14:11:56,016 DEBUG DioHandler.py:122 -> set_do()] recieved command bytestr b'\x01\x04\x02!\x00\x00\x07'
[2025-04-23 14:11:56,016 DEBUG OnLogicNuvotonManager.py:214 -> _check_crc()] CALCULATED 4 : EXISTING 4
[2025-04-23 14:11:59,024 INFO OnLogicNuvotonManager.py:342 -> _receive_command()] Recieved Command List [b'\x01', b'\x04', b'\x02', b'!', b'\x00', b'\x00', b'\x07']
[2025-04-23 14:11:59,036 DEBUG DioHandler.py:122 -> set_do()] recieved command bytestr b'\x01\x04\x02!\x00\x00\x07'
[2025-04-23 14:11:59,036 DEBUG OnLogicNuvotonManager.py:214 -> _check_crc()] CALCULATED 4 : EXISTING 4
[2025-04-23 14:12:02,048 INFO OnLogicNuvotonManager.py:342 -> _receive_command()] Recieved Command List [b'\x01', b'\x04', b'\x02', b'!', b'\x00', b'\x00', b'\x07']
[2025-04-23 14:12:02,058 DEBUG DioHandler.py:122 -> set_do()] recieved command bytestr b'\x01\x04\x02!\x00\x00\x07'
[2025-04-23 14:12:02,058 DEBUG OnLogicNuvotonManager.py:214 -> _check_crc()] CALCULATED 4 : EXISTING 4
[2025-04-23 14:12:05,063 INFO OnLogicNuvotonManager.py:342 -> _receive_command()] Recieved Command List [b'\x01', b'\x04', b'\x02', b'!', b'\x00', b'\x00', b'\x07']
[2025-04-23 14:12:05,080 DEBUG DioHandler.py:122 -> set_do()] recieved command bytestr b'\x01\x04\x02!\x00\x00\x07'
[2025-04-23 14:12:05,080 DEBUG OnLogicNuvotonManager.py:214 -> _check_crc()] CALCULATED 4 : EXISTING 4
[2025-04-23 14:12:08,083 INFO OnLogicNuvotonManager.py:342 -> _receive_command()] Recieved Command List [b'\x01', b'\x04', b'\x02', b'!', b'\x00', b'\x00', b'\x07']
[2025-04-23 14:12:08,101 DEBUG DioHandler.py:122 -> set_do()] recieved command bytestr b'\x01\x04\x02!\x00\x00\x07'
[2025-04-23 14:12:08,101 DEBUG OnLogicNuvotonManager.py:214 -> _check_crc()] CALCULATED 4 : EXISTING 4
[2025-04-23 14:12:11,103 INFO OnLogicNuvotonManager.py:342 -> _receive_command()] Recieved Command List [b'\x01', b'\x04', b'\x02', b'!', b'\x00', b'\x00', b'\x07']
[2025-04-23 14:12:11,122 DEBUG DioHandler.py:122 -> set_do()] recieved command bytestr b'\x01\x04\x02!\x00\x00\x07'
[2025-04-23 14:12:11,122 DEBUG OnLogicNuvotonManager.py:214 -> _check_crc()] CALCULATED 4 : EXISTING 4
[2025-04-23 14:12:14,123 INFO OnLogicNuvotonManager.py:342 -> _receive_command()] Recieved Command List [b'\x01', b'\x04', b'\x02', b'!', b'\x00', b'\x00', b'\x07']
[2025-04-23 14:12:14,144 DEBUG DioHandler.py:122 -> set_do()] recieved command bytestr b'\x01\x04\x02!\x00\x00\x07'
[2025-04-23 14:12:14,144 DEBUG OnLogicNuvotonManager.py:214 -> _check_crc()] CALCULATED 4 : EXISTING 4
[2025-04-23 14:12:17,146 INFO OnLogicNuvotonManager.py:342 -> _receive_command()] Recieved Command List [b'\x01', b'\x04', b'\x02', b'!', b'\x00', b'\x00', b'\x07']
[2025-04-23 14:12:17,164 DEBUG DioHandler.py:122 -> set_do()] recieved command bytestr b'\x01\x04\x02!\x00\x00\x07'
[2025-04-23 14:12:17,164 DEBUG OnLogicNuvotonManager.py:214 -> _check_crc()] CALCULATED 4 : EXISTING 4
[2025-04-23 14:12:20,176 INFO OnLogicNuvotonManager.py:342 -> _receive_command()] Recieved Command List [b'\x01', b'\x04', b'\x02', b'!', b'\x00', b'\x00', b'\x07']
[2025-04-23 14:12:20,185 DEBUG DioHandler.py:122 -> set_do()] recieved command bytestr b'\x01\x04\x02!\x00\x00\x07'
[2025-04-23 14:12:20,185 DEBUG OnLogicNuvotonManager.py:214 -> _check_crc()] CALCULATED 4 : EXISTING 4
[2025-04-23 14:12:23,189 INFO OnLogicNuvotonManager.py:342 -> _receive_command()] Recieved Command List [b'\x01', b'\x04', b'\x02', b'!', b'\x00', b'\x00', b'\x07']
[2025-04-23 14:12:23,206 DEBUG DioHandler.py:122 -> set_do()] recieved command bytestr b'\x01\x04\x02!\x00\x00\x07'
[2025-04-23 14:12:23,206 DEBUG OnLogicNuvotonManager.py:214 -> _check_crc()] CALCULATED 4 : EXISTING 4
[2025-04-23 14:12:26,211 INFO OnLogicNuvotonManager.py:342 -> _receive_command()] Recieved Command List [b'\x01', b'\x04', b'\x02', b'!', b'\x00', b'\x00', b'\x07']
[2025-04-23 14:12:26,227 DEBUG DioHandler.py:122 -> set_do()] recieved command bytestr b'\x01\x04\x02!\x00\x00\x07'
[2025-04-23 14:12:26,227 DEBUG OnLogicNuvotonManager.py:214 -> _check_crc()] CALCULATED 4 : EXISTING 4
[2025-04-23 14:12:29,232 INFO OnLogicNuvotonManager.py:342 -> _receive_command()] Recieved Command List [b'\x01', b'\x04', b'\x02', b'!', b'\x00', b'\x00', b'\x07']
[2025-04-23 14:12:29,246 DEBUG DioHandler.py:122 -> set_do()] recieved command bytestr b'\x01\x04\x02!\x00\x00\x07'
[2025-04-23 14:12:29,246 DEBUG OnLogicNuvotonManager.py:214 -> _check_crc()] CALCULATED 4 : EXISTING 4
[2025-04-23 14:12:32,252 INFO OnLogicNuvotonManager.py:342 -> _receive_command()] Recieved Command List [b'\x01', b'\x04', b'\x02', b'!', b'\x00', b'\x00', b'\x07']
[2025-04-23 14:12:32,266 DEBUG DioHandler.py:122 -> set_do()] recieved command bytestr b'\x01\x04\x02!\x00\x00\x07'
[2025-04-23 14:12:32,266 DEBUG OnLogicNuvotonManager.py:214 -> _check_crc()] CALCULATED 4 : EXISTING 4
[2025-04-23 14:12:35,275 INFO OnLogicNuvotonManager.py:342 -> _receive_command()] Recieved Command List [b'\x01', b'\x04', b'\x02', b'!', b'\x00', b'\x00', b'\x07']
[2025-04-23 14:12:35,284 DEBUG DioHandler.py:122 -> set_do()] recieved command bytestr b'\x01\x04\x02!\x00\x00\x07'
[2025-04-23 14:12:35,284 DEBUG OnLogicNuvotonManager.py:214 -> _check_crc()] CALCULATED 4 : EXISTING 4
[2025-04-23 14:12:38,290 INFO OnLogicNuvotonManager.py:342 -> _receive_command()] Recieved Command List [b'\x01', b'\x04', b'\x02', b'!', b'\x00', b'\x00', b'\x07']
[2025-04-23 14:12:38,304 DEBUG DioHandler.py:122 -> set_do()] recieved command bytestr b'\x01\x04\x02!\x00\x00\x07'
[2025-04-23 14:12:38,304 DEBUG OnLogicNuvotonManager.py:214 -> _check_crc()] CALCULATED 4 : EXISTING 4
[2025-04-23 14:12:41,314 INFO OnLogicNuvotonManager.py:342 -> _receive_command()] Recieved Command List [b'\x01', b'\x04', b'\x02', b'!', b'\x00', b'\x00', b'\x07']
[2025-04-23 14:12:41,324 DEBUG DioHandler.py:122 -> set_do()] recieved command bytestr b'\x01\x04\x02!\x00\x00\x07'
[2025-04-23 14:12:41,324 DEBUG OnLogicNuvotonManager.py:214 -> _check_crc()] CALCULATED 4 : EXISTING 4
[2025-04-23 14:12:44,334 INFO OnLogicNuvotonManager.py:342 -> _receive_command()] Recieved Command List [b'\x01', b'\x04', b'\x02', b'!', b'\x00', b'\x00', b'\x07']
[2025-04-23 14:12:44,343 DEBUG DioHandler.py:122 -> set_do()] recieved command bytestr b'\x01\x04\x02!\x00\x00\x07'
[2025-04-23 14:12:44,343 DEBUG OnLogicNuvotonManager.py:214 -> _check_crc()] CALCULATED 4 : EXISTING 4
[2025-04-23 14:12:47,351 INFO OnLogicNuvotonManager.py:342 -> _receive_command()] Recieved Command List [b'\x01', b'\x04', b'\x02', b'!', b'\x00', b'\x00', b'\x07']
[2025-04-23 14:12:47,361 DEBUG DioHandler.py:122 -> set_do()] recieved command bytestr b'\x01\x04\x02!\x00\x00\x07'
[2025-04-23 14:12:47,361 DEBUG OnLogicNuvotonManager.py:214 -> _check_crc()] CALCULATED 4 : EXISTING 4
[2025-04-23 14:12:50,367 INFO OnLogicNuvotonManager.py:342 -> _receive_command()] Recieved Command List [b'\x01', b'\x04', b'\x02', b'!', b'\x00', b'\x00', b'\x07']
[2025-04-23 14:12:50,381 DEBUG DioHandler.py:122 -> set_do()] recieved command bytestr b'\x01\x04\x02!\x00\x00\x07'
[2025-04-23 14:12:50,381 DEBUG OnLogicNuvotonManager.py:214 -> _check_crc()] CALCULATED 4 : EXISTING 4
[2025-04-23 14:12:53,387 INFO OnLogicNuvotonManager.py:342 -> _receive_command()] Recieved Command List [b'\x01', b'\x04', b'\x02', b'!', b'\x00', b'\x00', b'\x07']
[2025-04-23 14:12:53,399 DEBUG DioHandler.py:122 -> set_do()] recieved command bytestr b'\x01\x04\x02!\x00\x00\x07'
[2025-04-23 14:12:53,400 DEBUG OnLogicNuvotonManager.py:214 -> _check_crc()] CALCULATED 4 : EXISTING 4
[2025-04-23 14:12:56,401 INFO OnLogicNuvotonManager.py:342 -> _receive_command()] Recieved Command List [b'\x01', b'\x04', b'\x02', b'!', b'\x00', b'\x00', b'\x07']
[2025-04-23 14:12:56,422 DEBUG DioHandler.py:122 -> set_do()] recieved command bytestr b'\x01\x04\x02!\x00\x00\x07'
[2025-04-23 14:12:56,422 DEBUG OnLogicNuvotonManager.py:214 -> _check_crc()] CALCULATED 4 : EXISTING 4
