[2025-04-22 14:14:57,435 INFO LoggingUtil.py:72 -> _create_logger()] Logger Initialized...
[2025-04-22 14:14:57,442 INFO OnLogicNuvotonManager.py:96 -> _get_cdc_device_port()] Port: COM17 - USB Serial Device (COM17)
Port Location: 1-8:x.0
Hardware ID: USB VID:PID=353F:A105 SER=5&19A50B79&0&8 LOCATION=1-8:x.0
Device: COM17

[2025-04-22 14:14:57,470 INFO OnLogicNuvotonManager.py:137 -> _mcu_connection_check()] Interface Found
[2025-04-22 14:14:57,484 INFO OnLogicNuvotonManager.py:299 -> _construct_command()] Constructed Command b'\x01_\x01S\x01'
[2025-04-22 14:14:57,506 INFO OnLogicNuvotonManager.py:337 -> _receive_command()] Recieved Command List [b'\x01', b'X', b'\x01', b'S', b'\x00', b'\x07']
[2025-04-22 14:14:57,516 DEBUG DioHandler.py:230 -> set_do_contact()] recieved command bytestr b'\x01X\x01S\x00\x07'
[2025-04-22 14:14:57,516 DEBUG OnLogicNuvotonManager.py:209 -> _check_crc()] CALCULATED 88 : EXISTING 88
[2025-04-22 14:14:57,516 INFO OnLogicNuvotonManager.py:299 -> _construct_command()] Constructed Command b'\x01\xb0\x00Q'
[2025-04-22 14:14:57,520 INFO OnLogicNuvotonManager.py:337 -> _receive_command()] Recieved Command List [b'\x01', b'u', b'\x01', b'Q', b'\x01', b'\x07']
[2025-04-22 14:14:57,534 DEBUG DioHandler.py:175 -> get_do_contact()] recieved command bytestr b'\x01u\x01Q\x01\x07'
[2025-04-22 14:14:57,534 DEBUG OnLogicNuvotonManager.py:209 -> _check_crc()] CALCULATED 117 : EXISTING 117
[2025-04-22 14:14:57,534 INFO OnLogicNuvotonManager.py:299 -> _construct_command()] Constructed Command b'\x01\x04\x02!\x00\x00'
[2025-04-22 14:14:57,535 INFO OnLogicNuvotonManager.py:337 -> _receive_command()] Recieved Command List [b'\x01', b'\x04', b'\x02', b'!', b'\x00', b'\x00', b'\x07']
[2025-04-22 14:14:57,551 DEBUG DioHandler.py:126 -> set_do()] recieved command bytestr b'\x01\x04\x02!\x00\x00\x07'
[2025-04-22 14:14:57,551 DEBUG OnLogicNuvotonManager.py:209 -> _check_crc()] CALCULATED 4 : EXISTING 4
[2025-04-22 14:15:00,552 INFO OnLogicNuvotonManager.py:299 -> _construct_command()] Constructed Command b'\x01\x03\x02!\x00\x01'
[2025-04-22 14:15:00,552 INFO OnLogicNuvotonManager.py:337 -> _receive_command()] Recieved Command List [b'\x01', b'\x04', b'\x02', b'!', b'\x00', b'\x00', b'\x07']
[2025-04-22 14:15:00,573 DEBUG DioHandler.py:126 -> set_do()] recieved command bytestr b'\x01\x04\x02!\x00\x00\x07'
[2025-04-22 14:15:00,573 DEBUG OnLogicNuvotonManager.py:209 -> _check_crc()] CALCULATED 4 : EXISTING 4
[2025-04-22 14:15:03,574 INFO OnLogicNuvotonManager.py:337 -> _receive_command()] Recieved Command List [b'\x01', b'\x04', b'\x02', b'!', b'\x00', b'\x00', b'\x07']
[2025-04-22 14:15:03,592 DEBUG DioHandler.py:126 -> set_do()] recieved command bytestr b'\x01\x04\x02!\x00\x00\x07'
[2025-04-22 14:15:03,592 DEBUG OnLogicNuvotonManager.py:209 -> _check_crc()] CALCULATED 4 : EXISTING 4
