[2025-04-30 22:04:46,587 INFO LoggingUtil.py:72 -> _create_logger()] Logger Initialized...
[2025-04-30 22:04:46,590 INFO OnLogicNuvotonManager.py:104 -> _get_cdc_device_port()] NOTE | DIO CARD FOUND ON:
Port: /dev/ttyACM0 - HX52x USB
Port Location: 3-8:1.0
Hardware ID: USB VID:PID=353F:A105 LOCATION=3-8:1.0
Device: /dev/ttyACM0

[2025-04-30 22:04:46,592 DEBUG OnLogicNuvotonManager.py:152 -> _mcu_connection_check()] b'\x07'
[2025-04-30 22:04:46,596 DEBUG OnLogicNuvotonManager.py:152 -> _mcu_connection_check()] b'\x07'
[2025-04-30 22:04:46,599 DEBUG OnLogicNuvotonManager.py:152 -> _mcu_connection_check()] b'\x07'
[2025-04-30 22:04:46,603 DEBUG OnLogicNuvotonManager.py:152 -> _mcu_connection_check()] b'\x07'
[2025-04-30 22:04:46,607 DEBUG OnLogicNuvotonManager.py:152 -> _mcu_connection_check()] b'\x07'
[2025-04-30 22:04:46,610 INFO OnLogicNuvotonManager.py:158 -> _mcu_connection_check()] Interface Found
[2025-04-30 22:04:46,643 INFO OnLogicNuvotonManager.py:341 -> _construct_command()] Constructed Command b'\x01\xc5\x01 \x00'
[2025-04-30 22:04:46,651 INFO OnLogicNuvotonManager.py:440 -> _receive_command()] Recieved Command List [b'\x01', b'h', b'\x02', b' ', b'\x00', b'\x01', b'\x07']
[2025-04-30 22:04:46,658 DEBUG DioHandler.py:70 -> get_di()] recieved command bytestr b'\x01h\x02 \x00\x01\x07'
[2025-04-30 22:04:46,658 DEBUG OnLogicNuvotonManager.py:235 -> _check_crc()] CALCULATED 104 : EXISTING 104
[2025-04-30 22:04:46,658 INFO OnLogicNuvotonManager.py:341 -> _construct_command()] Constructed Command b'\x01\xc2\x01 \x01'
[2025-04-30 22:04:46,665 INFO OnLogicNuvotonManager.py:440 -> _receive_command()] Recieved Command List [b'\x01', b'}', b'\x02', b' ', b'\x01', b'\x01', b'\x07']
[2025-04-30 22:04:46,674 DEBUG DioHandler.py:70 -> get_di()] recieved command bytestr b'\x01}\x02 \x01\x01\x07'
[2025-04-30 22:04:46,674 DEBUG OnLogicNuvotonManager.py:235 -> _check_crc()] CALCULATED 125 : EXISTING 125
[2025-04-30 22:04:46,674 INFO OnLogicNuvotonManager.py:341 -> _construct_command()] Constructed Command b'\x01\xcb\x01 \x02'
[2025-04-30 22:04:46,683 INFO OnLogicNuvotonManager.py:440 -> _receive_command()] Recieved Command List [b'\x01', b'B', b'\x02', b' ', b'\x02', b'\x01', b'\x07']
[2025-04-30 22:04:46,689 DEBUG DioHandler.py:70 -> get_di()] recieved command bytestr b'\x01B\x02 \x02\x01\x07'
[2025-04-30 22:04:46,689 DEBUG OnLogicNuvotonManager.py:235 -> _check_crc()] CALCULATED 66 : EXISTING 66
[2025-04-30 22:04:46,689 INFO OnLogicNuvotonManager.py:341 -> _construct_command()] Constructed Command b'\x01\xcc\x01 \x03'
[2025-04-30 22:04:46,696 INFO OnLogicNuvotonManager.py:440 -> _receive_command()] Recieved Command List [b'\x01', b'W', b'\x02', b' ', b'\x03', b'\x01', b'\x07']
[2025-04-30 22:04:46,705 DEBUG DioHandler.py:70 -> get_di()] recieved command bytestr b'\x01W\x02 \x03\x01\x07'
[2025-04-30 22:04:46,705 DEBUG OnLogicNuvotonManager.py:235 -> _check_crc()] CALCULATED 87 : EXISTING 87
[2025-04-30 22:04:46,705 INFO OnLogicNuvotonManager.py:341 -> _construct_command()] Constructed Command b'\x01\xd9\x01 \x04'
[2025-04-30 22:04:46,713 INFO OnLogicNuvotonManager.py:440 -> _receive_command()] Recieved Command List [b'\x01', b'<', b'\x02', b' ', b'\x04', b'\x01', b'\x07']
[2025-04-30 22:04:46,720 DEBUG DioHandler.py:70 -> get_di()] recieved command bytestr b'\x01<\x02 \x04\x01\x07'
[2025-04-30 22:04:46,720 DEBUG OnLogicNuvotonManager.py:235 -> _check_crc()] CALCULATED 60 : EXISTING 60
[2025-04-30 22:04:46,720 INFO OnLogicNuvotonManager.py:341 -> _construct_command()] Constructed Command b'\x01\xde\x01 \x05'
[2025-04-30 22:04:46,730 INFO OnLogicNuvotonManager.py:440 -> _receive_command()] Recieved Command List [b'\x01', b')', b'\x02', b' ', b'\x05', b'\x01', b'\x07']
[2025-04-30 22:04:46,737 DEBUG DioHandler.py:70 -> get_di()] recieved command bytestr b'\x01)\x02 \x05\x01\x07'
[2025-04-30 22:04:46,737 DEBUG OnLogicNuvotonManager.py:235 -> _check_crc()] CALCULATED 41 : EXISTING 41
[2025-04-30 22:04:46,737 INFO OnLogicNuvotonManager.py:341 -> _construct_command()] Constructed Command b'\x01\xd7\x01 \x06'
[2025-04-30 22:04:46,746 INFO OnLogicNuvotonManager.py:440 -> _receive_command()] Recieved Command List [b'\x01', b'\x16', b'\x02', b' ', b'\x06', b'\x01', b'\x07']
[2025-04-30 22:04:46,753 DEBUG DioHandler.py:70 -> get_di()] recieved command bytestr b'\x01\x16\x02 \x06\x01\x07'
[2025-04-30 22:04:46,753 DEBUG OnLogicNuvotonManager.py:235 -> _check_crc()] CALCULATED 22 : EXISTING 22
[2025-04-30 22:04:46,753 INFO OnLogicNuvotonManager.py:341 -> _construct_command()] Constructed Command b'\x01\xd0\x01 \x07'
[2025-04-30 22:04:46,761 INFO OnLogicNuvotonManager.py:440 -> _receive_command()] Recieved Command List [b'\x01', b'\x03', b'\x02', b' ', b'\x07', b'\x01', b'\x07']
[2025-04-30 22:04:46,770 DEBUG DioHandler.py:70 -> get_di()] recieved command bytestr b'\x01\x03\x02 \x07\x01\x07'
[2025-04-30 22:04:46,771 DEBUG OnLogicNuvotonManager.py:235 -> _check_crc()] CALCULATED 3 : EXISTING 3
[2025-04-30 22:04:46,771 INFO OnLogicNuvotonManager.py:341 -> _construct_command()] Constructed Command b'\x01\xef\x01"\x00'
