[2025-06-24 17:13:58,667 INFO onlogic_m031_manager.py:140 -> list_all_available_ports()] /dev/ttyACM0 - HX52x USB
[2025-06-24 17:13:58,667 INFO onlogic_m031_manager.py:140 -> list_all_available_ports()] /dev/ttyS0 - n/a
[2025-06-24 17:13:58,667 INFO onlogic_m031_manager.py:140 -> list_all_available_ports()] /dev/ttyS1 - n/a
[2025-06-24 17:13:58,667 INFO onlogic_m031_manager.py:140 -> list_all_available_ports()] /dev/ttyS2 - n/a
[2025-06-24 17:13:58,667 INFO onlogic_m031_manager.py:140 -> list_all_available_ports()] /dev/ttyS3 - n/a
[2025-06-24 17:13:58,667 INFO onlogic_m031_manager.py:140 -> list_all_available_ports()] /dev/ttyS4 - n/a
[2025-06-24 17:13:58,667 INFO onlogic_m031_manager.py:140 -> list_all_available_ports()] /dev/ttyS5 - n/a
[2025-06-24 17:13:58,667 INFO onlogic_m031_manager.py:140 -> list_all_available_ports()] /dev/ttyS6 - n/a
[2025-06-24 17:13:58,667 INFO onlogic_m031_manager.py:140 -> list_all_available_ports()] /dev/ttyS7 - n/a
[2025-06-24 17:13:58,667 INFO onlogic_m031_manager.py:140 -> list_all_available_ports()] /dev/ttyS8 - n/a
[2025-06-24 17:13:58,667 INFO onlogic_m031_manager.py:140 -> list_all_available_ports()] /dev/ttyS9 - n/a
[2025-06-24 17:13:58,667 INFO onlogic_m031_manager.py:140 -> list_all_available_ports()] /dev/ttyS10 - n/a
[2025-06-24 17:13:58,667 INFO onlogic_m031_manager.py:140 -> list_all_available_ports()] /dev/ttyS11 - n/a
[2025-06-24 17:13:58,667 INFO onlogic_m031_manager.py:140 -> list_all_available_ports()] /dev/ttyS12 - n/a
[2025-06-24 17:13:58,667 INFO onlogic_m031_manager.py:140 -> list_all_available_ports()] /dev/ttyS13 - n/a
[2025-06-24 17:13:58,668 INFO onlogic_m031_manager.py:140 -> list_all_available_ports()] /dev/ttyS14 - n/a
[2025-06-24 17:13:58,668 INFO onlogic_m031_manager.py:140 -> list_all_available_ports()] /dev/ttyS15 - n/a
[2025-06-24 17:13:58,668 INFO onlogic_m031_manager.py:140 -> list_all_available_ports()] /dev/ttyS16 - n/a
[2025-06-24 17:13:58,668 INFO onlogic_m031_manager.py:140 -> list_all_available_ports()] /dev/ttyS17 - n/a
[2025-06-24 17:13:58,668 INFO onlogic_m031_manager.py:140 -> list_all_available_ports()] /dev/ttyS18 - n/a
[2025-06-24 17:13:58,668 INFO onlogic_m031_manager.py:140 -> list_all_available_ports()] /dev/ttyS19 - n/a
[2025-06-24 17:13:58,668 INFO onlogic_m031_manager.py:140 -> list_all_available_ports()] /dev/ttyS20 - n/a
[2025-06-24 17:13:58,668 INFO onlogic_m031_manager.py:140 -> list_all_available_ports()] /dev/ttyS21 - n/a
[2025-06-24 17:13:58,668 INFO onlogic_m031_manager.py:140 -> list_all_available_ports()] /dev/ttyS22 - n/a
[2025-06-24 17:13:58,668 INFO onlogic_m031_manager.py:140 -> list_all_available_ports()] /dev/ttyS23 - n/a
[2025-06-24 17:13:58,668 INFO onlogic_m031_manager.py:140 -> list_all_available_ports()] /dev/ttyS24 - n/a
[2025-06-24 17:13:58,668 INFO onlogic_m031_manager.py:140 -> list_all_available_ports()] /dev/ttyS25 - n/a
[2025-06-24 17:13:58,668 INFO onlogic_m031_manager.py:140 -> list_all_available_ports()] /dev/ttyS26 - n/a
[2025-06-24 17:13:58,668 INFO onlogic_m031_manager.py:140 -> list_all_available_ports()] /dev/ttyS27 - n/a
[2025-06-24 17:13:58,668 INFO onlogic_m031_manager.py:140 -> list_all_available_ports()] /dev/ttyS28 - n/a
[2025-06-24 17:13:58,668 INFO onlogic_m031_manager.py:140 -> list_all_available_ports()] /dev/ttyS29 - n/a
[2025-06-24 17:13:58,668 INFO onlogic_m031_manager.py:140 -> list_all_available_ports()] /dev/ttyS30 - n/a
[2025-06-24 17:13:58,668 INFO onlogic_m031_manager.py:140 -> list_all_available_ports()] /dev/ttyS31 - n/a
[2025-06-24 17:13:58,670 INFO onlogic_m031_manager.py:172 -> _get_cdc_device_port()] NOTE | DIO CARD FOUND ON:
Port: /dev/ttyACM0 - HX52x USB
Port Location: 3-8:1.0
Hardware ID: USB VID:PID=353F:A105 LOCATION=3-8:1.0
Device: /dev/ttyACM0
[2025-06-24 17:13:58,671 DEBUG onlogic_m031_manager.py:263 -> _mcu_connection_check()] b'\x07'
[2025-06-24 17:13:58,675 DEBUG onlogic_m031_manager.py:263 -> _mcu_connection_check()] b'\x07'
[2025-06-24 17:13:58,678 DEBUG onlogic_m031_manager.py:263 -> _mcu_connection_check()] b'\x07'
[2025-06-24 17:13:58,681 DEBUG onlogic_m031_manager.py:263 -> _mcu_connection_check()] b'\x07'
[2025-06-24 17:13:58,685 DEBUG onlogic_m031_manager.py:263 -> _mcu_connection_check()] b'\x07'
[2025-06-24 17:13:58,688 INFO onlogic_m031_manager.py:271 -> _mcu_connection_check()] Interface Found
[2025-06-24 17:13:58,853 INFO onlogic_m031_manager.py:586 -> claim()] Serial Port Claimed
[2025-06-24 17:13:58,853 INFO onlogic_m031_manager.py:641 -> _construct_command()] Constructed Command b'\x01\x07\x00\x01'
[2025-06-24 17:13:59,017 DEBUG onlogic_m031_manager.py:660 -> _send_command()] Length of Command to send: 4
[2025-06-24 17:13:59,018 DEBUG onlogic_m031_manager.py:665 -> _send_command()] Sending 1 | b'\x01'
[2025-06-24 17:13:59,018 DEBUG onlogic_m031_manager.py:665 -> _send_command()] Sending 7 | b'\x07'
[2025-06-24 17:13:59,019 DEBUG onlogic_m031_manager.py:665 -> _send_command()] Sending 0 | b'\x00'
[2025-06-24 17:13:59,020 DEBUG onlogic_m031_manager.py:665 -> _send_command()] Sending 1 | b'\x01'
[2025-06-24 17:13:59,021 DEBUG onlogic_m031_manager.py:714 -> _receive_command()] Received Byte: b'\x01'
[2025-06-24 17:13:59,022 DEBUG onlogic_m031_manager.py:714 -> _receive_command()] Received Byte: b'\x08'
[2025-06-24 17:13:59,022 DEBUG onlogic_m031_manager.py:714 -> _receive_command()] Received Byte: b'\x04'
[2025-06-24 17:13:59,023 DEBUG onlogic_m031_manager.py:714 -> _receive_command()] Received Byte: b'\x01'
[2025-06-24 17:13:59,023 DEBUG onlogic_m031_manager.py:719 -> _receive_command()] Validating Partial Frame [b'\x01', b'\x08', b'\x04', b'\x01']
[2025-06-24 17:13:59,023 DEBUG onlogic_m031_manager.py:714 -> _receive_command()] Received Byte: b'\x00'
[2025-06-24 17:13:59,024 DEBUG onlogic_m031_manager.py:714 -> _receive_command()] Received Byte: b'\xa4'
[2025-06-24 17:13:59,024 DEBUG onlogic_m031_manager.py:714 -> _receive_command()] Received Byte: b'\xc0'
[2025-06-24 17:13:59,025 DEBUG onlogic_m031_manager.py:714 -> _receive_command()] Received Byte: b'A'
[2025-06-24 17:13:59,026 DEBUG onlogic_m031_manager.py:714 -> _receive_command()] Received Byte: b'\x07'
[2025-06-24 17:13:59,026 INFO onlogic_m031_manager.py:738 -> _receive_command()] Received Command List [b'\x01', b'\x08', b'\x04', b'\x01', b'\x00', b'\xa4', b'\xc0', b'A', b'\x07']
[2025-06-24 17:13:59,134 DEBUG automotive_handler.py:819 -> get_input_voltage()] Recieved Command Bytes: b'\x01\x08\x04\x01\x00\xa4\xc0A\x07'
[2025-06-24 17:13:59,134 DEBUG onlogic_m031_manager.py:425 -> _check_crc()] CALCULATED 8 : EXISTING 8
[2025-06-24 17:13:59,134 DEBUG onlogic_m031_manager.py:456 -> _within_valid_range()] Indices to check [4, 5, 6, 7]
[2025-06-24 17:13:59,134 DEBUG onlogic_m031_manager.py:523 -> _validate_recieved_frame()] Validated frame successfully: b'\x01\x08\x04\x01\x00\xa4\xc0A\x07'
[2025-06-24 17:13:59,134 INFO onlogic_m031_manager.py:641 -> _construct_command()] Constructed Command b'\x01@\x04\x13\x00\x00\xa8A'
[2025-06-24 17:13:59,298 DEBUG onlogic_m031_manager.py:660 -> _send_command()] Length of Command to send: 8
[2025-06-24 17:13:59,298 DEBUG onlogic_m031_manager.py:665 -> _send_command()] Sending 1 | b'\x01'
[2025-06-24 17:13:59,299 DEBUG onlogic_m031_manager.py:665 -> _send_command()] Sending 64 | b'@'
[2025-06-24 17:13:59,299 DEBUG onlogic_m031_manager.py:665 -> _send_command()] Sending 4 | b'\x04'
[2025-06-24 17:13:59,300 DEBUG onlogic_m031_manager.py:665 -> _send_command()] Sending 19 | b'\x13'
[2025-06-24 17:13:59,300 DEBUG onlogic_m031_manager.py:665 -> _send_command()] Sending 0 | b'\x00'
[2025-06-24 17:13:59,301 DEBUG onlogic_m031_manager.py:665 -> _send_command()] Sending 0 | b'\x00'
[2025-06-24 17:13:59,302 DEBUG onlogic_m031_manager.py:665 -> _send_command()] Sending 168 | b'\xa8'
[2025-06-24 17:13:59,302 DEBUG onlogic_m031_manager.py:665 -> _send_command()] Sending 65 | b'A'
[2025-06-24 17:13:59,325 DEBUG onlogic_m031_manager.py:714 -> _receive_command()] Received Byte: b'\x01'
[2025-06-24 17:13:59,325 DEBUG onlogic_m031_manager.py:714 -> _receive_command()] Received Byte: b'@'
[2025-06-24 17:13:59,326 DEBUG onlogic_m031_manager.py:714 -> _receive_command()] Received Byte: b'\x04'
[2025-06-24 17:13:59,326 DEBUG onlogic_m031_manager.py:714 -> _receive_command()] Received Byte: b'\x13'
[2025-06-24 17:13:59,326 DEBUG onlogic_m031_manager.py:719 -> _receive_command()] Validating Partial Frame [b'\x01', b'@', b'\x04', b'\x13']
[2025-06-24 17:13:59,327 DEBUG onlogic_m031_manager.py:714 -> _receive_command()] Received Byte: b'\x00'
[2025-06-24 17:13:59,327 DEBUG onlogic_m031_manager.py:714 -> _receive_command()] Received Byte: b'\x00'
[2025-06-24 17:13:59,328 DEBUG onlogic_m031_manager.py:714 -> _receive_command()] Received Byte: b'\xa8'
[2025-06-24 17:13:59,328 DEBUG onlogic_m031_manager.py:714 -> _receive_command()] Received Byte: b'A'
[2025-06-24 17:13:59,329 DEBUG onlogic_m031_manager.py:714 -> _receive_command()] Received Byte: b'\x07'
[2025-06-24 17:13:59,329 INFO onlogic_m031_manager.py:738 -> _receive_command()] Received Command List [b'\x01', b'@', b'\x04', b'\x13', b'\x00', b'\x00', b'\xa8', b'A', b'\x07']
[2025-06-24 17:13:59,430 DEBUG automotive_handler.py:787 -> set_shutdown_voltage()] Recieved Command Bytes: b'\x01@\x04\x13\x00\x00\xa8A\x07'
[2025-06-24 17:13:59,430 DEBUG onlogic_m031_manager.py:425 -> _check_crc()] CALCULATED 64 : EXISTING 64
[2025-06-24 17:13:59,430 DEBUG onlogic_m031_manager.py:456 -> _within_valid_range()] Indices to check [4, 5, 6, 7]
[2025-06-24 17:13:59,430 DEBUG onlogic_m031_manager.py:523 -> _validate_recieved_frame()] Validated frame successfully: b'\x01@\x04\x13\x00\x00\xa8A\x07'
[2025-06-24 17:13:59,431 INFO onlogic_m031_manager.py:641 -> _construct_command()] Constructed Command b'\x01~\x00\x12'
[2025-06-24 17:13:59,591 DEBUG onlogic_m031_manager.py:660 -> _send_command()] Length of Command to send: 4
[2025-06-24 17:13:59,591 DEBUG onlogic_m031_manager.py:665 -> _send_command()] Sending 1 | b'\x01'
[2025-06-24 17:13:59,592 DEBUG onlogic_m031_manager.py:665 -> _send_command()] Sending 126 | b'~'
[2025-06-24 17:13:59,592 DEBUG onlogic_m031_manager.py:665 -> _send_command()] Sending 0 | b'\x00'
[2025-06-24 17:13:59,593 DEBUG onlogic_m031_manager.py:665 -> _send_command()] Sending 18 | b'\x12'
[2025-06-24 17:13:59,594 DEBUG onlogic_m031_manager.py:714 -> _receive_command()] Received Byte: b'\x01'
[2025-06-24 17:13:59,594 DEBUG onlogic_m031_manager.py:714 -> _receive_command()] Received Byte: b'"'
[2025-06-24 17:13:59,594 DEBUG onlogic_m031_manager.py:714 -> _receive_command()] Received Byte: b'\x04'
[2025-06-24 17:13:59,595 DEBUG onlogic_m031_manager.py:714 -> _receive_command()] Received Byte: b'\x12'
[2025-06-24 17:13:59,595 DEBUG onlogic_m031_manager.py:719 -> _receive_command()] Validating Partial Frame [b'\x01', b'"', b'\x04', b'\x12']
[2025-06-24 17:13:59,595 DEBUG onlogic_m031_manager.py:714 -> _receive_command()] Received Byte: b'\x00'
[2025-06-24 17:13:59,596 DEBUG onlogic_m031_manager.py:714 -> _receive_command()] Received Byte: b'\x00'
[2025-06-24 17:13:59,596 DEBUG onlogic_m031_manager.py:714 -> _receive_command()] Received Byte: b'\xa8'
[2025-06-24 17:13:59,596 DEBUG onlogic_m031_manager.py:714 -> _receive_command()] Received Byte: b'A'
[2025-06-24 17:13:59,597 DEBUG onlogic_m031_manager.py:714 -> _receive_command()] Received Byte: b'\x07'
[2025-06-24 17:13:59,597 INFO onlogic_m031_manager.py:738 -> _receive_command()] Received Command List [b'\x01', b'"', b'\x04', b'\x12', b'\x00', b'\x00', b'\xa8', b'A', b'\x07']
[2025-06-24 17:13:59,702 DEBUG automotive_handler.py:685 -> get_shutdown_voltage()] Recieved Command Bytes: b'\x01"\x04\x12\x00\x00\xa8A\x07'
[2025-06-24 17:13:59,702 DEBUG onlogic_m031_manager.py:425 -> _check_crc()] CALCULATED 34 : EXISTING 34
[2025-06-24 17:13:59,702 DEBUG onlogic_m031_manager.py:456 -> _within_valid_range()] Indices to check [4, 5, 6, 7]
[2025-06-24 17:13:59,702 DEBUG onlogic_m031_manager.py:523 -> _validate_recieved_frame()] Validated frame successfully: b'\x01"\x04\x12\x00\x00\xa8A\x07'
[2025-06-24 17:13:59,861 DEBUG onlogic_m031_manager.py:660 -> _send_command()] Length of Command to send: 4
[2025-06-24 17:13:59,861 DEBUG onlogic_m031_manager.py:665 -> _send_command()] Sending 1 | b'\x01'
[2025-06-24 17:13:59,862 DEBUG onlogic_m031_manager.py:665 -> _send_command()] Sending 7 | b'\x07'
[2025-06-24 17:13:59,862 DEBUG onlogic_m031_manager.py:665 -> _send_command()] Sending 0 | b'\x00'
[2025-06-24 17:13:59,863 DEBUG onlogic_m031_manager.py:665 -> _send_command()] Sending 1 | b'\x01'
[2025-06-24 17:13:59,864 DEBUG onlogic_m031_manager.py:714 -> _receive_command()] Received Byte: b'\x01'
[2025-06-24 17:13:59,865 DEBUG onlogic_m031_manager.py:714 -> _receive_command()] Received Byte: b'\xc2'
[2025-06-24 17:13:59,865 DEBUG onlogic_m031_manager.py:714 -> _receive_command()] Received Byte: b'\x04'
[2025-06-24 17:13:59,865 DEBUG onlogic_m031_manager.py:714 -> _receive_command()] Received Byte: b'\x01'
[2025-06-24 17:13:59,865 DEBUG onlogic_m031_manager.py:719 -> _receive_command()] Validating Partial Frame [b'\x01', b'\xc2', b'\x04', b'\x01']
[2025-06-24 17:13:59,865 DEBUG onlogic_m031_manager.py:714 -> _receive_command()] Received Byte: b'\x80'
[2025-06-24 17:13:59,866 DEBUG onlogic_m031_manager.py:714 -> _receive_command()] Received Byte: b'\xe2'
[2025-06-24 17:13:59,866 DEBUG onlogic_m031_manager.py:714 -> _receive_command()] Received Byte: b'\xc0'
[2025-06-24 17:13:59,867 DEBUG onlogic_m031_manager.py:714 -> _receive_command()] Received Byte: b'A'
[2025-06-24 17:13:59,867 DEBUG onlogic_m031_manager.py:714 -> _receive_command()] Received Byte: b'\x07'
[2025-06-24 17:13:59,867 INFO onlogic_m031_manager.py:738 -> _receive_command()] Received Command List [b'\x01', b'\xc2', b'\x04', b'\x01', b'\x80', b'\xe2', b'\xc0', b'A', b'\x07']
[2025-06-24 17:13:59,974 DEBUG automotive_handler.py:819 -> get_input_voltage()] Recieved Command Bytes: b'\x01\xc2\x04\x01\x80\xe2\xc0A\x07'
[2025-06-24 17:13:59,974 DEBUG onlogic_m031_manager.py:425 -> _check_crc()] CALCULATED 194 : EXISTING 194
[2025-06-24 17:13:59,974 DEBUG onlogic_m031_manager.py:456 -> _within_valid_range()] Indices to check [4, 5, 6, 7]
[2025-06-24 17:13:59,974 DEBUG onlogic_m031_manager.py:523 -> _validate_recieved_frame()] Validated frame successfully: b'\x01\xc2\x04\x01\x80\xe2\xc0A\x07'
[2025-06-24 17:14:01,162 INFO onlogic_m031_manager.py:596 -> release()] Serial Port Successfully Released
