[2025-06-24 17:14:46,714 INFO onlogic_m031_manager.py:140 -> list_all_available_ports()] /dev/ttyACM0 - HX52x USB
[2025-06-24 17:14:46,714 INFO onlogic_m031_manager.py:140 -> list_all_available_ports()] /dev/ttyS0 - n/a
[2025-06-24 17:14:46,714 INFO onlogic_m031_manager.py:140 -> list_all_available_ports()] /dev/ttyS1 - n/a
[2025-06-24 17:14:46,714 INFO onlogic_m031_manager.py:140 -> list_all_available_ports()] /dev/ttyS2 - n/a
[2025-06-24 17:14:46,714 INFO onlogic_m031_manager.py:140 -> list_all_available_ports()] /dev/ttyS3 - n/a
[2025-06-24 17:14:46,714 INFO onlogic_m031_manager.py:140 -> list_all_available_ports()] /dev/ttyS4 - n/a
[2025-06-24 17:14:46,714 INFO onlogic_m031_manager.py:140 -> list_all_available_ports()] /dev/ttyS5 - n/a
[2025-06-24 17:14:46,714 INFO onlogic_m031_manager.py:140 -> list_all_available_ports()] /dev/ttyS6 - n/a
[2025-06-24 17:14:46,715 INFO onlogic_m031_manager.py:140 -> list_all_available_ports()] /dev/ttyS7 - n/a
[2025-06-24 17:14:46,715 INFO onlogic_m031_manager.py:140 -> list_all_available_ports()] /dev/ttyS8 - n/a
[2025-06-24 17:14:46,715 INFO onlogic_m031_manager.py:140 -> list_all_available_ports()] /dev/ttyS9 - n/a
[2025-06-24 17:14:46,715 INFO onlogic_m031_manager.py:140 -> list_all_available_ports()] /dev/ttyS10 - n/a
[2025-06-24 17:14:46,715 INFO onlogic_m031_manager.py:140 -> list_all_available_ports()] /dev/ttyS11 - n/a
[2025-06-24 17:14:46,715 INFO onlogic_m031_manager.py:140 -> list_all_available_ports()] /dev/ttyS12 - n/a
[2025-06-24 17:14:46,715 INFO onlogic_m031_manager.py:140 -> list_all_available_ports()] /dev/ttyS13 - n/a
[2025-06-24 17:14:46,715 INFO onlogic_m031_manager.py:140 -> list_all_available_ports()] /dev/ttyS14 - n/a
[2025-06-24 17:14:46,715 INFO onlogic_m031_manager.py:140 -> list_all_available_ports()] /dev/ttyS15 - n/a
[2025-06-24 17:14:46,715 INFO onlogic_m031_manager.py:140 -> list_all_available_ports()] /dev/ttyS16 - n/a
[2025-06-24 17:14:46,715 INFO onlogic_m031_manager.py:140 -> list_all_available_ports()] /dev/ttyS17 - n/a
[2025-06-24 17:14:46,715 INFO onlogic_m031_manager.py:140 -> list_all_available_ports()] /dev/ttyS18 - n/a
[2025-06-24 17:14:46,715 INFO onlogic_m031_manager.py:140 -> list_all_available_ports()] /dev/ttyS19 - n/a
[2025-06-24 17:14:46,715 INFO onlogic_m031_manager.py:140 -> list_all_available_ports()] /dev/ttyS20 - n/a
[2025-06-24 17:14:46,715 INFO onlogic_m031_manager.py:140 -> list_all_available_ports()] /dev/ttyS21 - n/a
[2025-06-24 17:14:46,715 INFO onlogic_m031_manager.py:140 -> list_all_available_ports()] /dev/ttyS22 - n/a
[2025-06-24 17:14:46,715 INFO onlogic_m031_manager.py:140 -> list_all_available_ports()] /dev/ttyS23 - n/a
[2025-06-24 17:14:46,715 INFO onlogic_m031_manager.py:140 -> list_all_available_ports()] /dev/ttyS24 - n/a
[2025-06-24 17:14:46,715 INFO onlogic_m031_manager.py:140 -> list_all_available_ports()] /dev/ttyS25 - n/a
[2025-06-24 17:14:46,715 INFO onlogic_m031_manager.py:140 -> list_all_available_ports()] /dev/ttyS26 - n/a
[2025-06-24 17:14:46,715 INFO onlogic_m031_manager.py:140 -> list_all_available_ports()] /dev/ttyS27 - n/a
[2025-06-24 17:14:46,715 INFO onlogic_m031_manager.py:140 -> list_all_available_ports()] /dev/ttyS28 - n/a
[2025-06-24 17:14:46,715 INFO onlogic_m031_manager.py:140 -> list_all_available_ports()] /dev/ttyS29 - n/a
[2025-06-24 17:14:46,715 INFO onlogic_m031_manager.py:140 -> list_all_available_ports()] /dev/ttyS30 - n/a
[2025-06-24 17:14:46,715 INFO onlogic_m031_manager.py:140 -> list_all_available_ports()] /dev/ttyS31 - n/a
[2025-06-24 17:14:46,717 INFO onlogic_m031_manager.py:172 -> _get_cdc_device_port()] NOTE | DIO CARD FOUND ON:
Port: /dev/ttyACM0 - HX52x USB
Port Location: 3-8:1.0
Hardware ID: USB VID:PID=353F:A105 LOCATION=3-8:1.0
Device: /dev/ttyACM0
[2025-06-24 17:14:46,719 DEBUG onlogic_m031_manager.py:263 -> _mcu_connection_check()] b'\x07'
[2025-06-24 17:14:46,722 DEBUG onlogic_m031_manager.py:263 -> _mcu_connection_check()] b'\x07'
[2025-06-24 17:14:46,725 DEBUG onlogic_m031_manager.py:263 -> _mcu_connection_check()] b'\x07'
[2025-06-24 17:14:46,729 DEBUG onlogic_m031_manager.py:263 -> _mcu_connection_check()] b'\x07'
[2025-06-24 17:14:46,732 DEBUG onlogic_m031_manager.py:263 -> _mcu_connection_check()] b'\x07'
[2025-06-24 17:14:46,735 INFO onlogic_m031_manager.py:271 -> _mcu_connection_check()] Interface Found
[2025-06-24 17:14:46,901 INFO onlogic_m031_manager.py:586 -> claim()] Serial Port Claimed
[2025-06-24 17:14:46,901 INFO onlogic_m031_manager.py:641 -> _construct_command()] Constructed Command b'\x01\t\x00\x03'
[2025-06-24 17:14:46,941 DEBUG onlogic_m031_manager.py:660 -> _send_command()] Length of Command to send: 4
[2025-06-24 17:14:46,942 DEBUG onlogic_m031_manager.py:665 -> _send_command()] Sending 1 | b'\x01'
[2025-06-24 17:14:46,942 DEBUG onlogic_m031_manager.py:665 -> _send_command()] Sending 9 | b'\t'
[2025-06-24 17:14:46,943 DEBUG onlogic_m031_manager.py:665 -> _send_command()] Sending 0 | b'\x00'
[2025-06-24 17:14:46,944 DEBUG onlogic_m031_manager.py:665 -> _send_command()] Sending 3 | b'\x03'
[2025-06-24 17:14:46,944 DEBUG onlogic_m031_manager.py:714 -> _receive_command()] Received Byte: b'\x01'
[2025-06-24 17:14:46,945 DEBUG onlogic_m031_manager.py:714 -> _receive_command()] Received Byte: b'\x9b'
[2025-06-24 17:14:46,945 DEBUG onlogic_m031_manager.py:714 -> _receive_command()] Received Byte: b'\x03'
[2025-06-24 17:14:46,946 DEBUG onlogic_m031_manager.py:714 -> _receive_command()] Received Byte: b'\x03'
[2025-06-24 17:14:46,946 DEBUG onlogic_m031_manager.py:719 -> _receive_command()] Validating Partial Frame [b'\x01', b'\x9b', b'\x03', b'\x03']
[2025-06-24 17:14:46,946 DEBUG onlogic_m031_manager.py:714 -> _receive_command()] Received Byte: b'\x00'
[2025-06-24 17:14:46,947 DEBUG onlogic_m031_manager.py:714 -> _receive_command()] Received Byte: b'\x03'
[2025-06-24 17:14:46,947 DEBUG onlogic_m031_manager.py:714 -> _receive_command()] Received Byte: b'\x08'
[2025-06-24 17:14:46,947 DEBUG onlogic_m031_manager.py:714 -> _receive_command()] Received Byte: b'\x07'
[2025-06-24 17:14:46,947 INFO onlogic_m031_manager.py:738 -> _receive_command()] Received Command List [b'\x01', b'\x9b', b'\x03', b'\x03', b'\x00', b'\x03', b'\x08', b'\x07']
[2025-06-24 17:14:46,973 DEBUG onlogic_m031_manager.py:843 -> get_version()] Recieved Command Bytes b'\x01\x9b\x03\x03\x00\x03\x08\x07'
[2025-06-24 17:14:46,973 DEBUG onlogic_m031_manager.py:425 -> _check_crc()] CALCULATED 155 : EXISTING 155
[2025-06-24 17:14:46,973 DEBUG onlogic_m031_manager.py:456 -> _within_valid_range()] Indices to check [4, 5, 6]
[2025-06-24 17:14:46,973 DEBUG onlogic_m031_manager.py:523 -> _validate_recieved_frame()] Validated frame successfully: b'\x01\x9b\x03\x03\x00\x03\x08\x07'
[2025-06-24 17:14:46,973 INFO onlogic_m031_manager.py:641 -> _construct_command()] Constructed Command b'\x01\x00\x01\x07\x00'
[2025-06-24 17:14:47,132 DEBUG onlogic_m031_manager.py:660 -> _send_command()] Length of Command to send: 5
[2025-06-24 17:14:47,132 DEBUG onlogic_m031_manager.py:665 -> _send_command()] Sending 1 | b'\x01'
[2025-06-24 17:14:47,133 DEBUG onlogic_m031_manager.py:665 -> _send_command()] Sending 0 | b'\x00'
[2025-06-24 17:14:47,134 DEBUG onlogic_m031_manager.py:665 -> _send_command()] Sending 1 | b'\x01'
[2025-06-24 17:14:47,134 DEBUG onlogic_m031_manager.py:665 -> _send_command()] Sending 7 | b'\x07'
[2025-06-24 17:14:47,135 DEBUG onlogic_m031_manager.py:665 -> _send_command()] Sending 0 | b'\x00'
[2025-06-24 17:14:47,157 DEBUG onlogic_m031_manager.py:714 -> _receive_command()] Received Byte: b'\x01'
[2025-06-24 17:14:47,158 DEBUG onlogic_m031_manager.py:714 -> _receive_command()] Received Byte: b'\x00'
[2025-06-24 17:14:47,158 DEBUG onlogic_m031_manager.py:714 -> _receive_command()] Received Byte: b'\x01'
[2025-06-24 17:14:47,159 DEBUG onlogic_m031_manager.py:714 -> _receive_command()] Received Byte: b'\x07'
[2025-06-24 17:14:47,159 DEBUG onlogic_m031_manager.py:719 -> _receive_command()] Validating Partial Frame [b'\x01', b'\x00', b'\x01', b'\x07']
[2025-06-24 17:14:47,159 DEBUG onlogic_m031_manager.py:714 -> _receive_command()] Received Byte: b'\x00'
[2025-06-24 17:14:47,160 DEBUG onlogic_m031_manager.py:714 -> _receive_command()] Received Byte: b'\x07'
[2025-06-24 17:14:47,161 INFO onlogic_m031_manager.py:738 -> _receive_command()] Received Command List [b'\x01', b'\x00', b'\x01', b'\x07', b'\x00', b'\x07']
[2025-06-24 17:14:47,257 DEBUG automotive_handler.py:216 -> set_automotive_mode()] Recieved Command Bytes: b'\x01\x00\x01\x07\x00\x07'
[2025-06-24 17:14:47,258 DEBUG onlogic_m031_manager.py:425 -> _check_crc()] CALCULATED 0 : EXISTING 0
[2025-06-24 17:14:47,258 DEBUG onlogic_m031_manager.py:523 -> _validate_recieved_frame()] Validated frame successfully: b'\x01\x00\x01\x07\x00\x07'
[2025-06-24 17:14:47,258 INFO onlogic_m031_manager.py:641 -> _construct_command()] Constructed Command b'\x01\x12\x00\x06'
[2025-06-24 17:14:47,414 DEBUG onlogic_m031_manager.py:660 -> _send_command()] Length of Command to send: 4
[2025-06-24 17:14:47,414 DEBUG onlogic_m031_manager.py:665 -> _send_command()] Sending 1 | b'\x01'
[2025-06-24 17:14:47,415 DEBUG onlogic_m031_manager.py:665 -> _send_command()] Sending 18 | b'\x12'
[2025-06-24 17:14:47,415 DEBUG onlogic_m031_manager.py:665 -> _send_command()] Sending 0 | b'\x00'
[2025-06-24 17:14:47,416 DEBUG onlogic_m031_manager.py:665 -> _send_command()] Sending 6 | b'\x06'
[2025-06-24 17:14:47,417 DEBUG onlogic_m031_manager.py:714 -> _receive_command()] Received Byte: b'\x01'
[2025-06-24 17:14:47,418 DEBUG onlogic_m031_manager.py:714 -> _receive_command()] Received Byte: b'\x15'
[2025-06-24 17:14:47,418 DEBUG onlogic_m031_manager.py:714 -> _receive_command()] Received Byte: b'\x01'
[2025-06-24 17:14:47,418 DEBUG onlogic_m031_manager.py:714 -> _receive_command()] Received Byte: b'\x06'
[2025-06-24 17:14:47,418 DEBUG onlogic_m031_manager.py:719 -> _receive_command()] Validating Partial Frame [b'\x01', b'\x15', b'\x01', b'\x06']
[2025-06-24 17:14:47,418 DEBUG onlogic_m031_manager.py:714 -> _receive_command()] Received Byte: b'\x00'
[2025-06-24 17:14:47,419 DEBUG onlogic_m031_manager.py:714 -> _receive_command()] Received Byte: b'\x07'
[2025-06-24 17:14:47,419 INFO onlogic_m031_manager.py:738 -> _receive_command()] Received Command List [b'\x01', b'\x15', b'\x01', b'\x06', b'\x00', b'\x07']
[2025-06-24 17:14:47,516 DEBUG automotive_handler.py:170 -> get_automotive_mode()] Recieved Command Bytes: b'\x01\x15\x01\x06\x00\x07'
[2025-06-24 17:14:47,516 DEBUG onlogic_m031_manager.py:425 -> _check_crc()] CALCULATED 21 : EXISTING 21
[2025-06-24 17:14:47,516 DEBUG onlogic_m031_manager.py:523 -> _validate_recieved_frame()] Validated frame successfully: b'\x01\x15\x01\x06\x00\x07'
[2025-06-24 17:14:47,516 INFO onlogic_m031_manager.py:641 -> _construct_command()] Constructed Command b'\x01\xd6\x01\t\x00'
[2025-06-24 17:14:47,672 DEBUG onlogic_m031_manager.py:660 -> _send_command()] Length of Command to send: 5
[2025-06-24 17:14:47,672 DEBUG onlogic_m031_manager.py:665 -> _send_command()] Sending 1 | b'\x01'
[2025-06-24 17:14:47,673 DEBUG onlogic_m031_manager.py:665 -> _send_command()] Sending 214 | b'\xd6'
[2025-06-24 17:14:47,673 DEBUG onlogic_m031_manager.py:665 -> _send_command()] Sending 1 | b'\x01'
[2025-06-24 17:14:47,674 DEBUG onlogic_m031_manager.py:665 -> _send_command()] Sending 9 | b'\t'
[2025-06-24 17:14:47,674 DEBUG onlogic_m031_manager.py:665 -> _send_command()] Sending 0 | b'\x00'
[2025-06-24 17:14:47,697 DEBUG onlogic_m031_manager.py:714 -> _receive_command()] Received Byte: b'\x01'
[2025-06-24 17:14:47,697 DEBUG onlogic_m031_manager.py:714 -> _receive_command()] Received Byte: b'\xd6'
[2025-06-24 17:14:47,698 DEBUG onlogic_m031_manager.py:714 -> _receive_command()] Received Byte: b'\x01'
[2025-06-24 17:14:47,698 DEBUG onlogic_m031_manager.py:714 -> _receive_command()] Received Byte: b'\t'
[2025-06-24 17:14:47,698 DEBUG onlogic_m031_manager.py:719 -> _receive_command()] Validating Partial Frame [b'\x01', b'\xd6', b'\x01', b'\t']
[2025-06-24 17:14:47,699 DEBUG onlogic_m031_manager.py:714 -> _receive_command()] Received Byte: b'\x00'
[2025-06-24 17:14:47,700 DEBUG onlogic_m031_manager.py:714 -> _receive_command()] Received Byte: b'\x07'
[2025-06-24 17:14:47,700 INFO onlogic_m031_manager.py:738 -> _receive_command()] Received Command List [b'\x01', b'\xd6', b'\x01', b'\t', b'\x00', b'\x07']
[2025-06-24 17:14:47,795 DEBUG automotive_handler.py:297 -> set_low_power_enable()] Recieved Command Bytes: b'\x01\xd6\x01\t\x00\x07'
[2025-06-24 17:14:47,795 DEBUG onlogic_m031_manager.py:425 -> _check_crc()] CALCULATED 214 : EXISTING 214
[2025-06-24 17:14:47,795 DEBUG onlogic_m031_manager.py:523 -> _validate_recieved_frame()] Validated frame successfully: b'\x01\xd6\x01\t\x00\x07'
[2025-06-24 17:14:47,795 INFO onlogic_m031_manager.py:641 -> _construct_command()] Constructed Command b'\x018\x00\x08'
[2025-06-24 17:14:47,952 DEBUG onlogic_m031_manager.py:660 -> _send_command()] Length of Command to send: 4
[2025-06-24 17:14:47,952 DEBUG onlogic_m031_manager.py:665 -> _send_command()] Sending 1 | b'\x01'
[2025-06-24 17:14:47,953 DEBUG onlogic_m031_manager.py:665 -> _send_command()] Sending 56 | b'8'
[2025-06-24 17:14:47,953 DEBUG onlogic_m031_manager.py:665 -> _send_command()] Sending 0 | b'\x00'
[2025-06-24 17:14:47,954 DEBUG onlogic_m031_manager.py:665 -> _send_command()] Sending 8 | b'\x08'
[2025-06-24 17:14:47,955 DEBUG onlogic_m031_manager.py:714 -> _receive_command()] Received Byte: b'\x01'
[2025-06-24 17:14:47,955 DEBUG onlogic_m031_manager.py:714 -> _receive_command()] Received Byte: b'\xc3'
[2025-06-24 17:14:47,955 DEBUG onlogic_m031_manager.py:714 -> _receive_command()] Received Byte: b'\x01'
[2025-06-24 17:14:47,956 DEBUG onlogic_m031_manager.py:714 -> _receive_command()] Received Byte: b'\x08'
[2025-06-24 17:14:47,956 DEBUG onlogic_m031_manager.py:719 -> _receive_command()] Validating Partial Frame [b'\x01', b'\xc3', b'\x01', b'\x08']
[2025-06-24 17:14:47,956 DEBUG onlogic_m031_manager.py:714 -> _receive_command()] Received Byte: b'\x00'
[2025-06-24 17:14:47,957 DEBUG onlogic_m031_manager.py:714 -> _receive_command()] Received Byte: b'\x07'
[2025-06-24 17:14:47,957 INFO onlogic_m031_manager.py:738 -> _receive_command()] Received Command List [b'\x01', b'\xc3', b'\x01', b'\x08', b'\x00', b'\x07']
[2025-06-24 17:14:48,053 DEBUG automotive_handler.py:254 -> get_low_power_enable()] Recieved Command Bytes: b'\x01\xc3\x01\x08\x00\x07'
[2025-06-24 17:14:48,053 DEBUG onlogic_m031_manager.py:425 -> _check_crc()] CALCULATED 195 : EXISTING 195
[2025-06-24 17:14:48,053 DEBUG onlogic_m031_manager.py:523 -> _validate_recieved_frame()] Validated frame successfully: b'\x01\xc3\x01\x08\x00\x07'
[2025-06-24 17:14:48,053 INFO onlogic_m031_manager.py:641 -> _construct_command()] Constructed Command b'\x01\xae\x08\x0b\x0b\x00\x00\x00\x00\x00\x00\x00'
[2025-06-24 17:14:48,227 DEBUG onlogic_m031_manager.py:660 -> _send_command()] Length of Command to send: 12
[2025-06-24 17:14:48,227 DEBUG onlogic_m031_manager.py:665 -> _send_command()] Sending 1 | b'\x01'
[2025-06-24 17:14:48,227 DEBUG onlogic_m031_manager.py:665 -> _send_command()] Sending 174 | b'\xae'
[2025-06-24 17:14:48,228 DEBUG onlogic_m031_manager.py:665 -> _send_command()] Sending 8 | b'\x08'
[2025-06-24 17:14:48,229 DEBUG onlogic_m031_manager.py:665 -> _send_command()] Sending 11 | b'\x0b'
[2025-06-24 17:14:48,230 DEBUG onlogic_m031_manager.py:665 -> _send_command()] Sending 11 | b'\x0b'
[2025-06-24 17:14:48,230 DEBUG onlogic_m031_manager.py:665 -> _send_command()] Sending 0 | b'\x00'
[2025-06-24 17:14:48,231 DEBUG onlogic_m031_manager.py:665 -> _send_command()] Sending 0 | b'\x00'
[2025-06-24 17:14:48,232 DEBUG onlogic_m031_manager.py:665 -> _send_command()] Sending 0 | b'\x00'
[2025-06-24 17:14:48,233 DEBUG onlogic_m031_manager.py:665 -> _send_command()] Sending 0 | b'\x00'
[2025-06-24 17:14:48,233 DEBUG onlogic_m031_manager.py:665 -> _send_command()] Sending 0 | b'\x00'
[2025-06-24 17:14:48,234 DEBUG onlogic_m031_manager.py:665 -> _send_command()] Sending 0 | b'\x00'
[2025-06-24 17:14:48,235 DEBUG onlogic_m031_manager.py:665 -> _send_command()] Sending 0 | b'\x00'
[2025-06-24 17:14:48,257 DEBUG onlogic_m031_manager.py:714 -> _receive_command()] Received Byte: b'\x01'
[2025-06-24 17:14:48,257 DEBUG onlogic_m031_manager.py:714 -> _receive_command()] Received Byte: b'\xae'
[2025-06-24 17:14:48,259 DEBUG onlogic_m031_manager.py:714 -> _receive_command()] Received Byte: b'\x08'
[2025-06-24 17:14:48,259 DEBUG onlogic_m031_manager.py:714 -> _receive_command()] Received Byte: b'\x0b'
[2025-06-24 17:14:48,259 DEBUG onlogic_m031_manager.py:719 -> _receive_command()] Validating Partial Frame [b'\x01', b'\xae', b'\x08', b'\x0b']
[2025-06-24 17:14:48,260 DEBUG onlogic_m031_manager.py:714 -> _receive_command()] Received Byte: b'\x0b'
[2025-06-24 17:14:48,260 DEBUG onlogic_m031_manager.py:714 -> _receive_command()] Received Byte: b'\x00'
[2025-06-24 17:14:48,261 DEBUG onlogic_m031_manager.py:714 -> _receive_command()] Received Byte: b'\x00'
[2025-06-24 17:14:48,261 DEBUG onlogic_m031_manager.py:714 -> _receive_command()] Received Byte: b'\x00'
[2025-06-24 17:14:48,262 DEBUG onlogic_m031_manager.py:714 -> _receive_command()] Received Byte: b'\x00'
[2025-06-24 17:14:48,262 DEBUG onlogic_m031_manager.py:714 -> _receive_command()] Received Byte: b'\x00'
[2025-06-24 17:14:48,263 DEBUG onlogic_m031_manager.py:714 -> _receive_command()] Received Byte: b'\x00'
[2025-06-24 17:14:48,263 DEBUG onlogic_m031_manager.py:714 -> _receive_command()] Received Byte: b'\x00'
[2025-06-24 17:14:48,264 DEBUG onlogic_m031_manager.py:714 -> _receive_command()] Received Byte: b'\x07'
[2025-06-24 17:14:48,264 INFO onlogic_m031_manager.py:738 -> _receive_command()] Received Command List [b'\x01', b'\xae', b'\x08', b'\x0b', b'\x0b', b'\x00', b'\x00', b'\x00', b'\x00', b'\x00', b'\x00', b'\x00', b'\x07']
[2025-06-24 17:14:48,375 DEBUG automotive_handler.py:386 -> set_start_up_timer()] Recieved Command Bytes: b'\x01\xae\x08\x0b\x0b\x00\x00\x00\x00\x00\x00\x00\x07'
[2025-06-24 17:14:48,375 DEBUG onlogic_m031_manager.py:425 -> _check_crc()] CALCULATED 174 : EXISTING 174
[2025-06-24 17:14:48,375 DEBUG onlogic_m031_manager.py:456 -> _within_valid_range()] Indices to check [8, 9, 10, 11]
[2025-06-24 17:14:48,375 DEBUG onlogic_m031_manager.py:523 -> _validate_recieved_frame()] Validated frame successfully: b'\x01\xae\x08\x0b\x0b\x00\x00\x00\x00\x00\x00\x00\x07'
[2025-06-24 17:14:48,375 INFO onlogic_m031_manager.py:641 -> _construct_command()] Constructed Command b'\x016\x00\n'
[2025-06-24 17:14:48,534 DEBUG onlogic_m031_manager.py:660 -> _send_command()] Length of Command to send: 4
[2025-06-24 17:14:48,534 DEBUG onlogic_m031_manager.py:665 -> _send_command()] Sending 1 | b'\x01'
[2025-06-24 17:14:48,535 DEBUG onlogic_m031_manager.py:665 -> _send_command()] Sending 54 | b'6'
[2025-06-24 17:14:48,536 DEBUG onlogic_m031_manager.py:665 -> _send_command()] Sending 0 | b'\x00'
[2025-06-24 17:14:48,536 DEBUG onlogic_m031_manager.py:665 -> _send_command()] Sending 10 | b'\n'
[2025-06-24 17:14:48,537 DEBUG onlogic_m031_manager.py:714 -> _receive_command()] Received Byte: b'\x01'
[2025-06-24 17:14:48,538 DEBUG onlogic_m031_manager.py:714 -> _receive_command()] Received Byte: b'\xd7'
[2025-06-24 17:14:48,538 DEBUG onlogic_m031_manager.py:714 -> _receive_command()] Received Byte: b'\x08'
[2025-06-24 17:14:48,539 DEBUG onlogic_m031_manager.py:714 -> _receive_command()] Received Byte: b'\n'
[2025-06-24 17:14:48,539 DEBUG onlogic_m031_manager.py:719 -> _receive_command()] Validating Partial Frame [b'\x01', b'\xd7', b'\x08', b'\n']
[2025-06-24 17:14:48,539 DEBUG onlogic_m031_manager.py:714 -> _receive_command()] Received Byte: b'\x0b'
[2025-06-24 17:14:48,539 DEBUG onlogic_m031_manager.py:714 -> _receive_command()] Received Byte: b'\x00'
[2025-06-24 17:14:48,539 DEBUG onlogic_m031_manager.py:714 -> _receive_command()] Received Byte: b'\x00'
[2025-06-24 17:14:48,540 DEBUG onlogic_m031_manager.py:714 -> _receive_command()] Received Byte: b'\x00'
[2025-06-24 17:14:48,541 DEBUG onlogic_m031_manager.py:714 -> _receive_command()] Received Byte: b'\x00'
[2025-06-24 17:14:48,541 DEBUG onlogic_m031_manager.py:714 -> _receive_command()] Received Byte: b'\x00'
[2025-06-24 17:14:48,541 DEBUG onlogic_m031_manager.py:714 -> _receive_command()] Received Byte: b'\x00'
[2025-06-24 17:14:48,541 DEBUG onlogic_m031_manager.py:714 -> _receive_command()] Received Byte: b'\x00'
[2025-06-24 17:14:48,542 DEBUG onlogic_m031_manager.py:714 -> _receive_command()] Received Byte: b'\x07'
[2025-06-24 17:14:48,542 INFO onlogic_m031_manager.py:738 -> _receive_command()] Received Command List [b'\x01', b'\xd7', b'\x08', b'\n', b'\x0b', b'\x00', b'\x00', b'\x00', b'\x00', b'\x00', b'\x00', b'\x00', b'\x07']
[2025-06-24 17:14:48,638 DEBUG automotive_handler.py:335 -> get_start_up_timer()] Recieved Command Bytes: b'\x01\xd7\x08\n\x0b\x00\x00\x00\x00\x00\x00\x00\x07'
[2025-06-24 17:14:48,638 DEBUG onlogic_m031_manager.py:425 -> _check_crc()] CALCULATED 215 : EXISTING 215
[2025-06-24 17:14:48,638 DEBUG onlogic_m031_manager.py:456 -> _within_valid_range()] Indices to check [4, 5, 6, 7, 8, 9, 10, 11]
[2025-06-24 17:14:48,638 DEBUG onlogic_m031_manager.py:523 -> _validate_recieved_frame()] Validated frame successfully: b'\x01\xd7\x08\n\x0b\x00\x00\x00\x00\x00\x00\x00\x07'
[2025-06-24 17:14:48,638 INFO onlogic_m031_manager.py:641 -> _construct_command()] Constructed Command b'\x01z\x08\r\x15\x00\x00\x00\x00\x00\x00\x00'
[2025-06-24 17:14:48,794 DEBUG onlogic_m031_manager.py:660 -> _send_command()] Length of Command to send: 12
[2025-06-24 17:14:48,795 DEBUG onlogic_m031_manager.py:665 -> _send_command()] Sending 1 | b'\x01'
[2025-06-24 17:14:48,795 DEBUG onlogic_m031_manager.py:665 -> _send_command()] Sending 122 | b'z'
[2025-06-24 17:14:48,796 DEBUG onlogic_m031_manager.py:665 -> _send_command()] Sending 8 | b'\x08'
[2025-06-24 17:14:48,796 DEBUG onlogic_m031_manager.py:665 -> _send_command()] Sending 13 | b'\r'
[2025-06-24 17:14:48,797 DEBUG onlogic_m031_manager.py:665 -> _send_command()] Sending 21 | b'\x15'
[2025-06-24 17:14:48,798 DEBUG onlogic_m031_manager.py:665 -> _send_command()] Sending 0 | b'\x00'
[2025-06-24 17:14:48,798 DEBUG onlogic_m031_manager.py:665 -> _send_command()] Sending 0 | b'\x00'
[2025-06-24 17:14:48,799 DEBUG onlogic_m031_manager.py:665 -> _send_command()] Sending 0 | b'\x00'
[2025-06-24 17:14:48,800 DEBUG onlogic_m031_manager.py:665 -> _send_command()] Sending 0 | b'\x00'
[2025-06-24 17:14:48,800 DEBUG onlogic_m031_manager.py:665 -> _send_command()] Sending 0 | b'\x00'
[2025-06-24 17:14:48,801 DEBUG onlogic_m031_manager.py:665 -> _send_command()] Sending 0 | b'\x00'
[2025-06-24 17:14:48,802 DEBUG onlogic_m031_manager.py:665 -> _send_command()] Sending 0 | b'\x00'
[2025-06-24 17:14:48,824 DEBUG onlogic_m031_manager.py:714 -> _receive_command()] Received Byte: b'\x01'
[2025-06-24 17:14:48,824 DEBUG onlogic_m031_manager.py:714 -> _receive_command()] Received Byte: b'z'
[2025-06-24 17:14:48,825 DEBUG onlogic_m031_manager.py:714 -> _receive_command()] Received Byte: b'\x08'
[2025-06-24 17:14:48,825 DEBUG onlogic_m031_manager.py:714 -> _receive_command()] Received Byte: b'\r'
[2025-06-24 17:14:48,825 DEBUG onlogic_m031_manager.py:719 -> _receive_command()] Validating Partial Frame [b'\x01', b'z', b'\x08', b'\r']
[2025-06-24 17:14:48,826 DEBUG onlogic_m031_manager.py:714 -> _receive_command()] Received Byte: b'\x15'
[2025-06-24 17:14:48,827 DEBUG onlogic_m031_manager.py:714 -> _receive_command()] Received Byte: b'\x00'
[2025-06-24 17:14:48,827 DEBUG onlogic_m031_manager.py:714 -> _receive_command()] Received Byte: b'\x00'
[2025-06-24 17:14:48,828 DEBUG onlogic_m031_manager.py:714 -> _receive_command()] Received Byte: b'\x00'
[2025-06-24 17:14:48,828 DEBUG onlogic_m031_manager.py:714 -> _receive_command()] Received Byte: b'\x00'
[2025-06-24 17:14:48,829 DEBUG onlogic_m031_manager.py:714 -> _receive_command()] Received Byte: b'\x00'
[2025-06-24 17:14:48,829 DEBUG onlogic_m031_manager.py:714 -> _receive_command()] Received Byte: b'\x00'
[2025-06-24 17:14:48,829 DEBUG onlogic_m031_manager.py:714 -> _receive_command()] Received Byte: b'\x00'
[2025-06-24 17:14:48,830 DEBUG onlogic_m031_manager.py:714 -> _receive_command()] Received Byte: b'\x07'
[2025-06-24 17:14:48,830 INFO onlogic_m031_manager.py:738 -> _receive_command()] Received Command List [b'\x01', b'z', b'\x08', b'\r', b'\x15', b'\x00', b'\x00', b'\x00', b'\x00', b'\x00', b'\x00', b'\x00', b'\x07']
[2025-06-24 17:14:48,926 DEBUG automotive_handler.py:475 -> set_soft_off_timer()] Recieved Command Bytes: b'\x01z\x08\r\x15\x00\x00\x00\x00\x00\x00\x00\x07'
[2025-06-24 17:14:48,926 DEBUG onlogic_m031_manager.py:425 -> _check_crc()] CALCULATED 122 : EXISTING 122
[2025-06-24 17:14:48,926 DEBUG onlogic_m031_manager.py:456 -> _within_valid_range()] Indices to check [8, 9, 10, 11]
[2025-06-24 17:14:48,926 DEBUG onlogic_m031_manager.py:523 -> _validate_recieved_frame()] Validated frame successfully: b'\x01z\x08\r\x15\x00\x00\x00\x00\x00\x00\x00\x07'
[2025-06-24 17:14:48,927 INFO onlogic_m031_manager.py:641 -> _construct_command()] Constructed Command b'\x01$\x00\x0c'
[2025-06-24 17:14:49,083 DEBUG onlogic_m031_manager.py:660 -> _send_command()] Length of Command to send: 4
[2025-06-24 17:14:49,083 DEBUG onlogic_m031_manager.py:665 -> _send_command()] Sending 1 | b'\x01'
[2025-06-24 17:14:49,084 DEBUG onlogic_m031_manager.py:665 -> _send_command()] Sending 36 | b'$'
[2025-06-24 17:14:49,084 DEBUG onlogic_m031_manager.py:665 -> _send_command()] Sending 0 | b'\x00'
[2025-06-24 17:14:49,085 DEBUG onlogic_m031_manager.py:665 -> _send_command()] Sending 12 | b'\x0c'
[2025-06-24 17:14:49,086 DEBUG onlogic_m031_manager.py:714 -> _receive_command()] Received Byte: b'\x01'
[2025-06-24 17:14:49,086 DEBUG onlogic_m031_manager.py:714 -> _receive_command()] Received Byte: b'\x03'
[2025-06-24 17:14:49,086 DEBUG onlogic_m031_manager.py:714 -> _receive_command()] Received Byte: b'\x08'
[2025-06-24 17:14:49,087 DEBUG onlogic_m031_manager.py:714 -> _receive_command()] Received Byte: b'\x0c'
[2025-06-24 17:14:49,087 DEBUG onlogic_m031_manager.py:719 -> _receive_command()] Validating Partial Frame [b'\x01', b'\x03', b'\x08', b'\x0c']
[2025-06-24 17:14:49,087 DEBUG onlogic_m031_manager.py:714 -> _receive_command()] Received Byte: b'\x15'
[2025-06-24 17:14:49,088 DEBUG onlogic_m031_manager.py:714 -> _receive_command()] Received Byte: b'\x00'
[2025-06-24 17:14:49,088 DEBUG onlogic_m031_manager.py:714 -> _receive_command()] Received Byte: b'\x00'
[2025-06-24 17:14:49,089 DEBUG onlogic_m031_manager.py:714 -> _receive_command()] Received Byte: b'\x00'
[2025-06-24 17:14:49,089 DEBUG onlogic_m031_manager.py:714 -> _receive_command()] Received Byte: b'\x00'
[2025-06-24 17:14:49,089 DEBUG onlogic_m031_manager.py:714 -> _receive_command()] Received Byte: b'\x00'
[2025-06-24 17:14:49,089 DEBUG onlogic_m031_manager.py:714 -> _receive_command()] Received Byte: b'\x00'
[2025-06-24 17:14:49,090 DEBUG onlogic_m031_manager.py:714 -> _receive_command()] Received Byte: b'\x00'
[2025-06-24 17:14:49,091 DEBUG onlogic_m031_manager.py:714 -> _receive_command()] Received Byte: b'\x07'
[2025-06-24 17:14:49,091 INFO onlogic_m031_manager.py:738 -> _receive_command()] Received Command List [b'\x01', b'\x03', b'\x08', b'\x0c', b'\x15', b'\x00', b'\x00', b'\x00', b'\x00', b'\x00', b'\x00', b'\x00', b'\x07']
[2025-06-24 17:14:49,187 DEBUG automotive_handler.py:424 -> get_soft_off_timer()] Recieved Command Bytes: b'\x01\x03\x08\x0c\x15\x00\x00\x00\x00\x00\x00\x00\x07'
[2025-06-24 17:14:49,188 DEBUG onlogic_m031_manager.py:425 -> _check_crc()] CALCULATED 3 : EXISTING 3
[2025-06-24 17:14:49,188 DEBUG onlogic_m031_manager.py:456 -> _within_valid_range()] Indices to check [4, 5, 6, 7, 8, 9, 10, 11]
[2025-06-24 17:14:49,188 DEBUG onlogic_m031_manager.py:523 -> _validate_recieved_frame()] Validated frame successfully: b'\x01\x03\x08\x0c\x15\x00\x00\x00\x00\x00\x00\x00\x07'
[2025-06-24 17:14:49,188 INFO onlogic_m031_manager.py:641 -> _construct_command()] Constructed Command b'\x016\x08\x0f\x1f\x00\x00\x00\x00\x00\x00\x00'
[2025-06-24 17:14:49,344 DEBUG onlogic_m031_manager.py:660 -> _send_command()] Length of Command to send: 12
[2025-06-24 17:14:49,344 DEBUG onlogic_m031_manager.py:665 -> _send_command()] Sending 1 | b'\x01'
[2025-06-24 17:14:49,345 DEBUG onlogic_m031_manager.py:665 -> _send_command()] Sending 54 | b'6'
[2025-06-24 17:14:49,346 DEBUG onlogic_m031_manager.py:665 -> _send_command()] Sending 8 | b'\x08'
[2025-06-24 17:14:49,346 DEBUG onlogic_m031_manager.py:665 -> _send_command()] Sending 15 | b'\x0f'
[2025-06-24 17:14:49,347 DEBUG onlogic_m031_manager.py:665 -> _send_command()] Sending 31 | b'\x1f'
[2025-06-24 17:14:49,348 DEBUG onlogic_m031_manager.py:665 -> _send_command()] Sending 0 | b'\x00'
[2025-06-24 17:14:49,348 DEBUG onlogic_m031_manager.py:665 -> _send_command()] Sending 0 | b'\x00'
[2025-06-24 17:14:49,349 DEBUG onlogic_m031_manager.py:665 -> _send_command()] Sending 0 | b'\x00'
[2025-06-24 17:14:49,349 DEBUG onlogic_m031_manager.py:665 -> _send_command()] Sending 0 | b'\x00'
[2025-06-24 17:14:49,350 DEBUG onlogic_m031_manager.py:665 -> _send_command()] Sending 0 | b'\x00'
[2025-06-24 17:14:49,351 DEBUG onlogic_m031_manager.py:665 -> _send_command()] Sending 0 | b'\x00'
[2025-06-24 17:14:49,351 DEBUG onlogic_m031_manager.py:665 -> _send_command()] Sending 0 | b'\x00'
[2025-06-24 17:14:49,374 DEBUG onlogic_m031_manager.py:714 -> _receive_command()] Received Byte: b'\x01'
[2025-06-24 17:14:49,374 DEBUG onlogic_m031_manager.py:714 -> _receive_command()] Received Byte: b'6'
[2025-06-24 17:14:49,375 DEBUG onlogic_m031_manager.py:714 -> _receive_command()] Received Byte: b'\x08'
[2025-06-24 17:14:49,376 DEBUG onlogic_m031_manager.py:714 -> _receive_command()] Received Byte: b'\x0f'
[2025-06-24 17:14:49,376 DEBUG onlogic_m031_manager.py:719 -> _receive_command()] Validating Partial Frame [b'\x01', b'6', b'\x08', b'\x0f']
[2025-06-24 17:14:49,376 DEBUG onlogic_m031_manager.py:714 -> _receive_command()] Received Byte: b'\x1f'
[2025-06-24 17:14:49,377 DEBUG onlogic_m031_manager.py:714 -> _receive_command()] Received Byte: b'\x00'
[2025-06-24 17:14:49,377 DEBUG onlogic_m031_manager.py:714 -> _receive_command()] Received Byte: b'\x00'
[2025-06-24 17:14:49,378 DEBUG onlogic_m031_manager.py:714 -> _receive_command()] Received Byte: b'\x00'
[2025-06-24 17:14:49,378 DEBUG onlogic_m031_manager.py:714 -> _receive_command()] Received Byte: b'\x00'
[2025-06-24 17:14:49,379 DEBUG onlogic_m031_manager.py:714 -> _receive_command()] Received Byte: b'\x00'
[2025-06-24 17:14:49,379 DEBUG onlogic_m031_manager.py:714 -> _receive_command()] Received Byte: b'\x00'
[2025-06-24 17:14:49,380 DEBUG onlogic_m031_manager.py:714 -> _receive_command()] Received Byte: b'\x00'
[2025-06-24 17:14:49,380 DEBUG onlogic_m031_manager.py:714 -> _receive_command()] Received Byte: b'\x07'
[2025-06-24 17:14:49,381 INFO onlogic_m031_manager.py:738 -> _receive_command()] Received Command List [b'\x01', b'6', b'\x08', b'\x0f', b'\x1f', b'\x00', b'\x00', b'\x00', b'\x00', b'\x00', b'\x00', b'\x00', b'\x07']
[2025-06-24 17:14:49,478 DEBUG automotive_handler.py:561 -> set_hard_off_timer()] Recieved Command Bytes: b'\x016\x08\x0f\x1f\x00\x00\x00\x00\x00\x00\x00\x07'
[2025-06-24 17:14:49,478 DEBUG onlogic_m031_manager.py:425 -> _check_crc()] CALCULATED 54 : EXISTING 54
[2025-06-24 17:14:49,478 DEBUG onlogic_m031_manager.py:456 -> _within_valid_range()] Indices to check [8, 9, 10, 11]
[2025-06-24 17:14:49,478 DEBUG onlogic_m031_manager.py:523 -> _validate_recieved_frame()] Validated frame successfully: b'\x016\x08\x0f\x1f\x00\x00\x00\x00\x00\x00\x00\x07'
[2025-06-24 17:14:49,478 INFO onlogic_m031_manager.py:641 -> _construct_command()] Constructed Command b'\x01*\x00\x0e'
[2025-06-24 17:14:49,635 DEBUG onlogic_m031_manager.py:660 -> _send_command()] Length of Command to send: 4
[2025-06-24 17:14:49,635 DEBUG onlogic_m031_manager.py:665 -> _send_command()] Sending 1 | b'\x01'
[2025-06-24 17:14:49,636 DEBUG onlogic_m031_manager.py:665 -> _send_command()] Sending 42 | b'*'
[2025-06-24 17:14:49,637 DEBUG onlogic_m031_manager.py:665 -> _send_command()] Sending 0 | b'\x00'
[2025-06-24 17:14:49,637 DEBUG onlogic_m031_manager.py:665 -> _send_command()] Sending 14 | b'\x0e'
[2025-06-24 17:14:49,638 DEBUG onlogic_m031_manager.py:714 -> _receive_command()] Received Byte: b'\x01'
[2025-06-24 17:14:49,639 DEBUG onlogic_m031_manager.py:714 -> _receive_command()] Received Byte: b'O'
[2025-06-24 17:14:49,639 DEBUG onlogic_m031_manager.py:714 -> _receive_command()] Received Byte: b'\x08'
[2025-06-24 17:14:49,640 DEBUG onlogic_m031_manager.py:714 -> _receive_command()] Received Byte: b'\x0e'
[2025-06-24 17:14:49,640 DEBUG onlogic_m031_manager.py:719 -> _receive_command()] Validating Partial Frame [b'\x01', b'O', b'\x08', b'\x0e']
[2025-06-24 17:14:49,640 DEBUG onlogic_m031_manager.py:714 -> _receive_command()] Received Byte: b'\x1f'
[2025-06-24 17:14:49,640 DEBUG onlogic_m031_manager.py:714 -> _receive_command()] Received Byte: b'\x00'
[2025-06-24 17:14:49,641 DEBUG onlogic_m031_manager.py:714 -> _receive_command()] Received Byte: b'\x00'
[2025-06-24 17:14:49,641 DEBUG onlogic_m031_manager.py:714 -> _receive_command()] Received Byte: b'\x00'
[2025-06-24 17:14:49,641 DEBUG onlogic_m031_manager.py:714 -> _receive_command()] Received Byte: b'\x00'
[2025-06-24 17:14:49,642 DEBUG onlogic_m031_manager.py:714 -> _receive_command()] Received Byte: b'\x00'
[2025-06-24 17:14:49,642 DEBUG onlogic_m031_manager.py:714 -> _receive_command()] Received Byte: b'\x00'
[2025-06-24 17:14:49,642 DEBUG onlogic_m031_manager.py:714 -> _receive_command()] Received Byte: b'\x00'
[2025-06-24 17:14:49,643 DEBUG onlogic_m031_manager.py:714 -> _receive_command()] Received Byte: b'\x07'
[2025-06-24 17:14:49,643 INFO onlogic_m031_manager.py:738 -> _receive_command()] Received Command List [b'\x01', b'O', b'\x08', b'\x0e', b'\x1f', b'\x00', b'\x00', b'\x00', b'\x00', b'\x00', b'\x00', b'\x00', b'\x07']
[2025-06-24 17:14:49,739 DEBUG automotive_handler.py:511 -> get_hard_off_timer()] Recieved Command Bytes: b'\x01O\x08\x0e\x1f\x00\x00\x00\x00\x00\x00\x00\x07'
[2025-06-24 17:14:49,740 DEBUG onlogic_m031_manager.py:425 -> _check_crc()] CALCULATED 79 : EXISTING 79
[2025-06-24 17:14:49,740 DEBUG onlogic_m031_manager.py:456 -> _within_valid_range()] Indices to check [4, 5, 6, 7, 8, 9, 10, 11]
[2025-06-24 17:14:49,740 DEBUG onlogic_m031_manager.py:523 -> _validate_recieved_frame()] Validated frame successfully: b'\x01O\x08\x0e\x1f\x00\x00\x00\x00\x00\x00\x00\x07'
[2025-06-24 17:14:49,740 INFO onlogic_m031_manager.py:641 -> _construct_command()] Constructed Command b'\x01\xaf\x04\x11-\x01\x00\x00'
[2025-06-24 17:14:49,921 DEBUG onlogic_m031_manager.py:660 -> _send_command()] Length of Command to send: 8
[2025-06-24 17:14:49,921 DEBUG onlogic_m031_manager.py:665 -> _send_command()] Sending 1 | b'\x01'
[2025-06-24 17:14:49,922 DEBUG onlogic_m031_manager.py:665 -> _send_command()] Sending 175 | b'\xaf'
[2025-06-24 17:14:49,923 DEBUG onlogic_m031_manager.py:665 -> _send_command()] Sending 4 | b'\x04'
[2025-06-24 17:14:49,924 DEBUG onlogic_m031_manager.py:665 -> _send_command()] Sending 17 | b'\x11'
[2025-06-24 17:14:49,924 DEBUG onlogic_m031_manager.py:665 -> _send_command()] Sending 45 | b'-'
[2025-06-24 17:14:49,925 DEBUG onlogic_m031_manager.py:665 -> _send_command()] Sending 1 | b'\x01'
[2025-06-24 17:14:49,926 DEBUG onlogic_m031_manager.py:665 -> _send_command()] Sending 0 | b'\x00'
[2025-06-24 17:14:49,927 DEBUG onlogic_m031_manager.py:665 -> _send_command()] Sending 0 | b'\x00'
[2025-06-24 17:14:49,949 DEBUG onlogic_m031_manager.py:714 -> _receive_command()] Received Byte: b'\x01'
[2025-06-24 17:14:49,949 DEBUG onlogic_m031_manager.py:714 -> _receive_command()] Received Byte: b'\xc3'
[2025-06-24 17:14:49,950 DEBUG onlogic_m031_manager.py:714 -> _receive_command()] Received Byte: b'\x08'
[2025-06-24 17:14:49,950 DEBUG onlogic_m031_manager.py:714 -> _receive_command()] Received Byte: b'\x11'
[2025-06-24 17:14:49,950 DEBUG onlogic_m031_manager.py:719 -> _receive_command()] Validating Partial Frame [b'\x01', b'\xc3', b'\x08', b'\x11']
[2025-06-24 17:14:49,951 DEBUG onlogic_m031_manager.py:714 -> _receive_command()] Received Byte: b'-'
[2025-06-24 17:14:49,951 DEBUG onlogic_m031_manager.py:714 -> _receive_command()] Received Byte: b'\x01'
[2025-06-24 17:14:49,952 DEBUG onlogic_m031_manager.py:714 -> _receive_command()] Received Byte: b'\x00'
[2025-06-24 17:14:49,952 DEBUG onlogic_m031_manager.py:714 -> _receive_command()] Received Byte: b'\x00'
[2025-06-24 17:14:49,953 DEBUG onlogic_m031_manager.py:714 -> _receive_command()] Received Byte: b'\x00'
[2025-06-24 17:14:49,953 DEBUG onlogic_m031_manager.py:714 -> _receive_command()] Received Byte: b'\x00'
[2025-06-24 17:14:49,954 DEBUG onlogic_m031_manager.py:714 -> _receive_command()] Received Byte: b'\x00'
[2025-06-24 17:14:49,954 DEBUG onlogic_m031_manager.py:714 -> _receive_command()] Received Byte: b'\x00'
[2025-06-24 17:14:49,954 DEBUG onlogic_m031_manager.py:714 -> _receive_command()] Received Byte: b'\x07'
[2025-06-24 17:14:49,954 INFO onlogic_m031_manager.py:738 -> _receive_command()] Received Command List [b'\x01', b'\xc3', b'\x08', b'\x11', b'-', b'\x01', b'\x00', b'\x00', b'\x00', b'\x00', b'\x00', b'\x00', b'\x07']
[2025-06-24 17:14:50,060 DEBUG automotive_handler.py:648 -> set_low_voltage_timer()] Recieved Command Bytes: b'\x01\xc3\x08\x11-\x01\x00\x00\x00\x00\x00\x00\x07'
[2025-06-24 17:14:50,060 DEBUG onlogic_m031_manager.py:425 -> _check_crc()] CALCULATED 195 : EXISTING 195
[2025-06-24 17:14:50,060 DEBUG onlogic_m031_manager.py:456 -> _within_valid_range()] Indices to check [8, 9, 10, 11]
[2025-06-24 17:14:50,060 DEBUG onlogic_m031_manager.py:523 -> _validate_recieved_frame()] Validated frame successfully: b'\x01\xc3\x08\x11-\x01\x00\x00\x00\x00\x00\x00\x07'
[2025-06-24 17:14:50,060 INFO onlogic_m031_manager.py:641 -> _construct_command()] Constructed Command b'\x01~\x00\x12'
[2025-06-24 17:14:50,240 DEBUG onlogic_m031_manager.py:660 -> _send_command()] Length of Command to send: 4
[2025-06-24 17:14:50,240 DEBUG onlogic_m031_manager.py:665 -> _send_command()] Sending 1 | b'\x01'
[2025-06-24 17:14:50,241 DEBUG onlogic_m031_manager.py:665 -> _send_command()] Sending 126 | b'~'
[2025-06-24 17:14:50,242 DEBUG onlogic_m031_manager.py:665 -> _send_command()] Sending 0 | b'\x00'
[2025-06-24 17:14:50,243 DEBUG onlogic_m031_manager.py:665 -> _send_command()] Sending 18 | b'\x12'
[2025-06-24 17:14:50,244 DEBUG onlogic_m031_manager.py:714 -> _receive_command()] Received Byte: b'\x01'
[2025-06-24 17:14:50,245 DEBUG onlogic_m031_manager.py:714 -> _receive_command()] Received Byte: b'\xc9'
[2025-06-24 17:14:50,246 DEBUG onlogic_m031_manager.py:714 -> _receive_command()] Received Byte: b'\x04'
[2025-06-24 17:14:50,246 DEBUG onlogic_m031_manager.py:714 -> _receive_command()] Received Byte: b'\x12'
[2025-06-24 17:14:50,247 DEBUG onlogic_m031_manager.py:719 -> _receive_command()] Validating Partial Frame [b'\x01', b'\xc9', b'\x04', b'\x12']
[2025-06-24 17:14:50,247 DEBUG onlogic_m031_manager.py:714 -> _receive_command()] Received Byte: b'\x00'
[2025-06-24 17:14:50,248 DEBUG onlogic_m031_manager.py:714 -> _receive_command()] Received Byte: b'\x00'
[2025-06-24 17:14:50,248 DEBUG onlogic_m031_manager.py:714 -> _receive_command()] Received Byte: b'@'
[2025-06-24 17:14:50,248 DEBUG onlogic_m031_manager.py:714 -> _receive_command()] Received Byte: b'A'
[2025-06-24 17:14:50,249 DEBUG onlogic_m031_manager.py:714 -> _receive_command()] Received Byte: b'\x07'
[2025-06-24 17:14:50,249 INFO onlogic_m031_manager.py:738 -> _receive_command()] Received Command List [b'\x01', b'\xc9', b'\x04', b'\x12', b'\x00', b'\x00', b'@', b'A', b'\x07']
[2025-06-24 17:14:50,365 DEBUG automotive_handler.py:685 -> get_shutdown_voltage()] Recieved Command Bytes: b'\x01\xc9\x04\x12\x00\x00@A\x07'
[2025-06-24 17:14:50,365 DEBUG onlogic_m031_manager.py:425 -> _check_crc()] CALCULATED 201 : EXISTING 201
[2025-06-24 17:14:50,365 DEBUG onlogic_m031_manager.py:456 -> _within_valid_range()] Indices to check [4, 5, 6, 7]
[2025-06-24 17:14:50,365 DEBUG onlogic_m031_manager.py:523 -> _validate_recieved_frame()] Validated frame successfully: b'\x01\xc9\x04\x12\x00\x00@A\x07'
[2025-06-24 17:14:50,365 INFO onlogic_m031_manager.py:641 -> _construct_command()] Constructed Command b'\x01\x07\x00\x01'
[2025-06-24 17:14:50,523 DEBUG onlogic_m031_manager.py:660 -> _send_command()] Length of Command to send: 4
[2025-06-24 17:14:50,523 DEBUG onlogic_m031_manager.py:665 -> _send_command()] Sending 1 | b'\x01'
[2025-06-24 17:14:50,524 DEBUG onlogic_m031_manager.py:665 -> _send_command()] Sending 7 | b'\x07'
[2025-06-24 17:14:50,525 DEBUG onlogic_m031_manager.py:665 -> _send_command()] Sending 0 | b'\x00'
[2025-06-24 17:14:50,525 DEBUG onlogic_m031_manager.py:665 -> _send_command()] Sending 1 | b'\x01'
[2025-06-24 17:14:50,526 DEBUG onlogic_m031_manager.py:714 -> _receive_command()] Received Byte: b'\x01'
[2025-06-24 17:14:50,527 DEBUG onlogic_m031_manager.py:714 -> _receive_command()] Received Byte: b'{'
[2025-06-24 17:14:50,527 DEBUG onlogic_m031_manager.py:714 -> _receive_command()] Received Byte: b'\x04'
[2025-06-24 17:14:50,527 DEBUG onlogic_m031_manager.py:714 -> _receive_command()] Received Byte: b'\x01'
[2025-06-24 17:14:50,527 DEBUG onlogic_m031_manager.py:719 -> _receive_command()] Validating Partial Frame [b'\x01', b'{', b'\x04', b'\x01']
[2025-06-24 17:14:50,528 DEBUG onlogic_m031_manager.py:714 -> _receive_command()] Received Byte: b'\x00'
[2025-06-24 17:14:50,528 DEBUG onlogic_m031_manager.py:714 -> _receive_command()] Received Byte: b'\x8c'
[2025-06-24 17:14:50,528 DEBUG onlogic_m031_manager.py:714 -> _receive_command()] Received Byte: b'\xbf'
[2025-06-24 17:14:50,529 DEBUG onlogic_m031_manager.py:714 -> _receive_command()] Received Byte: b'A'
[2025-06-24 17:14:50,529 DEBUG onlogic_m031_manager.py:714 -> _receive_command()] Received Byte: b'\x07'
[2025-06-24 17:14:50,529 INFO onlogic_m031_manager.py:738 -> _receive_command()] Received Command List [b'\x01', b'{', b'\x04', b'\x01', b'\x00', b'\x8c', b'\xbf', b'A', b'\x07']
[2025-06-24 17:14:50,624 DEBUG automotive_handler.py:819 -> get_input_voltage()] Recieved Command Bytes: b'\x01{\x04\x01\x00\x8c\xbfA\x07'
[2025-06-24 17:14:50,624 DEBUG onlogic_m031_manager.py:425 -> _check_crc()] CALCULATED 123 : EXISTING 123
[2025-06-24 17:14:50,624 DEBUG onlogic_m031_manager.py:456 -> _within_valid_range()] Indices to check [4, 5, 6, 7]
[2025-06-24 17:14:50,624 DEBUG onlogic_m031_manager.py:523 -> _validate_recieved_frame()] Validated frame successfully: b'\x01{\x04\x01\x00\x8c\xbfA\x07'
[2025-06-24 17:14:50,798 DEBUG onlogic_m031_manager.py:660 -> _send_command()] Length of Command to send: 5
[2025-06-24 17:14:50,798 DEBUG onlogic_m031_manager.py:665 -> _send_command()] Sending 1 | b'\x01'
[2025-06-24 17:14:50,799 DEBUG onlogic_m031_manager.py:665 -> _send_command()] Sending 0 | b'\x00'
[2025-06-24 17:14:50,799 DEBUG onlogic_m031_manager.py:665 -> _send_command()] Sending 1 | b'\x01'
[2025-06-24 17:14:50,800 DEBUG onlogic_m031_manager.py:665 -> _send_command()] Sending 7 | b'\x07'
[2025-06-24 17:14:50,800 DEBUG onlogic_m031_manager.py:665 -> _send_command()] Sending 0 | b'\x00'
[2025-06-24 17:14:50,823 DEBUG onlogic_m031_manager.py:714 -> _receive_command()] Received Byte: b'\x01'
[2025-06-24 17:14:50,824 DEBUG onlogic_m031_manager.py:714 -> _receive_command()] Received Byte: b'\x00'
[2025-06-24 17:14:50,825 DEBUG onlogic_m031_manager.py:714 -> _receive_command()] Received Byte: b'\x01'
[2025-06-24 17:14:50,825 DEBUG onlogic_m031_manager.py:714 -> _receive_command()] Received Byte: b'\x07'
[2025-06-24 17:14:50,825 DEBUG onlogic_m031_manager.py:719 -> _receive_command()] Validating Partial Frame [b'\x01', b'\x00', b'\x01', b'\x07']
[2025-06-24 17:14:50,826 DEBUG onlogic_m031_manager.py:714 -> _receive_command()] Received Byte: b'\x00'
[2025-06-24 17:14:50,827 DEBUG onlogic_m031_manager.py:714 -> _receive_command()] Received Byte: b'\x07'
[2025-06-24 17:14:50,827 INFO onlogic_m031_manager.py:738 -> _receive_command()] Received Command List [b'\x01', b'\x00', b'\x01', b'\x07', b'\x00', b'\x07']
[2025-06-24 17:14:50,973 DEBUG automotive_handler.py:216 -> set_automotive_mode()] Recieved Command Bytes: b'\x01\x00\x01\x07\x00\x07'
[2025-06-24 17:14:50,973 DEBUG onlogic_m031_manager.py:425 -> _check_crc()] CALCULATED 0 : EXISTING 0
[2025-06-24 17:14:50,973 DEBUG onlogic_m031_manager.py:523 -> _validate_recieved_frame()] Validated frame successfully: b'\x01\x00\x01\x07\x00\x07'
[2025-06-24 17:14:51,174 DEBUG onlogic_m031_manager.py:660 -> _send_command()] Length of Command to send: 5
[2025-06-24 17:14:51,174 DEBUG onlogic_m031_manager.py:665 -> _send_command()] Sending 1 | b'\x01'
[2025-06-24 17:14:51,175 DEBUG onlogic_m031_manager.py:665 -> _send_command()] Sending 214 | b'\xd6'
[2025-06-24 17:14:51,176 DEBUG onlogic_m031_manager.py:665 -> _send_command()] Sending 1 | b'\x01'
[2025-06-24 17:14:51,177 DEBUG onlogic_m031_manager.py:665 -> _send_command()] Sending 9 | b'\t'
[2025-06-24 17:14:51,177 DEBUG onlogic_m031_manager.py:665 -> _send_command()] Sending 0 | b'\x00'
[2025-06-24 17:14:51,200 DEBUG onlogic_m031_manager.py:714 -> _receive_command()] Received Byte: b'\x01'
[2025-06-24 17:14:51,200 DEBUG onlogic_m031_manager.py:714 -> _receive_command()] Received Byte: b'\xd6'
[2025-06-24 17:14:51,201 DEBUG onlogic_m031_manager.py:714 -> _receive_command()] Received Byte: b'\x01'
[2025-06-24 17:14:51,201 DEBUG onlogic_m031_manager.py:714 -> _receive_command()] Received Byte: b'\t'
[2025-06-24 17:14:51,201 DEBUG onlogic_m031_manager.py:719 -> _receive_command()] Validating Partial Frame [b'\x01', b'\xd6', b'\x01', b'\t']
[2025-06-24 17:14:51,202 DEBUG onlogic_m031_manager.py:714 -> _receive_command()] Received Byte: b'\x00'
[2025-06-24 17:14:51,203 DEBUG onlogic_m031_manager.py:714 -> _receive_command()] Received Byte: b'\x07'
[2025-06-24 17:14:51,203 INFO onlogic_m031_manager.py:738 -> _receive_command()] Received Command List [b'\x01', b'\xd6', b'\x01', b'\t', b'\x00', b'\x07']
[2025-06-24 17:14:51,319 DEBUG automotive_handler.py:297 -> set_low_power_enable()] Recieved Command Bytes: b'\x01\xd6\x01\t\x00\x07'
[2025-06-24 17:14:51,320 DEBUG onlogic_m031_manager.py:425 -> _check_crc()] CALCULATED 214 : EXISTING 214
[2025-06-24 17:14:51,320 DEBUG onlogic_m031_manager.py:523 -> _validate_recieved_frame()] Validated frame successfully: b'\x01\xd6\x01\t\x00\x07'
[2025-06-24 17:14:51,320 INFO onlogic_m031_manager.py:641 -> _construct_command()] Constructed Command b'\x01\xbd\x08\x0b\n\x00\x00\x00\x00\x00\x00\x00'
[2025-06-24 17:14:51,513 DEBUG onlogic_m031_manager.py:660 -> _send_command()] Length of Command to send: 12
[2025-06-24 17:14:51,513 DEBUG onlogic_m031_manager.py:665 -> _send_command()] Sending 1 | b'\x01'
[2025-06-24 17:14:51,514 DEBUG onlogic_m031_manager.py:665 -> _send_command()] Sending 189 | b'\xbd'
[2025-06-24 17:14:51,515 DEBUG onlogic_m031_manager.py:665 -> _send_command()] Sending 8 | b'\x08'
[2025-06-24 17:14:51,516 DEBUG onlogic_m031_manager.py:665 -> _send_command()] Sending 11 | b'\x0b'
[2025-06-24 17:14:51,516 DEBUG onlogic_m031_manager.py:665 -> _send_command()] Sending 10 | b'\n'
[2025-06-24 17:14:51,517 DEBUG onlogic_m031_manager.py:665 -> _send_command()] Sending 0 | b'\x00'
[2025-06-24 17:14:51,518 DEBUG onlogic_m031_manager.py:665 -> _send_command()] Sending 0 | b'\x00'
[2025-06-24 17:14:51,519 DEBUG onlogic_m031_manager.py:665 -> _send_command()] Sending 0 | b'\x00'
[2025-06-24 17:14:51,520 DEBUG onlogic_m031_manager.py:665 -> _send_command()] Sending 0 | b'\x00'
[2025-06-24 17:14:51,520 DEBUG onlogic_m031_manager.py:665 -> _send_command()] Sending 0 | b'\x00'
[2025-06-24 17:14:51,521 DEBUG onlogic_m031_manager.py:665 -> _send_command()] Sending 0 | b'\x00'
[2025-06-24 17:14:51,522 DEBUG onlogic_m031_manager.py:665 -> _send_command()] Sending 0 | b'\x00'
[2025-06-24 17:14:51,544 DEBUG onlogic_m031_manager.py:714 -> _receive_command()] Received Byte: b'\x01'
[2025-06-24 17:14:51,544 DEBUG onlogic_m031_manager.py:714 -> _receive_command()] Received Byte: b'\xbd'
[2025-06-24 17:14:51,545 DEBUG onlogic_m031_manager.py:714 -> _receive_command()] Received Byte: b'\x08'
[2025-06-24 17:14:51,545 DEBUG onlogic_m031_manager.py:714 -> _receive_command()] Received Byte: b'\x0b'
[2025-06-24 17:14:51,545 DEBUG onlogic_m031_manager.py:719 -> _receive_command()] Validating Partial Frame [b'\x01', b'\xbd', b'\x08', b'\x0b']
[2025-06-24 17:14:51,546 DEBUG onlogic_m031_manager.py:714 -> _receive_command()] Received Byte: b'\n'
[2025-06-24 17:14:51,546 DEBUG onlogic_m031_manager.py:714 -> _receive_command()] Received Byte: b'\x00'
[2025-06-24 17:14:51,547 DEBUG onlogic_m031_manager.py:714 -> _receive_command()] Received Byte: b'\x00'
[2025-06-24 17:14:51,547 DEBUG onlogic_m031_manager.py:714 -> _receive_command()] Received Byte: b'\x00'
[2025-06-24 17:14:51,549 DEBUG onlogic_m031_manager.py:714 -> _receive_command()] Received Byte: b'\x00'
[2025-06-24 17:14:51,549 DEBUG onlogic_m031_manager.py:714 -> _receive_command()] Received Byte: b'\x00'
[2025-06-24 17:14:51,550 DEBUG onlogic_m031_manager.py:714 -> _receive_command()] Received Byte: b'\x00'
[2025-06-24 17:14:51,550 DEBUG onlogic_m031_manager.py:714 -> _receive_command()] Received Byte: b'\x00'
[2025-06-24 17:14:51,551 DEBUG onlogic_m031_manager.py:714 -> _receive_command()] Received Byte: b'\x07'
[2025-06-24 17:14:51,551 INFO onlogic_m031_manager.py:738 -> _receive_command()] Received Command List [b'\x01', b'\xbd', b'\x08', b'\x0b', b'\n', b'\x00', b'\x00', b'\x00', b'\x00', b'\x00', b'\x00', b'\x00', b'\x07']
[2025-06-24 17:14:51,667 DEBUG automotive_handler.py:386 -> set_start_up_timer()] Recieved Command Bytes: b'\x01\xbd\x08\x0b\n\x00\x00\x00\x00\x00\x00\x00\x07'
[2025-06-24 17:14:51,667 DEBUG onlogic_m031_manager.py:425 -> _check_crc()] CALCULATED 189 : EXISTING 189
[2025-06-24 17:14:51,667 DEBUG onlogic_m031_manager.py:456 -> _within_valid_range()] Indices to check [8, 9, 10, 11]
[2025-06-24 17:14:51,667 DEBUG onlogic_m031_manager.py:523 -> _validate_recieved_frame()] Validated frame successfully: b'\x01\xbd\x08\x0b\n\x00\x00\x00\x00\x00\x00\x00\x07'
[2025-06-24 17:14:51,667 INFO onlogic_m031_manager.py:641 -> _construct_command()] Constructed Command b'\x01i\x08\r\x14\x00\x00\x00\x00\x00\x00\x00'
[2025-06-24 17:14:51,864 DEBUG onlogic_m031_manager.py:660 -> _send_command()] Length of Command to send: 12
[2025-06-24 17:14:51,864 DEBUG onlogic_m031_manager.py:665 -> _send_command()] Sending 1 | b'\x01'
[2025-06-24 17:14:51,864 DEBUG onlogic_m031_manager.py:665 -> _send_command()] Sending 105 | b'i'
[2025-06-24 17:14:51,865 DEBUG onlogic_m031_manager.py:665 -> _send_command()] Sending 8 | b'\x08'
[2025-06-24 17:14:51,866 DEBUG onlogic_m031_manager.py:665 -> _send_command()] Sending 13 | b'\r'
[2025-06-24 17:14:51,867 DEBUG onlogic_m031_manager.py:665 -> _send_command()] Sending 20 | b'\x14'
[2025-06-24 17:14:51,868 DEBUG onlogic_m031_manager.py:665 -> _send_command()] Sending 0 | b'\x00'
[2025-06-24 17:14:51,868 DEBUG onlogic_m031_manager.py:665 -> _send_command()] Sending 0 | b'\x00'
[2025-06-24 17:14:51,869 DEBUG onlogic_m031_manager.py:665 -> _send_command()] Sending 0 | b'\x00'
[2025-06-24 17:14:51,870 DEBUG onlogic_m031_manager.py:665 -> _send_command()] Sending 0 | b'\x00'
[2025-06-24 17:14:51,870 DEBUG onlogic_m031_manager.py:665 -> _send_command()] Sending 0 | b'\x00'
[2025-06-24 17:14:51,871 DEBUG onlogic_m031_manager.py:665 -> _send_command()] Sending 0 | b'\x00'
[2025-06-24 17:14:51,872 DEBUG onlogic_m031_manager.py:665 -> _send_command()] Sending 0 | b'\x00'
[2025-06-24 17:14:51,894 DEBUG onlogic_m031_manager.py:714 -> _receive_command()] Received Byte: b'\x01'
[2025-06-24 17:14:51,894 DEBUG onlogic_m031_manager.py:714 -> _receive_command()] Received Byte: b'i'
[2025-06-24 17:14:51,895 DEBUG onlogic_m031_manager.py:714 -> _receive_command()] Received Byte: b'\x08'
[2025-06-24 17:14:51,895 DEBUG onlogic_m031_manager.py:714 -> _receive_command()] Received Byte: b'\r'
[2025-06-24 17:14:51,895 DEBUG onlogic_m031_manager.py:719 -> _receive_command()] Validating Partial Frame [b'\x01', b'i', b'\x08', b'\r']
[2025-06-24 17:14:51,897 DEBUG onlogic_m031_manager.py:714 -> _receive_command()] Received Byte: b'\x14'
[2025-06-24 17:14:51,897 DEBUG onlogic_m031_manager.py:714 -> _receive_command()] Received Byte: b'\x00'
[2025-06-24 17:14:51,898 DEBUG onlogic_m031_manager.py:714 -> _receive_command()] Received Byte: b'\x00'
[2025-06-24 17:14:51,898 DEBUG onlogic_m031_manager.py:714 -> _receive_command()] Received Byte: b'\x00'
[2025-06-24 17:14:51,899 DEBUG onlogic_m031_manager.py:714 -> _receive_command()] Received Byte: b'\x00'
[2025-06-24 17:14:51,899 DEBUG onlogic_m031_manager.py:714 -> _receive_command()] Received Byte: b'\x00'
[2025-06-24 17:14:51,900 DEBUG onlogic_m031_manager.py:714 -> _receive_command()] Received Byte: b'\x00'
[2025-06-24 17:14:51,900 DEBUG onlogic_m031_manager.py:714 -> _receive_command()] Received Byte: b'\x00'
[2025-06-24 17:14:51,901 DEBUG onlogic_m031_manager.py:714 -> _receive_command()] Received Byte: b'\x07'
[2025-06-24 17:14:51,901 INFO onlogic_m031_manager.py:738 -> _receive_command()] Received Command List [b'\x01', b'i', b'\x08', b'\r', b'\x14', b'\x00', b'\x00', b'\x00', b'\x00', b'\x00', b'\x00', b'\x00', b'\x07']
[2025-06-24 17:14:52,018 DEBUG automotive_handler.py:475 -> set_soft_off_timer()] Recieved Command Bytes: b'\x01i\x08\r\x14\x00\x00\x00\x00\x00\x00\x00\x07'
[2025-06-24 17:14:52,018 DEBUG onlogic_m031_manager.py:425 -> _check_crc()] CALCULATED 105 : EXISTING 105
[2025-06-24 17:14:52,018 DEBUG onlogic_m031_manager.py:456 -> _within_valid_range()] Indices to check [8, 9, 10, 11]
[2025-06-24 17:14:52,018 DEBUG onlogic_m031_manager.py:523 -> _validate_recieved_frame()] Validated frame successfully: b'\x01i\x08\r\x14\x00\x00\x00\x00\x00\x00\x00\x07'
[2025-06-24 17:14:52,018 INFO onlogic_m031_manager.py:641 -> _construct_command()] Constructed Command b'\x01%\x08\x0f\x1e\x00\x00\x00\x00\x00\x00\x00'
[2025-06-24 17:14:52,214 DEBUG onlogic_m031_manager.py:660 -> _send_command()] Length of Command to send: 12
[2025-06-24 17:14:52,214 DEBUG onlogic_m031_manager.py:665 -> _send_command()] Sending 1 | b'\x01'
[2025-06-24 17:14:52,215 DEBUG onlogic_m031_manager.py:665 -> _send_command()] Sending 37 | b'%'
[2025-06-24 17:14:52,216 DEBUG onlogic_m031_manager.py:665 -> _send_command()] Sending 8 | b'\x08'
[2025-06-24 17:14:52,217 DEBUG onlogic_m031_manager.py:665 -> _send_command()] Sending 15 | b'\x0f'
[2025-06-24 17:14:52,217 DEBUG onlogic_m031_manager.py:665 -> _send_command()] Sending 30 | b'\x1e'
[2025-06-24 17:14:52,218 DEBUG onlogic_m031_manager.py:665 -> _send_command()] Sending 0 | b'\x00'
[2025-06-24 17:14:52,219 DEBUG onlogic_m031_manager.py:665 -> _send_command()] Sending 0 | b'\x00'
[2025-06-24 17:14:52,219 DEBUG onlogic_m031_manager.py:665 -> _send_command()] Sending 0 | b'\x00'
[2025-06-24 17:14:52,220 DEBUG onlogic_m031_manager.py:665 -> _send_command()] Sending 0 | b'\x00'
[2025-06-24 17:14:52,221 DEBUG onlogic_m031_manager.py:665 -> _send_command()] Sending 0 | b'\x00'
[2025-06-24 17:14:52,222 DEBUG onlogic_m031_manager.py:665 -> _send_command()] Sending 0 | b'\x00'
[2025-06-24 17:14:52,222 DEBUG onlogic_m031_manager.py:665 -> _send_command()] Sending 0 | b'\x00'
[2025-06-24 17:14:52,245 DEBUG onlogic_m031_manager.py:714 -> _receive_command()] Received Byte: b'\x01'
[2025-06-24 17:14:52,245 DEBUG onlogic_m031_manager.py:714 -> _receive_command()] Received Byte: b'%'
[2025-06-24 17:14:52,246 DEBUG onlogic_m031_manager.py:714 -> _receive_command()] Received Byte: b'\x08'
[2025-06-24 17:14:52,246 DEBUG onlogic_m031_manager.py:714 -> _receive_command()] Received Byte: b'\x0f'
[2025-06-24 17:14:52,246 DEBUG onlogic_m031_manager.py:719 -> _receive_command()] Validating Partial Frame [b'\x01', b'%', b'\x08', b'\x0f']
[2025-06-24 17:14:52,247 DEBUG onlogic_m031_manager.py:714 -> _receive_command()] Received Byte: b'\x1e'
[2025-06-24 17:14:52,247 DEBUG onlogic_m031_manager.py:714 -> _receive_command()] Received Byte: b'\x00'
[2025-06-24 17:14:52,248 DEBUG onlogic_m031_manager.py:714 -> _receive_command()] Received Byte: b'\x00'
[2025-06-24 17:14:52,248 DEBUG onlogic_m031_manager.py:714 -> _receive_command()] Received Byte: b'\x00'
[2025-06-24 17:14:52,249 DEBUG onlogic_m031_manager.py:714 -> _receive_command()] Received Byte: b'\x00'
[2025-06-24 17:14:52,249 DEBUG onlogic_m031_manager.py:714 -> _receive_command()] Received Byte: b'\x00'
[2025-06-24 17:14:52,250 DEBUG onlogic_m031_manager.py:714 -> _receive_command()] Received Byte: b'\x00'
[2025-06-24 17:14:52,250 DEBUG onlogic_m031_manager.py:714 -> _receive_command()] Received Byte: b'\x00'
[2025-06-24 17:14:52,251 DEBUG onlogic_m031_manager.py:714 -> _receive_command()] Received Byte: b'\x07'
[2025-06-24 17:14:52,251 INFO onlogic_m031_manager.py:738 -> _receive_command()] Received Command List [b'\x01', b'%', b'\x08', b'\x0f', b'\x1e', b'\x00', b'\x00', b'\x00', b'\x00', b'\x00', b'\x00', b'\x00', b'\x07']
[2025-06-24 17:14:52,367 DEBUG automotive_handler.py:561 -> set_hard_off_timer()] Recieved Command Bytes: b'\x01%\x08\x0f\x1e\x00\x00\x00\x00\x00\x00\x00\x07'
[2025-06-24 17:14:52,367 DEBUG onlogic_m031_manager.py:425 -> _check_crc()] CALCULATED 37 : EXISTING 37
[2025-06-24 17:14:52,367 DEBUG onlogic_m031_manager.py:456 -> _within_valid_range()] Indices to check [8, 9, 10, 11]
[2025-06-24 17:14:52,367 DEBUG onlogic_m031_manager.py:523 -> _validate_recieved_frame()] Validated frame successfully: b'\x01%\x08\x0f\x1e\x00\x00\x00\x00\x00\x00\x00\x07'
[2025-06-24 17:14:52,562 DEBUG onlogic_m031_manager.py:660 -> _send_command()] Length of Command to send: 4
[2025-06-24 17:14:52,562 DEBUG onlogic_m031_manager.py:665 -> _send_command()] Sending 1 | b'\x01'
[2025-06-24 17:14:52,562 DEBUG onlogic_m031_manager.py:665 -> _send_command()] Sending 7 | b'\x07'
[2025-06-24 17:14:52,563 DEBUG onlogic_m031_manager.py:665 -> _send_command()] Sending 0 | b'\x00'
[2025-06-24 17:14:52,564 DEBUG onlogic_m031_manager.py:665 -> _send_command()] Sending 1 | b'\x01'
[2025-06-24 17:14:52,565 DEBUG onlogic_m031_manager.py:714 -> _receive_command()] Received Byte: b'\x01'
[2025-06-24 17:14:52,565 DEBUG onlogic_m031_manager.py:714 -> _receive_command()] Received Byte: b'\xb5'
[2025-06-24 17:14:52,565 DEBUG onlogic_m031_manager.py:714 -> _receive_command()] Received Byte: b'\x04'
[2025-06-24 17:14:52,566 DEBUG onlogic_m031_manager.py:714 -> _receive_command()] Received Byte: b'\x01'
[2025-06-24 17:14:52,566 DEBUG onlogic_m031_manager.py:719 -> _receive_command()] Validating Partial Frame [b'\x01', b'\xb5', b'\x04', b'\x01']
[2025-06-24 17:14:52,566 DEBUG onlogic_m031_manager.py:714 -> _receive_command()] Received Byte: b'\x00'
[2025-06-24 17:14:52,567 DEBUG onlogic_m031_manager.py:714 -> _receive_command()] Received Byte: b'~'
[2025-06-24 17:14:52,567 DEBUG onlogic_m031_manager.py:714 -> _receive_command()] Received Byte: b'\xc1'
[2025-06-24 17:14:52,568 DEBUG onlogic_m031_manager.py:714 -> _receive_command()] Received Byte: b'A'
[2025-06-24 17:14:52,569 DEBUG onlogic_m031_manager.py:714 -> _receive_command()] Received Byte: b'\x07'
[2025-06-24 17:14:52,569 INFO onlogic_m031_manager.py:738 -> _receive_command()] Received Command List [b'\x01', b'\xb5', b'\x04', b'\x01', b'\x00', b'~', b'\xc1', b'A', b'\x07']
[2025-06-24 17:14:52,684 DEBUG automotive_handler.py:819 -> get_input_voltage()] Recieved Command Bytes: b'\x01\xb5\x04\x01\x00~\xc1A\x07'
[2025-06-24 17:14:52,684 DEBUG onlogic_m031_manager.py:425 -> _check_crc()] CALCULATED 181 : EXISTING 181
[2025-06-24 17:14:52,684 DEBUG onlogic_m031_manager.py:456 -> _within_valid_range()] Indices to check [4, 5, 6, 7]
[2025-06-24 17:14:52,684 DEBUG onlogic_m031_manager.py:523 -> _validate_recieved_frame()] Validated frame successfully: b'\x01\xb5\x04\x01\x00~\xc1A\x07'
[2025-06-24 17:14:52,684 INFO onlogic_m031_manager.py:641 -> _construct_command()] Constructed Command b'\x01\xab\x04\x13\x00\x00@A'
[2025-06-24 17:14:52,844 DEBUG onlogic_m031_manager.py:660 -> _send_command()] Length of Command to send: 8
[2025-06-24 17:14:52,844 DEBUG onlogic_m031_manager.py:665 -> _send_command()] Sending 1 | b'\x01'
[2025-06-24 17:14:52,845 DEBUG onlogic_m031_manager.py:665 -> _send_command()] Sending 171 | b'\xab'
[2025-06-24 17:14:52,845 DEBUG onlogic_m031_manager.py:665 -> _send_command()] Sending 4 | b'\x04'
[2025-06-24 17:14:52,846 DEBUG onlogic_m031_manager.py:665 -> _send_command()] Sending 19 | b'\x13'
[2025-06-24 17:14:52,847 DEBUG onlogic_m031_manager.py:665 -> _send_command()] Sending 0 | b'\x00'
[2025-06-24 17:14:52,847 DEBUG onlogic_m031_manager.py:665 -> _send_command()] Sending 0 | b'\x00'
[2025-06-24 17:14:52,848 DEBUG onlogic_m031_manager.py:665 -> _send_command()] Sending 64 | b'@'
[2025-06-24 17:14:52,848 DEBUG onlogic_m031_manager.py:665 -> _send_command()] Sending 65 | b'A'
[2025-06-24 17:14:52,871 DEBUG onlogic_m031_manager.py:714 -> _receive_command()] Received Byte: b'\x01'
[2025-06-24 17:14:52,871 DEBUG onlogic_m031_manager.py:714 -> _receive_command()] Received Byte: b'\xab'
[2025-06-24 17:14:52,872 DEBUG onlogic_m031_manager.py:714 -> _receive_command()] Received Byte: b'\x04'
[2025-06-24 17:14:52,872 DEBUG onlogic_m031_manager.py:714 -> _receive_command()] Received Byte: b'\x13'
[2025-06-24 17:14:52,872 DEBUG onlogic_m031_manager.py:719 -> _receive_command()] Validating Partial Frame [b'\x01', b'\xab', b'\x04', b'\x13']
[2025-06-24 17:14:52,873 DEBUG onlogic_m031_manager.py:714 -> _receive_command()] Received Byte: b'\x00'
[2025-06-24 17:14:52,873 DEBUG onlogic_m031_manager.py:714 -> _receive_command()] Received Byte: b'\x00'
[2025-06-24 17:14:52,874 DEBUG onlogic_m031_manager.py:714 -> _receive_command()] Received Byte: b'@'
[2025-06-24 17:14:52,874 DEBUG onlogic_m031_manager.py:714 -> _receive_command()] Received Byte: b'A'
[2025-06-24 17:14:52,874 DEBUG onlogic_m031_manager.py:714 -> _receive_command()] Received Byte: b'\x07'
[2025-06-24 17:14:52,874 INFO onlogic_m031_manager.py:738 -> _receive_command()] Received Command List [b'\x01', b'\xab', b'\x04', b'\x13', b'\x00', b'\x00', b'@', b'A', b'\x07']
[2025-06-24 17:14:52,969 DEBUG automotive_handler.py:787 -> set_shutdown_voltage()] Recieved Command Bytes: b'\x01\xab\x04\x13\x00\x00@A\x07'
[2025-06-24 17:14:52,969 DEBUG onlogic_m031_manager.py:425 -> _check_crc()] CALCULATED 171 : EXISTING 171
[2025-06-24 17:14:52,969 DEBUG onlogic_m031_manager.py:456 -> _within_valid_range()] Indices to check [4, 5, 6, 7]
[2025-06-24 17:14:52,969 DEBUG onlogic_m031_manager.py:523 -> _validate_recieved_frame()] Validated frame successfully: b'\x01\xab\x04\x13\x00\x00@A\x07'
[2025-06-24 17:14:53,150 DEBUG onlogic_m031_manager.py:660 -> _send_command()] Length of Command to send: 4
[2025-06-24 17:14:53,150 DEBUG onlogic_m031_manager.py:665 -> _send_command()] Sending 1 | b'\x01'
[2025-06-24 17:14:53,151 DEBUG onlogic_m031_manager.py:665 -> _send_command()] Sending 18 | b'\x12'
[2025-06-24 17:14:53,152 DEBUG onlogic_m031_manager.py:665 -> _send_command()] Sending 0 | b'\x00'
[2025-06-24 17:14:53,152 DEBUG onlogic_m031_manager.py:665 -> _send_command()] Sending 6 | b'\x06'
[2025-06-24 17:14:53,153 DEBUG onlogic_m031_manager.py:714 -> _receive_command()] Received Byte: b'\x01'
[2025-06-24 17:14:53,154 DEBUG onlogic_m031_manager.py:714 -> _receive_command()] Received Byte: b'\x15'
[2025-06-24 17:14:53,154 DEBUG onlogic_m031_manager.py:714 -> _receive_command()] Received Byte: b'\x01'
[2025-06-24 17:14:53,155 DEBUG onlogic_m031_manager.py:714 -> _receive_command()] Received Byte: b'\x06'
[2025-06-24 17:14:53,155 DEBUG onlogic_m031_manager.py:719 -> _receive_command()] Validating Partial Frame [b'\x01', b'\x15', b'\x01', b'\x06']
[2025-06-24 17:14:53,155 DEBUG onlogic_m031_manager.py:714 -> _receive_command()] Received Byte: b'\x00'
[2025-06-24 17:14:53,156 DEBUG onlogic_m031_manager.py:714 -> _receive_command()] Received Byte: b'\x07'
[2025-06-24 17:14:53,156 INFO onlogic_m031_manager.py:738 -> _receive_command()] Received Command List [b'\x01', b'\x15', b'\x01', b'\x06', b'\x00', b'\x07']
[2025-06-24 17:14:53,263 DEBUG automotive_handler.py:170 -> get_automotive_mode()] Recieved Command Bytes: b'\x01\x15\x01\x06\x00\x07'
[2025-06-24 17:14:53,263 DEBUG onlogic_m031_manager.py:425 -> _check_crc()] CALCULATED 21 : EXISTING 21
[2025-06-24 17:14:53,263 DEBUG onlogic_m031_manager.py:523 -> _validate_recieved_frame()] Validated frame successfully: b'\x01\x15\x01\x06\x00\x07'
[2025-06-24 17:14:53,458 DEBUG onlogic_m031_manager.py:660 -> _send_command()] Length of Command to send: 4
[2025-06-24 17:14:53,458 DEBUG onlogic_m031_manager.py:665 -> _send_command()] Sending 1 | b'\x01'
[2025-06-24 17:14:53,459 DEBUG onlogic_m031_manager.py:665 -> _send_command()] Sending 56 | b'8'
[2025-06-24 17:14:53,460 DEBUG onlogic_m031_manager.py:665 -> _send_command()] Sending 0 | b'\x00'
[2025-06-24 17:14:53,461 DEBUG onlogic_m031_manager.py:665 -> _send_command()] Sending 8 | b'\x08'
[2025-06-24 17:14:53,462 DEBUG onlogic_m031_manager.py:714 -> _receive_command()] Received Byte: b'\x01'
[2025-06-24 17:14:53,463 DEBUG onlogic_m031_manager.py:714 -> _receive_command()] Received Byte: b'\xc3'
[2025-06-24 17:14:53,463 DEBUG onlogic_m031_manager.py:714 -> _receive_command()] Received Byte: b'\x01'
[2025-06-24 17:14:53,464 DEBUG onlogic_m031_manager.py:714 -> _receive_command()] Received Byte: b'\x08'
[2025-06-24 17:14:53,464 DEBUG onlogic_m031_manager.py:719 -> _receive_command()] Validating Partial Frame [b'\x01', b'\xc3', b'\x01', b'\x08']
[2025-06-24 17:14:53,464 DEBUG onlogic_m031_manager.py:714 -> _receive_command()] Received Byte: b'\x00'
[2025-06-24 17:14:53,465 DEBUG onlogic_m031_manager.py:714 -> _receive_command()] Received Byte: b'\x07'
[2025-06-24 17:14:53,465 INFO onlogic_m031_manager.py:738 -> _receive_command()] Received Command List [b'\x01', b'\xc3', b'\x01', b'\x08', b'\x00', b'\x07']
[2025-06-24 17:14:53,575 DEBUG automotive_handler.py:254 -> get_low_power_enable()] Recieved Command Bytes: b'\x01\xc3\x01\x08\x00\x07'
[2025-06-24 17:14:53,575 DEBUG onlogic_m031_manager.py:425 -> _check_crc()] CALCULATED 195 : EXISTING 195
[2025-06-24 17:14:53,575 DEBUG onlogic_m031_manager.py:523 -> _validate_recieved_frame()] Validated frame successfully: b'\x01\xc3\x01\x08\x00\x07'
[2025-06-24 17:14:53,762 DEBUG onlogic_m031_manager.py:660 -> _send_command()] Length of Command to send: 4
[2025-06-24 17:14:53,762 DEBUG onlogic_m031_manager.py:665 -> _send_command()] Sending 1 | b'\x01'
[2025-06-24 17:14:53,763 DEBUG onlogic_m031_manager.py:665 -> _send_command()] Sending 54 | b'6'
[2025-06-24 17:14:53,764 DEBUG onlogic_m031_manager.py:665 -> _send_command()] Sending 0 | b'\x00'
[2025-06-24 17:14:53,765 DEBUG onlogic_m031_manager.py:665 -> _send_command()] Sending 10 | b'\n'
[2025-06-24 17:14:53,766 DEBUG onlogic_m031_manager.py:714 -> _receive_command()] Received Byte: b'\x01'
[2025-06-24 17:14:53,767 DEBUG onlogic_m031_manager.py:714 -> _receive_command()] Received Byte: b'\xc4'
[2025-06-24 17:14:53,767 DEBUG onlogic_m031_manager.py:714 -> _receive_command()] Received Byte: b'\x08'
[2025-06-24 17:14:53,768 DEBUG onlogic_m031_manager.py:714 -> _receive_command()] Received Byte: b'\n'
[2025-06-24 17:14:53,768 DEBUG onlogic_m031_manager.py:719 -> _receive_command()] Validating Partial Frame [b'\x01', b'\xc4', b'\x08', b'\n']
[2025-06-24 17:14:53,768 DEBUG onlogic_m031_manager.py:714 -> _receive_command()] Received Byte: b'\n'
[2025-06-24 17:14:53,769 DEBUG onlogic_m031_manager.py:714 -> _receive_command()] Received Byte: b'\x00'
[2025-06-24 17:14:53,769 DEBUG onlogic_m031_manager.py:714 -> _receive_command()] Received Byte: b'\x00'
[2025-06-24 17:14:53,770 DEBUG onlogic_m031_manager.py:714 -> _receive_command()] Received Byte: b'\x00'
[2025-06-24 17:14:53,770 DEBUG onlogic_m031_manager.py:714 -> _receive_command()] Received Byte: b'\x00'
[2025-06-24 17:14:53,771 DEBUG onlogic_m031_manager.py:714 -> _receive_command()] Received Byte: b'\x00'
[2025-06-24 17:14:53,771 DEBUG onlogic_m031_manager.py:714 -> _receive_command()] Received Byte: b'\x00'
[2025-06-24 17:14:53,772 DEBUG onlogic_m031_manager.py:714 -> _receive_command()] Received Byte: b'\x00'
[2025-06-24 17:14:53,773 DEBUG onlogic_m031_manager.py:714 -> _receive_command()] Received Byte: b'\x07'
[2025-06-24 17:14:53,773 INFO onlogic_m031_manager.py:738 -> _receive_command()] Received Command List [b'\x01', b'\xc4', b'\x08', b'\n', b'\n', b'\x00', b'\x00', b'\x00', b'\x00', b'\x00', b'\x00', b'\x00', b'\x07']
[2025-06-24 17:14:53,894 DEBUG automotive_handler.py:335 -> get_start_up_timer()] Recieved Command Bytes: b'\x01\xc4\x08\n\n\x00\x00\x00\x00\x00\x00\x00\x07'
[2025-06-24 17:14:53,894 DEBUG onlogic_m031_manager.py:425 -> _check_crc()] CALCULATED 196 : EXISTING 196
[2025-06-24 17:14:53,894 DEBUG onlogic_m031_manager.py:456 -> _within_valid_range()] Indices to check [4, 5, 6, 7, 8, 9, 10, 11]
[2025-06-24 17:14:53,894 DEBUG onlogic_m031_manager.py:523 -> _validate_recieved_frame()] Validated frame successfully: b'\x01\xc4\x08\n\n\x00\x00\x00\x00\x00\x00\x00\x07'
[2025-06-24 17:14:54,072 DEBUG onlogic_m031_manager.py:660 -> _send_command()] Length of Command to send: 4
[2025-06-24 17:14:54,072 DEBUG onlogic_m031_manager.py:665 -> _send_command()] Sending 1 | b'\x01'
[2025-06-24 17:14:54,073 DEBUG onlogic_m031_manager.py:665 -> _send_command()] Sending 36 | b'$'
[2025-06-24 17:14:54,073 DEBUG onlogic_m031_manager.py:665 -> _send_command()] Sending 0 | b'\x00'
[2025-06-24 17:14:54,074 DEBUG onlogic_m031_manager.py:665 -> _send_command()] Sending 12 | b'\x0c'
[2025-06-24 17:14:54,074 DEBUG onlogic_m031_manager.py:714 -> _receive_command()] Received Byte: b'\x01'
[2025-06-24 17:14:54,075 DEBUG onlogic_m031_manager.py:714 -> _receive_command()] Received Byte: b'\x10'
[2025-06-24 17:14:54,075 DEBUG onlogic_m031_manager.py:714 -> _receive_command()] Received Byte: b'\x08'
[2025-06-24 17:14:54,076 DEBUG onlogic_m031_manager.py:714 -> _receive_command()] Received Byte: b'\x0c'
[2025-06-24 17:14:54,076 DEBUG onlogic_m031_manager.py:719 -> _receive_command()] Validating Partial Frame [b'\x01', b'\x10', b'\x08', b'\x0c']
[2025-06-24 17:14:54,076 DEBUG onlogic_m031_manager.py:714 -> _receive_command()] Received Byte: b'\x14'
[2025-06-24 17:14:54,077 DEBUG onlogic_m031_manager.py:714 -> _receive_command()] Received Byte: b'\x00'
[2025-06-24 17:14:54,077 DEBUG onlogic_m031_manager.py:714 -> _receive_command()] Received Byte: b'\x00'
[2025-06-24 17:14:54,077 DEBUG onlogic_m031_manager.py:714 -> _receive_command()] Received Byte: b'\x00'
[2025-06-24 17:14:54,077 DEBUG onlogic_m031_manager.py:714 -> _receive_command()] Received Byte: b'\x00'
[2025-06-24 17:14:54,078 DEBUG onlogic_m031_manager.py:714 -> _receive_command()] Received Byte: b'\x00'
[2025-06-24 17:14:54,078 DEBUG onlogic_m031_manager.py:714 -> _receive_command()] Received Byte: b'\x00'
[2025-06-24 17:14:54,079 DEBUG onlogic_m031_manager.py:714 -> _receive_command()] Received Byte: b'\x00'
[2025-06-24 17:14:54,079 DEBUG onlogic_m031_manager.py:714 -> _receive_command()] Received Byte: b'\x07'
[2025-06-24 17:14:54,079 INFO onlogic_m031_manager.py:738 -> _receive_command()] Received Command List [b'\x01', b'\x10', b'\x08', b'\x0c', b'\x14', b'\x00', b'\x00', b'\x00', b'\x00', b'\x00', b'\x00', b'\x00', b'\x07']
[2025-06-24 17:14:54,172 DEBUG automotive_handler.py:424 -> get_soft_off_timer()] Recieved Command Bytes: b'\x01\x10\x08\x0c\x14\x00\x00\x00\x00\x00\x00\x00\x07'
[2025-06-24 17:14:54,172 DEBUG onlogic_m031_manager.py:425 -> _check_crc()] CALCULATED 16 : EXISTING 16
[2025-06-24 17:14:54,172 DEBUG onlogic_m031_manager.py:456 -> _within_valid_range()] Indices to check [4, 5, 6, 7, 8, 9, 10, 11]
[2025-06-24 17:14:54,172 DEBUG onlogic_m031_manager.py:523 -> _validate_recieved_frame()] Validated frame successfully: b'\x01\x10\x08\x0c\x14\x00\x00\x00\x00\x00\x00\x00\x07'
[2025-06-24 17:14:54,328 DEBUG onlogic_m031_manager.py:660 -> _send_command()] Length of Command to send: 4
[2025-06-24 17:14:54,328 DEBUG onlogic_m031_manager.py:665 -> _send_command()] Sending 1 | b'\x01'
[2025-06-24 17:14:54,329 DEBUG onlogic_m031_manager.py:665 -> _send_command()] Sending 42 | b'*'
[2025-06-24 17:14:54,330 DEBUG onlogic_m031_manager.py:665 -> _send_command()] Sending 0 | b'\x00'
[2025-06-24 17:14:54,330 DEBUG onlogic_m031_manager.py:665 -> _send_command()] Sending 14 | b'\x0e'
[2025-06-24 17:14:54,331 DEBUG onlogic_m031_manager.py:714 -> _receive_command()] Received Byte: b'\x01'
[2025-06-24 17:14:54,332 DEBUG onlogic_m031_manager.py:714 -> _receive_command()] Received Byte: b'\\'
[2025-06-24 17:14:54,332 DEBUG onlogic_m031_manager.py:714 -> _receive_command()] Received Byte: b'\x08'
[2025-06-24 17:14:54,332 DEBUG onlogic_m031_manager.py:714 -> _receive_command()] Received Byte: b'\x0e'
[2025-06-24 17:14:54,332 DEBUG onlogic_m031_manager.py:719 -> _receive_command()] Validating Partial Frame [b'\x01', b'\\', b'\x08', b'\x0e']
[2025-06-24 17:14:54,332 DEBUG onlogic_m031_manager.py:714 -> _receive_command()] Received Byte: b'\x1e'
[2025-06-24 17:14:54,333 DEBUG onlogic_m031_manager.py:714 -> _receive_command()] Received Byte: b'\x00'
[2025-06-24 17:14:54,333 DEBUG onlogic_m031_manager.py:714 -> _receive_command()] Received Byte: b'\x00'
[2025-06-24 17:14:54,334 DEBUG onlogic_m031_manager.py:714 -> _receive_command()] Received Byte: b'\x00'
[2025-06-24 17:14:54,334 DEBUG onlogic_m031_manager.py:714 -> _receive_command()] Received Byte: b'\x00'
[2025-06-24 17:14:54,335 DEBUG onlogic_m031_manager.py:714 -> _receive_command()] Received Byte: b'\x00'
[2025-06-24 17:14:54,335 DEBUG onlogic_m031_manager.py:714 -> _receive_command()] Received Byte: b'\x00'
[2025-06-24 17:14:54,335 DEBUG onlogic_m031_manager.py:714 -> _receive_command()] Received Byte: b'\x00'
[2025-06-24 17:14:54,336 DEBUG onlogic_m031_manager.py:714 -> _receive_command()] Received Byte: b'\x07'
[2025-06-24 17:14:54,336 INFO onlogic_m031_manager.py:738 -> _receive_command()] Received Command List [b'\x01', b'\\', b'\x08', b'\x0e', b'\x1e', b'\x00', b'\x00', b'\x00', b'\x00', b'\x00', b'\x00', b'\x00', b'\x07']
[2025-06-24 17:14:54,431 DEBUG automotive_handler.py:511 -> get_hard_off_timer()] Recieved Command Bytes: b'\x01\\\x08\x0e\x1e\x00\x00\x00\x00\x00\x00\x00\x07'
[2025-06-24 17:14:54,431 DEBUG onlogic_m031_manager.py:425 -> _check_crc()] CALCULATED 92 : EXISTING 92
[2025-06-24 17:14:54,431 DEBUG onlogic_m031_manager.py:456 -> _within_valid_range()] Indices to check [4, 5, 6, 7, 8, 9, 10, 11]
[2025-06-24 17:14:54,431 DEBUG onlogic_m031_manager.py:523 -> _validate_recieved_frame()] Validated frame successfully: b'\x01\\\x08\x0e\x1e\x00\x00\x00\x00\x00\x00\x00\x07'
[2025-06-24 17:14:54,587 DEBUG onlogic_m031_manager.py:660 -> _send_command()] Length of Command to send: 4
[2025-06-24 17:14:54,587 DEBUG onlogic_m031_manager.py:665 -> _send_command()] Sending 1 | b'\x01'
[2025-06-24 17:14:54,588 DEBUG onlogic_m031_manager.py:665 -> _send_command()] Sending 126 | b'~'
[2025-06-24 17:14:54,589 DEBUG onlogic_m031_manager.py:665 -> _send_command()] Sending 0 | b'\x00'
[2025-06-24 17:14:54,589 DEBUG onlogic_m031_manager.py:665 -> _send_command()] Sending 18 | b'\x12'
[2025-06-24 17:14:54,590 DEBUG onlogic_m031_manager.py:714 -> _receive_command()] Received Byte: b'\x01'
[2025-06-24 17:14:54,591 DEBUG onlogic_m031_manager.py:714 -> _receive_command()] Received Byte: b'\xc9'
[2025-06-24 17:14:54,591 DEBUG onlogic_m031_manager.py:714 -> _receive_command()] Received Byte: b'\x04'
[2025-06-24 17:14:54,592 DEBUG onlogic_m031_manager.py:714 -> _receive_command()] Received Byte: b'\x12'
[2025-06-24 17:14:54,592 DEBUG onlogic_m031_manager.py:719 -> _receive_command()] Validating Partial Frame [b'\x01', b'\xc9', b'\x04', b'\x12']
[2025-06-24 17:14:54,592 DEBUG onlogic_m031_manager.py:714 -> _receive_command()] Received Byte: b'\x00'
[2025-06-24 17:14:54,592 DEBUG onlogic_m031_manager.py:714 -> _receive_command()] Received Byte: b'\x00'
[2025-06-24 17:14:54,592 DEBUG onlogic_m031_manager.py:714 -> _receive_command()] Received Byte: b'@'
[2025-06-24 17:14:54,593 DEBUG onlogic_m031_manager.py:714 -> _receive_command()] Received Byte: b'A'
[2025-06-24 17:14:54,594 DEBUG onlogic_m031_manager.py:714 -> _receive_command()] Received Byte: b'\x07'
[2025-06-24 17:14:54,594 INFO onlogic_m031_manager.py:738 -> _receive_command()] Received Command List [b'\x01', b'\xc9', b'\x04', b'\x12', b'\x00', b'\x00', b'@', b'A', b'\x07']
[2025-06-24 17:14:54,689 DEBUG automotive_handler.py:685 -> get_shutdown_voltage()] Recieved Command Bytes: b'\x01\xc9\x04\x12\x00\x00@A\x07'
[2025-06-24 17:14:54,689 DEBUG onlogic_m031_manager.py:425 -> _check_crc()] CALCULATED 201 : EXISTING 201
[2025-06-24 17:14:54,689 DEBUG onlogic_m031_manager.py:456 -> _within_valid_range()] Indices to check [4, 5, 6, 7]
[2025-06-24 17:14:54,689 DEBUG onlogic_m031_manager.py:523 -> _validate_recieved_frame()] Validated frame successfully: b'\x01\xc9\x04\x12\x00\x00@A\x07'
[2025-06-24 17:14:54,846 INFO onlogic_m031_manager.py:596 -> release()] Serial Port Successfully Released
