[2025-04-30 21:04:43,009 INFO LoggingUtil.py:72 -> _create_logger()] Logger Initialized...
[2025-04-30 21:04:43,012 INFO OnLogicNuvotonManager.py:104 -> _get_cdc_device_port()] NOTE | DIO CARD FOUND ON:
Port: /dev/ttyACM0 - HX52x USB
Port Location: 3-8:1.0
Hardware ID: USB VID:PID=353F:A105 LOCATION=3-8:1.0
Device: /dev/ttyACM0

[2025-04-30 21:04:43,012 DEBUG OnLogicNuvotonManager.py:152 -> _mcu_connection_check()] b'\x07'
[2025-04-30 21:04:43,017 DEBUG OnLogicNuvotonManager.py:152 -> _mcu_connection_check()] b'\x07'
[2025-04-30 21:04:43,021 DEBUG OnLogicNuvotonManager.py:152 -> _mcu_connection_check()] b'\x07'
[2025-04-30 21:04:43,026 DEBUG OnLogicNuvotonManager.py:152 -> _mcu_connection_check()] b'\x07'
[2025-04-30 21:04:43,030 DEBUG OnLogicNuvotonManager.py:152 -> _mcu_connection_check()] b'\x07'
[2025-04-30 21:04:43,035 INFO OnLogicNuvotonManager.py:158 -> _mcu_connection_check()] Interface Found
[2025-04-30 21:04:43,065 INFO OnLogicNuvotonManager.py:341 -> _construct_command()] Constructed Command b'\x01\t\x00\x03'
[2025-04-30 21:04:43,074 ERROR OnLogicNuvotonManager.py:391 -> _validate_partial_frame()] SOF Value Not Correct
[2025-04-30 21:04:43,074 INFO OnLogicNuvotonManager.py:428 -> _receive_command()] Recieved Command List [b'\x01', b'\xa3', b'\x03', b'\x03', b'\x00', b'\x03', b'\x00', b'\x07', b'\x07']
[2025-04-30 21:04:43,082 DEBUG OnLogicNuvotonManager.py:468 -> get_version()] Recieved Command Bytestr b'\x01\xa3\x03\x03\x00\x03\x00\x07\x07'
[2025-04-30 21:04:43,082 DEBUG OnLogicNuvotonManager.py:235 -> _check_crc()] CALCULATED 117 : EXISTING 163
[2025-04-30 21:04:43,082 ERROR OnLogicNuvotonManager.py:239 -> _check_crc()] CRC MISMATCH
[2025-04-30 21:04:43,082 ERROR OnLogicNuvotonManager.py:281 -> _validate_recieved_frame()] CRC Check fail
[2025-04-30 21:04:43,082 INFO OnLogicNuvotonManager.py:341 -> _construct_command()] Constructed Command b'\x01\xc5\x01 \x00'
[2025-04-30 21:04:43,091 ERROR OnLogicNuvotonManager.py:391 -> _validate_partial_frame()] SOF Value Not Correct
[2025-04-30 21:04:43,091 INFO OnLogicNuvotonManager.py:428 -> _receive_command()] Recieved Command List [b'\x01', b'h', b'\x02', b' ', b'\x00', b'\x01', b'\x07', b'\x07', b'\x07', b'\x07', b'\x07', b'\x07', b'\x07', b'\x07', b'\x07', b'\x07', b'\x07', b'\x07', b'\x07', b'\x07', b'\x07', b'\x07', b'\x07', b'\x07', b'\x07', b'\x07', b'\x07', b'\x07', b'\x07', b'\x07', b'\x07', b'\x07', b'\x07']
[2025-04-30 21:04:43,101 DEBUG DioHandler.py:70 -> get_di()] recieved command bytestr b'\x01h\x02 \x00\x01\x07\x07\x07\x07\x07\x07\x07\x07\x07\x07\x07\x07\x07\x07\x07\x07\x07\x07\x07\x07\x07\x07\x07\x07\x07\x07\x07'
[2025-04-30 21:04:43,101 DEBUG OnLogicNuvotonManager.py:235 -> _check_crc()] CALCULATED 233 : EXISTING 104
[2025-04-30 21:04:43,101 ERROR OnLogicNuvotonManager.py:239 -> _check_crc()] CRC MISMATCH
[2025-04-30 21:04:43,101 ERROR OnLogicNuvotonManager.py:281 -> _validate_recieved_frame()] CRC Check fail
[2025-04-30 21:04:43,101 INFO OnLogicNuvotonManager.py:341 -> _construct_command()] Constructed Command b'\x01\xc2\x01 \x01'
[2025-04-30 21:04:43,112 ERROR OnLogicNuvotonManager.py:391 -> _validate_partial_frame()] SOF Value Not Correct
[2025-04-30 21:04:43,112 INFO OnLogicNuvotonManager.py:428 -> _receive_command()] Recieved Command List [b'\x01', b'}', b'\x02', b' ', b'\x01', b'\x01', b'\x07', b'\x07', b'\x07', b'\x07', b'\x07', b'\x07', b'\x07', b'\x07', b'\x07', b'\x07', b'\x07', b'\x07', b'\x07', b'\x07', b'\x07', b'\x07', b'\x07', b'\x07', b'\x07', b'\x07', b'\x07', b'\x07', b'\x07', b'\x07', b'\x07', b'\x07', b'\x07']
[2025-04-30 21:04:43,120 DEBUG DioHandler.py:70 -> get_di()] recieved command bytestr b'\x01}\x02 \x01\x01\x07\x07\x07\x07\x07\x07\x07\x07\x07\x07\x07\x07\x07\x07\x07\x07\x07\x07\x07\x07\x07\x07\x07\x07\x07\x07\x07'
[2025-04-30 21:04:43,120 DEBUG OnLogicNuvotonManager.py:235 -> _check_crc()] CALCULATED 83 : EXISTING 125
[2025-04-30 21:04:43,121 ERROR OnLogicNuvotonManager.py:239 -> _check_crc()] CRC MISMATCH
[2025-04-30 21:04:43,121 ERROR OnLogicNuvotonManager.py:281 -> _validate_recieved_frame()] CRC Check fail
[2025-04-30 21:04:43,121 INFO OnLogicNuvotonManager.py:341 -> _construct_command()] Constructed Command b'\x01\xcb\x01 \x02'
[2025-04-30 21:04:43,133 ERROR OnLogicNuvotonManager.py:391 -> _validate_partial_frame()] SOF Value Not Correct
[2025-04-30 21:04:43,133 INFO OnLogicNuvotonManager.py:428 -> _receive_command()] Recieved Command List [b'\x01', b'B', b'\x02', b' ', b'\x02', b'\x01', b'\x07', b'\x07', b'\x07', b'\x07', b'\x07', b'\x07', b'\x07', b'\x07', b'\x07', b'\x07', b'\x07', b'\x07', b'\x07', b'\x07', b'\x07', b'\x07', b'\x07', b'\x07', b'\x07', b'\x07', b'\x07', b'\x07', b'\x07', b'\x07', b'\x07', b'\x07', b'\x07']
[2025-04-30 21:04:43,144 DEBUG DioHandler.py:70 -> get_di()] recieved command bytestr b'\x01B\x02 \x02\x01\x07\x07\x07\x07\x07\x07\x07\x07\x07\x07\x07\x07\x07\x07\x07\x07\x07\x07\x07\x07\x07\x07\x07\x07\x07\x07\x07'
[2025-04-30 21:04:43,144 DEBUG OnLogicNuvotonManager.py:235 -> _check_crc()] CALCULATED 154 : EXISTING 66
[2025-04-30 21:04:43,144 ERROR OnLogicNuvotonManager.py:239 -> _check_crc()] CRC MISMATCH
[2025-04-30 21:04:43,144 ERROR OnLogicNuvotonManager.py:281 -> _validate_recieved_frame()] CRC Check fail
[2025-04-30 21:04:43,144 INFO OnLogicNuvotonManager.py:341 -> _construct_command()] Constructed Command b'\x01\xcc\x01 \x03'
[2025-04-30 21:04:43,154 ERROR OnLogicNuvotonManager.py:391 -> _validate_partial_frame()] SOF Value Not Correct
[2025-04-30 21:04:43,154 INFO OnLogicNuvotonManager.py:428 -> _receive_command()] Recieved Command List [b'\x01', b'W', b'\x02', b' ', b'\x03', b'\x01', b'\x07', b'\x07', b'\x07', b'\x07', b'\x07', b'\x07', b'\x07', b'\x07', b'\x07', b'\x07', b'\x07', b'\x07', b'\x07', b'\x07', b'\x07', b'\x07', b'\x07', b'\x07', b'\x07', b'\x07', b'\x07', b'\x07', b'\x07', b'\x07', b'\x07', b'\x07', b'\x07']
[2025-04-30 21:04:43,162 DEBUG DioHandler.py:70 -> get_di()] recieved command bytestr b'\x01W\x02 \x03\x01\x07\x07\x07\x07\x07\x07\x07\x07\x07\x07\x07\x07\x07\x07\x07\x07\x07\x07\x07\x07\x07\x07\x07\x07\x07\x07\x07'
[2025-04-30 21:04:43,163 DEBUG OnLogicNuvotonManager.py:235 -> _check_crc()] CALCULATED 32 : EXISTING 87
[2025-04-30 21:04:43,163 ERROR OnLogicNuvotonManager.py:239 -> _check_crc()] CRC MISMATCH
[2025-04-30 21:04:43,163 ERROR OnLogicNuvotonManager.py:281 -> _validate_recieved_frame()] CRC Check fail
[2025-04-30 21:04:43,163 INFO OnLogicNuvotonManager.py:341 -> _construct_command()] Constructed Command b'\x01\xd9\x01 \x04'
[2025-04-30 21:04:43,172 ERROR OnLogicNuvotonManager.py:391 -> _validate_partial_frame()] SOF Value Not Correct
[2025-04-30 21:04:43,172 INFO OnLogicNuvotonManager.py:428 -> _receive_command()] Recieved Command List [b'\x01', b'<', b'\x02', b' ', b'\x04', b'\x01', b'\x07', b'\x07', b'\x07', b'\x07', b'\x07', b'\x07', b'\x07', b'\x07', b'\x07', b'\x07', b'\x07', b'\x07', b'\x07', b'\x07', b'\x07', b'\x07', b'\x07', b'\x07', b'\x07', b'\x07', b'\x07', b'\x07', b'\x07', b'\x07', b'\x07', b'\x07', b'\x07']
[2025-04-30 21:04:43,180 DEBUG DioHandler.py:70 -> get_di()] recieved command bytestr b'\x01<\x02 \x04\x01\x07\x07\x07\x07\x07\x07\x07\x07\x07\x07\x07\x07\x07\x07\x07\x07\x07\x07\x07\x07\x07\x07\x07\x07\x07\x07\x07'
[2025-04-30 21:04:43,180 DEBUG OnLogicNuvotonManager.py:235 -> _check_crc()] CALCULATED 15 : EXISTING 60
[2025-04-30 21:04:43,180 ERROR OnLogicNuvotonManager.py:239 -> _check_crc()] CRC MISMATCH
[2025-04-30 21:04:43,180 ERROR OnLogicNuvotonManager.py:281 -> _validate_recieved_frame()] CRC Check fail
[2025-04-30 21:04:43,180 INFO OnLogicNuvotonManager.py:341 -> _construct_command()] Constructed Command b'\x01\xde\x01 \x05'
[2025-04-30 21:04:43,190 ERROR OnLogicNuvotonManager.py:391 -> _validate_partial_frame()] SOF Value Not Correct
[2025-04-30 21:04:43,190 INFO OnLogicNuvotonManager.py:428 -> _receive_command()] Recieved Command List [b'\x01', b')', b'\x02', b' ', b'\x05', b'\x01', b'\x07', b'\x07', b'\x07', b'\x07', b'\x07', b'\x07', b'\x07', b'\x07', b'\x07', b'\x07', b'\x07', b'\x07', b'\x07', b'\x07', b'\x07', b'\x07', b'\x07', b'\x07', b'\x07', b'\x07', b'\x07', b'\x07', b'\x07', b'\x07', b'\x07', b'\x07', b'\x07']
[2025-04-30 21:04:43,200 DEBUG DioHandler.py:70 -> get_di()] recieved command bytestr b'\x01)\x02 \x05\x01\x07\x07\x07\x07\x07\x07\x07\x07\x07\x07\x07\x07\x07\x07\x07\x07\x07\x07\x07\x07\x07\x07\x07\x07\x07\x07\x07'
[2025-04-30 21:04:43,200 DEBUG OnLogicNuvotonManager.py:235 -> _check_crc()] CALCULATED 181 : EXISTING 41
[2025-04-30 21:04:43,200 ERROR OnLogicNuvotonManager.py:239 -> _check_crc()] CRC MISMATCH
[2025-04-30 21:04:43,200 ERROR OnLogicNuvotonManager.py:281 -> _validate_recieved_frame()] CRC Check fail
[2025-04-30 21:04:43,200 INFO OnLogicNuvotonManager.py:341 -> _construct_command()] Constructed Command b'\x01\xd7\x01 \x06'
[2025-04-30 21:04:43,209 ERROR OnLogicNuvotonManager.py:391 -> _validate_partial_frame()] SOF Value Not Correct
[2025-04-30 21:04:43,210 INFO OnLogicNuvotonManager.py:428 -> _receive_command()] Recieved Command List [b'\x01', b'\x16', b'\x02', b' ', b'\x06', b'\x01', b'\x07', b'\x07', b'\x07', b'\x07', b'\x07', b'\x07', b'\x07', b'\x07', b'\x07', b'\x07', b'\x07', b'\x07', b'\x07', b'\x07', b'\x07', b'\x07', b'\x07', b'\x07', b'\x07', b'\x07', b'\x07', b'\x07', b'\x07', b'\x07', b'\x07', b'\x07', b'\x07']
[2025-04-30 21:04:43,217 DEBUG DioHandler.py:70 -> get_di()] recieved command bytestr b'\x01\x16\x02 \x06\x01\x07\x07\x07\x07\x07\x07\x07\x07\x07\x07\x07\x07\x07\x07\x07\x07\x07\x07\x07\x07\x07\x07\x07\x07\x07\x07\x07'
[2025-04-30 21:04:43,217 DEBUG OnLogicNuvotonManager.py:235 -> _check_crc()] CALCULATED 124 : EXISTING 22
[2025-04-30 21:04:43,217 ERROR OnLogicNuvotonManager.py:239 -> _check_crc()] CRC MISMATCH
[2025-04-30 21:04:43,217 ERROR OnLogicNuvotonManager.py:281 -> _validate_recieved_frame()] CRC Check fail
[2025-04-30 21:04:43,217 INFO OnLogicNuvotonManager.py:341 -> _construct_command()] Constructed Command b'\x01\xd0\x01 \x07'
[2025-04-30 21:04:43,229 ERROR OnLogicNuvotonManager.py:391 -> _validate_partial_frame()] SOF Value Not Correct
[2025-04-30 21:04:43,229 INFO OnLogicNuvotonManager.py:428 -> _receive_command()] Recieved Command List [b'\x01', b'\x03', b'\x02', b' ', b'\x07', b'\x01', b'\x07', b'\x07', b'\x07', b'\x07', b'\x07', b'\x07', b'\x07', b'\x07', b'\x07', b'\x07', b'\x07', b'\x07', b'\x07', b'\x07', b'\x07', b'\x07', b'\x07', b'\x07', b'\x07', b'\x07', b'\x07', b'\x07', b'\x07', b'\x07', b'\x07', b'\x07', b'\x07']
[2025-04-30 21:04:43,236 DEBUG DioHandler.py:70 -> get_di()] recieved command bytestr b'\x01\x03\x02 \x07\x01\x07\x07\x07\x07\x07\x07\x07\x07\x07\x07\x07\x07\x07\x07\x07\x07\x07\x07\x07\x07\x07\x07\x07\x07\x07\x07\x07'
[2025-04-30 21:04:43,236 DEBUG OnLogicNuvotonManager.py:235 -> _check_crc()] CALCULATED 198 : EXISTING 3
[2025-04-30 21:04:43,236 ERROR OnLogicNuvotonManager.py:239 -> _check_crc()] CRC MISMATCH
[2025-04-30 21:04:43,236 ERROR OnLogicNuvotonManager.py:281 -> _validate_recieved_frame()] CRC Check fail
[2025-04-30 21:04:43,237 INFO OnLogicNuvotonManager.py:341 -> _construct_command()] Constructed Command b'\x01\xef\x01"\x00'
